# JRE version: OpenJDK Runtime Environment (8.0_292-b10) (build 1.8.0_292-8u292-b10-0ubuntu1~16.04.1-b10)
# Java VM: OpenJDK 64-Bit Server VM (25.292-b10 mixed mode linux-amd64 compressed oops)
Heap:
 PSYoungGen      total 528384K, used 9663K [0x000000076de00000, 0x000000078f200000, 0x00000007c0000000)
  eden space 512000K, 0% used [0x000000076de00000,0x000000076de00000,0x000000078d200000)
  from space 16384K, 58% used [0x000000078d200000,0x000000078db6fe10,0x000000078e200000)
  to   space 15872K, 0% used [0x000000078e280000,0x000000078e280000,0x000000078f200000)
 ParOldGen       total 169472K, used 25615K [0x00000006c9a00000, 0x00000006d3f80000, 0x000000076de00000)
  object space 169472K, 15% used [0x00000006c9a00000,0x00000006cb303ff0,0x00000006d3f80000)
 Metaspace       used 11500K, capacity 11536K, committed 11648K, reserved 1060864K
  class space    used 1135K, capacity 1138K, committed 1152K, reserved 1048576K
GC Heap History (10 events):
Event: 1,120 GC heap after
Heap after GC invocations=2 (full 0):
 PSYoungGen      total 138240K, used 10224K [0x000000076de00000, 0x0000000776f00000, 0x00000007c0000000)
  eden space 128000K, 0% used [0x000000076de00000,0x000000076de00000,0x0000000775b00000)
  from space 10240K, 99% used [0x0000000776500000,0x0000000776efc010,0x0000000776f00000)
  to   space 10240K, 0% used [0x0000000775b00000,0x0000000775b00000,0x0000000776500000)
 ParOldGen       total 169472K, used 10435K [0x00000006c9a00000, 0x00000006d3f80000, 0x000000076de00000)
  object space 169472K, 6% used [0x00000006c9a00000,0x00000006ca430f60,0x00000006d3f80000)
 Metaspace       used 10659K, capacity 10704K, committed 10880K, reserved 1058816K
  class space    used 1133K, capacity 1138K, committed 1152K, reserved 1048576K
}
Event: 1,938 GC heap before
{Heap before GC invocations=3 (full 0):
 PSYoungGen      total 138240K, used 138224K [0x000000076de00000, 0x0000000776f00000, 0x00000007c0000000)
  eden space 128000K, 100% used [0x000000076de00000,0x0000000775b00000,0x0000000775b00000)
  from space 10240K, 99% used [0x0000000776500000,0x0000000776efc010,0x0000000776f00000)
  to   space 10240K, 0% used [0x0000000775b00000,0x0000000775b00000,0x0000000776500000)
 ParOldGen       total 169472K, used 10435K [0x00000006c9a00000, 0x00000006d3f80000, 0x000000076de00000)
  object space 169472K, 6% used [0x00000006c9a00000,0x00000006ca430f60,0x00000006d3f80000)
 Metaspace       used 11056K, capacity 11152K, committed 11392K, reserved 1058816K
  class space    used 1135K, capacity 1138K, committed 1152K, reserved 1048576K
Event: 1,951 GC heap after
Heap after GC invocations=3 (full 0):
 PSYoungGen      total 138240K, used 10237K [0x000000076de00000, 0x000000077ec00000, 0x00000007c0000000)
  eden space 128000K, 0% used [0x000000076de00000,0x000000076de00000,0x0000000775b00000)
  from space 10240K, 99% used [0x0000000775b00000,0x00000007764ff618,0x0000000776500000)
  to   space 10240K, 0% used [0x000000077e200000,0x000000077e200000,0x000000077ec00000)
 ParOldGen       total 169472K, used 12211K [0x00000006c9a00000, 0x00000006d3f80000, 0x000000076de00000)
  object space 169472K, 7% used [0x00000006c9a00000,0x00000006ca5ecd78,0x00000006d3f80000)
 Metaspace       used 11056K, capacity 11152K, committed 11392K, reserved 1058816K
  class space    used 1135K, capacity 1138K, committed 1152K, reserved 1048576K
}
Event: 2,752 GC heap before
{Heap before GC invocations=4 (full 0):
 PSYoungGen      total 138240K, used 138237K [0x000000076de00000, 0x000000077ec00000, 0x00000007c0000000)
  eden space 128000K, 100% used [0x000000076de00000,0x0000000775b00000,0x0000000775b00000)
  from space 10240K, 99% used [0x0000000775b00000,0x00000007764ff618,0x0000000776500000)
  to   space 10240K, 0% used [0x000000077e200000,0x000000077e200000,0x000000077ec00000)
 ParOldGen       total 169472K, used 12211K [0x00000006c9a00000, 0x00000006d3f80000, 0x000000076de00000)
  object space 169472K, 7% used [0x00000006c9a00000,0x00000006ca5ecd78,0x00000006d3f80000)
 Metaspace       used 11316K, capacity 11408K, committed 11648K, reserved 1060864K
  class space    used 1135K, capacity 1138K, committed 1152K, reserved 1048576K
Event: 2,763 GC heap after
Heap after GC invocations=4 (full 0):
 PSYoungGen      total 266240K, used 10237K [0x000000076de00000, 0x000000077ec00000, 0x00000007c0000000)
  eden space 256000K, 0% used [0x000000076de00000,0x000000076de00000,0x000000077d800000)
  from space 10240K, 99% used [0x000000077e200000,0x000000077ebff618,0x000000077ec00000)
  to   space 10240K, 0% used [0x000000077d800000,0x000000077d800000,0x000000077e200000)
 ParOldGen       total 169472K, used 16325K [0x00000006c9a00000, 0x00000006d3f80000, 0x000000076de00000)
  object space 169472K, 9% used [0x00000006c9a00000,0x00000006ca9f14a0,0x00000006d3f80000)
 Metaspace       used 11316K, capacity 11408K, committed 11648K, reserved 1060864K
  class space    used 1135K, capacity 1138K, committed 1152K, reserved 1048576K
}
Event: 3,309 GC heap before
{Heap before GC invocations=5 (full 0):
 PSYoungGen      total 266240K, used 266237K [0x000000076de00000, 0x000000077ec00000, 0x00000007c0000000)
  eden space 256000K, 100% used [0x000000076de00000,0x000000077d800000,0x000000077d800000)
  from space 10240K, 99% used [0x000000077e200000,0x000000077ebff618,0x000000077ec00000)
  to   space 10240K, 0% used [0x000000077d800000,0x000000077d800000,0x000000077e200000)
 ParOldGen       total 169472K, used 16325K [0x00000006c9a00000, 0x00000006d3f80000, 0x000000076de00000)
  object space 169472K, 9% used [0x00000006c9a00000,0x00000006ca9f14a0,0x00000006d3f80000)
 Metaspace       used 11392K, capacity 11472K, committed 11648K, reserved 1060864K
  class space    used 1135K, capacity 1138K, committed 1152K, reserved 1048576K
Event: 3,325 GC heap after
Heap after GC invocations=5 (full 0):
 PSYoungGen      total 266240K, used 10235K [0x000000076de00000, 0x000000078f300000, 0x00000007c0000000)
  eden space 256000K, 0% used [0x000000076de00000,0x000000076de00000,0x000000077d800000)
  from space 10240K, 99% used [0x000000077d800000,0x000000077e1fec30,0x000000077e200000)
  to   space 16896K, 0% used [0x000000078e280000,0x000000078e280000,0x000000078f300000)
 ParOldGen       total 169472K, used 17845K [0x00000006c9a00000, 0x00000006d3f80000, 0x000000076de00000)
  object space 169472K, 10% used [0x00000006c9a00000,0x00000006cab6d7d8,0x00000006d3f80000)
 Metaspace       used 11392K, capacity 11472K, committed 11648K, reserved 1060864K
  class space    used 1135K, capacity 1138K, committed 1152K, reserved 1048576K
}
Event: 3,739 GC heap before
{Heap before GC invocations=6 (full 0):
 PSYoungGen      total 266240K, used 266235K [0x000000076de00000, 0x000000078f300000, 0x00000007c0000000)
  eden space 256000K, 100% used [0x000000076de00000,0x000000077d800000,0x000000077d800000)
  from space 10240K, 99% used [0x000000077d800000,0x000000077e1fec30,0x000000077e200000)
  to   space 16896K, 0% used [0x000000078e280000,0x000000078e280000,0x000000078f300000)
 ParOldGen       total 169472K, used 17845K [0x00000006c9a00000, 0x00000006d3f80000, 0x000000076de00000)
  object space 169472K, 10% used [0x00000006c9a00000,0x00000006cab6d7d8,0x00000006d3f80000)
 Metaspace       used 11467K, capacity 11536K, committed 11648K, reserved 1060864K
  class space    used 1135K, capacity 1138K, committed 1152K, reserved 1048576K
Event: 3,755 GC heap after
Heap after GC invocations=6 (full 0):
 PSYoungGen      total 527872K, used 13271K [0x000000076de00000, 0x000000078f200000, 0x00000007c0000000)
  eden space 512000K, 0% used [0x000000076de00000,0x000000076de00000,0x000000078d200000)
  from space 15872K, 83% used [0x000000078e280000,0x000000078ef75e40,0x000000078f200000)
  to   space 16384K, 0% used [0x000000078d200000,0x000000078d200000,0x000000078e200000)
 ParOldGen       total 169472K, used 17845K [0x00000006c9a00000, 0x00000006d3f80000, 0x000000076de00000)
  object space 169472K, 10% used [0x00000006c9a00000,0x00000006cab6d7d8,0x00000006d3f80000)
 Metaspace       used 11467K, capacity 11536K, committed 11648K, reserved 1060864K
  class space    used 1135K, capacity 1138K, committed 1152K, reserved 1048576K
}
Event: 4,754 GC heap before
{Heap before GC invocations=7 (full 0):
 PSYoungGen      total 527872K, used 525271K [0x000000076de00000, 0x000000078f200000, 0x00000007c0000000)
  eden space 512000K, 100% used [0x000000076de00000,0x000000078d200000,0x000000078d200000)
  from space 15872K, 83% used [0x000000078e280000,0x000000078ef75e40,0x000000078f200000)
  to   space 16384K, 0% used [0x000000078d200000,0x000000078d200000,0x000000078e200000)
 ParOldGen       total 169472K, used 17845K [0x00000006c9a00000, 0x00000006d3f80000, 0x000000076de00000)
  object space 169472K, 10% used [0x00000006c9a00000,0x00000006cab6d7d8,0x00000006d3f80000)
 Metaspace       used 11500K, capacity 11536K, committed 11648K, reserved 1060864K
  class space    used 1135K, capacity 1138K, committed 1152K, reserved 1048576K

