# JRE version: OpenJDK Runtime Environment (8.0_292-b10) (build 1.8.0_292-8u292-b10-0ubuntu1~16.04.1-b10)
# Java VM: OpenJDK 64-Bit Server VM (25.292-b10 mixed mode linux-amd64 compressed oops)
Heap:
 PSYoungGen      total 530432K, used 8065K [0x000000076de00000, 0x000000078f600000, 0x00000007c0000000)
  eden space 512000K, 0% used [0x000000076de00000,0x000000076de00000,0x000000078d200000)
  from space 18432K, 43% used [0x000000078d200000,0x000000078d9e0710,0x000000078e400000)
  to   space 17920K, 0% used [0x000000078e480000,0x000000078e480000,0x000000078f600000)
 ParOldGen       total 169472K, used 25031K [0x00000006c9a00000, 0x00000006d3f80000, 0x000000076de00000)
  object space 169472K, 14% used [0x00000006c9a00000,0x00000006cb271d70,0x00000006d3f80000)
 Metaspace       used 11208K, capacity 11280K, committed 11392K, reserved 1058816K
  class space    used 1132K, capacity 1138K, committed 1152K, reserved 1048576K
GC Heap History (10 events):
Event: 0,877 GC heap after
Heap after GC invocations=2 (full 0):
 PSYoungGen      total 138240K, used 10240K [0x000000076de00000, 0x0000000776f00000, 0x00000007c0000000)
  eden space 128000K, 0% used [0x000000076de00000,0x000000076de00000,0x0000000775b00000)
  from space 10240K, 100% used [0x0000000776500000,0x0000000776f00000,0x0000000776f00000)
  to   space 10240K, 0% used [0x0000000775b00000,0x0000000775b00000,0x0000000776500000)
 ParOldGen       total 169472K, used 9249K [0x00000006c9a00000, 0x00000006d3f80000, 0x000000076de00000)
  object space 169472K, 5% used [0x00000006c9a00000,0x00000006ca3086f0,0x00000006d3f80000)
 Metaspace       used 8752K, capacity 8848K, committed 8960K, reserved 1056768K
  class space    used 929K, capacity 946K, committed 1024K, reserved 1048576K
}
Event: 1,177 GC heap before
{Heap before GC invocations=3 (full 0):
 PSYoungGen      total 138240K, used 138240K [0x000000076de00000, 0x0000000776f00000, 0x00000007c0000000)
  eden space 128000K, 100% used [0x000000076de00000,0x0000000775b00000,0x0000000775b00000)
  from space 10240K, 100% used [0x0000000776500000,0x0000000776f00000,0x0000000776f00000)
  to   space 10240K, 0% used [0x0000000775b00000,0x0000000775b00000,0x0000000776500000)
 ParOldGen       total 169472K, used 9249K [0x00000006c9a00000, 0x00000006d3f80000, 0x000000076de00000)
  object space 169472K, 5% used [0x00000006c9a00000,0x00000006ca3086f0,0x00000006d3f80000)
 Metaspace       used 9528K, capacity 9616K, committed 9728K, reserved 1058816K
  class space    used 980K, capacity 1010K, committed 1024K, reserved 1048576K
Event: 1,191 GC heap after
Heap after GC invocations=3 (full 0):
 PSYoungGen      total 138240K, used 10227K [0x000000076de00000, 0x000000077ec00000, 0x00000007c0000000)
  eden space 128000K, 0% used [0x000000076de00000,0x000000076de00000,0x0000000775b00000)
  from space 10240K, 99% used [0x0000000775b00000,0x00000007764fcf08,0x0000000776500000)
  to   space 10240K, 0% used [0x000000077e200000,0x000000077e200000,0x000000077ec00000)
 ParOldGen       total 169472K, used 12345K [0x00000006c9a00000, 0x00000006d3f80000, 0x000000076de00000)
  object space 169472K, 7% used [0x00000006c9a00000,0x00000006ca60e570,0x00000006d3f80000)
 Metaspace       used 9528K, capacity 9616K, committed 9728K, reserved 1058816K
  class space    used 980K, capacity 1010K, committed 1024K, reserved 1048576K
}
Event: 1,878 GC heap before
{Heap before GC invocations=4 (full 0):
 PSYoungGen      total 138240K, used 138227K [0x000000076de00000, 0x000000077ec00000, 0x00000007c0000000)
  eden space 128000K, 100% used [0x000000076de00000,0x0000000775b00000,0x0000000775b00000)
  from space 10240K, 99% used [0x0000000775b00000,0x00000007764fcf08,0x0000000776500000)
  to   space 10240K, 0% used [0x000000077e200000,0x000000077e200000,0x000000077ec00000)
 ParOldGen       total 169472K, used 12345K [0x00000006c9a00000, 0x00000006d3f80000, 0x000000076de00000)
  object space 169472K, 7% used [0x00000006c9a00000,0x00000006ca60e570,0x00000006d3f80000)
 Metaspace       used 10953K, capacity 11024K, committed 11136K, reserved 1058816K
  class space    used 1125K, capacity 1138K, committed 1152K, reserved 1048576K
Event: 1,895 GC heap after
Heap after GC invocations=4 (full 0):
 PSYoungGen      total 266240K, used 10226K [0x000000076de00000, 0x000000077ec00000, 0x00000007c0000000)
  eden space 256000K, 0% used [0x000000076de00000,0x000000076de00000,0x000000077d800000)
  from space 10240K, 99% used [0x000000077e200000,0x000000077ebfcbe8,0x000000077ec00000)
  to   space 10240K, 0% used [0x000000077d800000,0x000000077d800000,0x000000077e200000)
 ParOldGen       total 169472K, used 17339K [0x00000006c9a00000, 0x00000006d3f80000, 0x000000076de00000)
  object space 169472K, 10% used [0x00000006c9a00000,0x00000006caaeefa0,0x00000006d3f80000)
 Metaspace       used 10953K, capacity 11024K, committed 11136K, reserved 1058816K
  class space    used 1125K, capacity 1138K, committed 1152K, reserved 1048576K
}
Event: 2,584 GC heap before
{Heap before GC invocations=5 (full 0):
 PSYoungGen      total 266240K, used 266226K [0x000000076de00000, 0x000000077ec00000, 0x00000007c0000000)
  eden space 256000K, 100% used [0x000000076de00000,0x000000077d800000,0x000000077d800000)
  from space 10240K, 99% used [0x000000077e200000,0x000000077ebfcbe8,0x000000077ec00000)
  to   space 10240K, 0% used [0x000000077d800000,0x000000077d800000,0x000000077e200000)
 ParOldGen       total 169472K, used 17339K [0x00000006c9a00000, 0x00000006d3f80000, 0x000000076de00000)
  object space 169472K, 10% used [0x00000006c9a00000,0x00000006caaeefa0,0x00000006d3f80000)
 Metaspace       used 11171K, capacity 11280K, committed 11392K, reserved 1058816K
  class space    used 1132K, capacity 1138K, committed 1152K, reserved 1048576K
Event: 2,594 GC heap after
Heap after GC invocations=5 (full 0):
 PSYoungGen      total 266240K, used 10216K [0x000000076de00000, 0x000000078f700000, 0x00000007c0000000)
  eden space 256000K, 0% used [0x000000076de00000,0x000000076de00000,0x000000077d800000)
  from space 10240K, 99% used [0x000000077d800000,0x000000077e1fa388,0x000000077e200000)
  to   space 18944K, 0% used [0x000000078e480000,0x000000078e480000,0x000000078f700000)
 ParOldGen       total 169472K, used 18481K [0x00000006c9a00000, 0x00000006d3f80000, 0x000000076de00000)
  object space 169472K, 10% used [0x00000006c9a00000,0x00000006cac0c4d8,0x00000006d3f80000)
 Metaspace       used 11171K, capacity 11280K, committed 11392K, reserved 1058816K
  class space    used 1132K, capacity 1138K, committed 1152K, reserved 1048576K
}
Event: 2,898 GC heap before
{Heap before GC invocations=6 (full 0):
 PSYoungGen      total 266240K, used 266216K [0x000000076de00000, 0x000000078f700000, 0x00000007c0000000)
  eden space 256000K, 100% used [0x000000076de00000,0x000000077d800000,0x000000077d800000)
  from space 10240K, 99% used [0x000000077d800000,0x000000077e1fa388,0x000000077e200000)
  to   space 18944K, 0% used [0x000000078e480000,0x000000078e480000,0x000000078f700000)
 ParOldGen       total 169472K, used 18481K [0x00000006c9a00000, 0x00000006d3f80000, 0x000000076de00000)
  object space 169472K, 10% used [0x00000006c9a00000,0x00000006cac0c4d8,0x00000006d3f80000)
 Metaspace       used 11199K, capacity 11280K, committed 11392K, reserved 1058816K
  class space    used 1132K, capacity 1138K, committed 1152K, reserved 1048576K
Event: 2,913 GC heap after
Heap after GC invocations=6 (full 0):
 PSYoungGen      total 529920K, used 11928K [0x000000076de00000, 0x000000078f600000, 0x00000007c0000000)
  eden space 512000K, 0% used [0x000000076de00000,0x000000076de00000,0x000000078d200000)
  from space 17920K, 66% used [0x000000078e480000,0x000000078f0260d0,0x000000078f600000)
  to   space 18432K, 0% used [0x000000078d200000,0x000000078d200000,0x000000078e400000)
 ParOldGen       total 169472K, used 18481K [0x00000006c9a00000, 0x00000006d3f80000, 0x000000076de00000)
  object space 169472K, 10% used [0x00000006c9a00000,0x00000006cac0c4d8,0x00000006d3f80000)
 Metaspace       used 11199K, capacity 11280K, committed 11392K, reserved 1058816K
  class space    used 1132K, capacity 1138K, committed 1152K, reserved 1048576K
}
Event: 3,838 GC heap before
{Heap before GC invocations=7 (full 0):
 PSYoungGen      total 529920K, used 523928K [0x000000076de00000, 0x000000078f600000, 0x00000007c0000000)
  eden space 512000K, 100% used [0x000000076de00000,0x000000078d200000,0x000000078d200000)
  from space 17920K, 66% used [0x000000078e480000,0x000000078f0260d0,0x000000078f600000)
  to   space 18432K, 0% used [0x000000078d200000,0x000000078d200000,0x000000078e400000)
 ParOldGen       total 169472K, used 18481K [0x00000006c9a00000, 0x00000006d3f80000, 0x000000076de00000)
  object space 169472K, 10% used [0x00000006c9a00000,0x00000006cac0c4d8,0x00000006d3f80000)
 Metaspace       used 11208K, capacity 11280K, committed 11392K, reserved 1058816K
  class space    used 1132K, capacity 1138K, committed 1152K, reserved 1048576K

