# JRE version: OpenJDK Runtime Environment (8.0_292-b10) (build 1.8.0_292-8u292-b10-0ubuntu1~16.04.1-b10)
# Java VM: OpenJDK 64-Bit Server VM (25.292-b10 mixed mode linux-amd64 compressed oops)
Heap:
 PSYoungGen      total 266240K, used 10236K [0x000000076de00000, 0x000000077ec00000, 0x00000007c0000000)
  eden space 256000K, 0% used [0x000000076de00000,0x000000076de00000,0x000000077d800000)
  from space 10240K, 99% used [0x000000077d800000,0x000000077e1ff1c0,0x000000077e200000)
  to   space 10240K, 0% used [0x000000077e200000,0x000000077e200000,0x000000077ec00000)
 ParOldGen       total 169472K, used 29054K [0x00000006c9a00000, 0x00000006d3f80000, 0x000000076de00000)
  object space 169472K, 17% used [0x00000006c9a00000,0x00000006cb65fb90,0x00000006d3f80000)
 Metaspace       used 11597K, capacity 11696K, committed 12032K, reserved 1060864K
  class space    used 1143K, capacity 1170K, committed 1280K, reserved 1048576K
GC Heap History (9 events):
Event: 1,082 GC heap before
{Heap before GC invocations=1 (full 0):
 PSYoungGen      total 74240K, used 64000K [0x000000076de00000, 0x0000000773080000, 0x00000007c0000000)
  eden space 64000K, 100% used [0x000000076de00000,0x0000000771c80000,0x0000000771c80000)
  from space 10240K, 0% used [0x0000000772680000,0x0000000772680000,0x0000000773080000)
  to   space 10240K, 0% used [0x0000000771c80000,0x0000000771c80000,0x0000000772680000)
 ParOldGen       total 169472K, used 0K [0x00000006c9a00000, 0x00000006d3f80000, 0x000000076de00000)
  object space 169472K, 0% used [0x00000006c9a00000,0x00000006c9a00000,0x00000006d3f80000)
 Metaspace       used 8155K, capacity 8272K, committed 8448K, reserved 1056768K
  class space    used 911K, capacity 946K, committed 1024K, reserved 1048576K
Event: 1,145 GC heap after
Heap after GC invocations=1 (full 0):
 PSYoungGen      total 74240K, used 10235K [0x000000076de00000, 0x0000000776f00000, 0x00000007c0000000)
  eden space 64000K, 0% used [0x000000076de00000,0x000000076de00000,0x0000000771c80000)
  from space 10240K, 99% used [0x0000000771c80000,0x000000077267ed08,0x0000000772680000)
  to   space 10240K, 0% used [0x0000000776500000,0x0000000776500000,0x0000000776f00000)
 ParOldGen       total 169472K, used 8858K [0x00000006c9a00000, 0x00000006d3f80000, 0x000000076de00000)
  object space 169472K, 5% used [0x00000006c9a00000,0x00000006ca2a6898,0x00000006d3f80000)
 Metaspace       used 8155K, capacity 8272K, committed 8448K, reserved 1056768K
  class space    used 911K, capacity 946K, committed 1024K, reserved 1048576K
}
Event: 1,870 GC heap before
{Heap before GC invocations=2 (full 0):
 PSYoungGen      total 74240K, used 74235K [0x000000076de00000, 0x0000000776f00000, 0x00000007c0000000)
  eden space 64000K, 100% used [0x000000076de00000,0x0000000771c80000,0x0000000771c80000)
  from space 10240K, 99% used [0x0000000771c80000,0x000000077267ed08,0x0000000772680000)
  to   space 10240K, 0% used [0x0000000776500000,0x0000000776500000,0x0000000776f00000)
 ParOldGen       total 169472K, used 8858K [0x00000006c9a00000, 0x00000006d3f80000, 0x000000076de00000)
  object space 169472K, 5% used [0x00000006c9a00000,0x00000006ca2a6898,0x00000006d3f80000)
 Metaspace       used 9355K, capacity 9424K, committed 9472K, reserved 1058816K
  class space    used 978K, capacity 1010K, committed 1024K, reserved 1048576K
Event: 1,912 GC heap after
Heap after GC invocations=2 (full 0):
 PSYoungGen      total 138240K, used 10237K [0x000000076de00000, 0x0000000776f00000, 0x00000007c0000000)
  eden space 128000K, 0% used [0x000000076de00000,0x000000076de00000,0x0000000775b00000)
  from space 10240K, 99% used [0x0000000776500000,0x0000000776eff420,0x0000000776f00000)
  to   space 10240K, 0% used [0x0000000775b00000,0x0000000775b00000,0x0000000776500000)
 ParOldGen       total 169472K, used 12804K [0x00000006c9a00000, 0x00000006d3f80000, 0x000000076de00000)
  object space 169472K, 7% used [0x00000006c9a00000,0x00000006ca681070,0x00000006d3f80000)
 Metaspace       used 9355K, capacity 9424K, committed 9472K, reserved 1058816K
  class space    used 978K, capacity 1010K, committed 1024K, reserved 1048576K
}
Event: 2,905 GC heap before
{Heap before GC invocations=3 (full 0):
 PSYoungGen      total 138240K, used 138237K [0x000000076de00000, 0x0000000776f00000, 0x00000007c0000000)
  eden space 128000K, 100% used [0x000000076de00000,0x0000000775b00000,0x0000000775b00000)
  from space 10240K, 99% used [0x0000000776500000,0x0000000776eff420,0x0000000776f00000)
  to   space 10240K, 0% used [0x0000000775b00000,0x0000000775b00000,0x0000000776500000)
 ParOldGen       total 169472K, used 12804K [0x00000006c9a00000, 0x00000006d3f80000, 0x000000076de00000)
  object space 169472K, 7% used [0x00000006c9a00000,0x00000006ca681070,0x00000006d3f80000)
 Metaspace       used 9796K, capacity 9936K, committed 9984K, reserved 1058816K
  class space    used 987K, capacity 1010K, committed 1024K, reserved 1048576K
Event: 2,946 GC heap after
Heap after GC invocations=3 (full 0):
 PSYoungGen      total 138240K, used 10235K [0x000000076de00000, 0x000000077ec00000, 0x00000007c0000000)
  eden space 128000K, 0% used [0x000000076de00000,0x000000076de00000,0x0000000775b00000)
  from space 10240K, 99% used [0x0000000775b00000,0x00000007764fee30,0x0000000776500000)
  to   space 10240K, 0% used [0x000000077e200000,0x000000077e200000,0x000000077ec00000)
 ParOldGen       total 169472K, used 16989K [0x00000006c9a00000, 0x00000006d3f80000, 0x000000076de00000)
  object space 169472K, 10% used [0x00000006c9a00000,0x00000006caa97418,0x00000006d3f80000)
 Metaspace       used 9796K, capacity 9936K, committed 9984K, reserved 1058816K
  class space    used 987K, capacity 1010K, committed 1024K, reserved 1048576K
}
Event: 3,894 GC heap before
{Heap before GC invocations=4 (full 0):
 PSYoungGen      total 138240K, used 138235K [0x000000076de00000, 0x000000077ec00000, 0x00000007c0000000)
  eden space 128000K, 100% used [0x000000076de00000,0x0000000775b00000,0x0000000775b00000)
  from space 10240K, 99% used [0x0000000775b00000,0x00000007764fee30,0x0000000776500000)
  to   space 10240K, 0% used [0x000000077e200000,0x000000077e200000,0x000000077ec00000)
 ParOldGen       total 169472K, used 16989K [0x00000006c9a00000, 0x00000006d3f80000, 0x000000076de00000)
  object space 169472K, 10% used [0x00000006c9a00000,0x00000006caa97418,0x00000006d3f80000)
 Metaspace       used 11438K, capacity 11504K, committed 11776K, reserved 1060864K
  class space    used 1143K, capacity 1170K, committed 1280K, reserved 1048576K
Event: 3,943 GC heap after
Heap after GC invocations=4 (full 0):
 PSYoungGen      total 266240K, used 10228K [0x000000076de00000, 0x000000077ec00000, 0x00000007c0000000)
  eden space 256000K, 0% used [0x000000076de00000,0x000000076de00000,0x000000077d800000)
  from space 10240K, 99% used [0x000000077e200000,0x000000077ebfd068,0x000000077ec00000)
  to   space 10240K, 0% used [0x000000077d800000,0x000000077d800000,0x000000077e200000)
 ParOldGen       total 169472K, used 22203K [0x00000006c9a00000, 0x00000006d3f80000, 0x000000076de00000)
  object space 169472K, 13% used [0x00000006c9a00000,0x00000006cafaec98,0x00000006d3f80000)
 Metaspace       used 11438K, capacity 11504K, committed 11776K, reserved 1060864K
  class space    used 1143K, capacity 1170K, committed 1280K, reserved 1048576K
}
Event: 6,505 GC heap before
{Heap before GC invocations=5 (full 0):
 PSYoungGen      total 266240K, used 266228K [0x000000076de00000, 0x000000077ec00000, 0x00000007c0000000)
  eden space 256000K, 100% used [0x000000076de00000,0x000000077d800000,0x000000077d800000)
  from space 10240K, 99% used [0x000000077e200000,0x000000077ebfd068,0x000000077ec00000)
  to   space 10240K, 0% used [0x000000077d800000,0x000000077d800000,0x000000077e200000)
 ParOldGen       total 169472K, used 22203K [0x00000006c9a00000, 0x00000006d3f80000, 0x000000076de00000)
  object space 169472K, 13% used [0x00000006c9a00000,0x00000006cafaec98,0x00000006d3f80000)
 Metaspace       used 11597K, capacity 11696K, committed 12032K, reserved 1060864K
  class space    used 1143K, capacity 1170K, committed 1280K, reserved 1048576K

