# JRE version: OpenJDK Runtime Environment (8.0_292-b10) (build 1.8.0_292-8u292-b10-0ubuntu1~16.04.1-b10)
# Java VM: OpenJDK 64-Bit Server VM (25.292-b10 mixed mode linux-amd64 compressed oops)
Heap:
 PSYoungGen      total 528896K, used 3243K [0x000000076de00000, 0x000000078f400000, 0x00000007c0000000)
  eden space 511488K, 0% used [0x000000076de00000,0x000000076de00000,0x000000078d180000)
  from space 17408K, 18% used [0x000000078d180000,0x000000078d4aafb8,0x000000078e280000)
  to   space 16896K, 0% used [0x000000078e280000,0x000000078e280000,0x000000078f300000)
 ParOldGen       total 169472K, used 26735K [0x00000006c9a00000, 0x00000006d3f80000, 0x000000076de00000)
  object space 169472K, 15% used [0x00000006c9a00000,0x00000006cb41be78,0x00000006d3f80000)
 Metaspace       used 11339K, capacity 11408K, committed 11648K, reserved 1060864K
  class space    used 1135K, capacity 1138K, committed 1152K, reserved 1048576K
GC Heap History (10 events):
Event: 1,222 GC heap after
Heap after GC invocations=2 (full 0):
 PSYoungGen      total 138240K, used 10224K [0x000000076de00000, 0x0000000776f00000, 0x00000007c0000000)
  eden space 128000K, 0% used [0x000000076de00000,0x000000076de00000,0x0000000775b00000)
  from space 10240K, 99% used [0x0000000776500000,0x0000000776efc010,0x0000000776f00000)
  to   space 10240K, 0% used [0x0000000775b00000,0x0000000775b00000,0x0000000776500000)
 ParOldGen       total 169472K, used 10624K [0x00000006c9a00000, 0x00000006d3f80000, 0x000000076de00000)
  object space 169472K, 6% used [0x00000006c9a00000,0x00000006ca460170,0x00000006d3f80000)
 Metaspace       used 10689K, capacity 10704K, committed 10880K, reserved 1058816K
  class space    used 1133K, capacity 1138K, committed 1152K, reserved 1048576K
}
Event: 1,920 GC heap before
{Heap before GC invocations=3 (full 0):
 PSYoungGen      total 138240K, used 138224K [0x000000076de00000, 0x0000000776f00000, 0x00000007c0000000)
  eden space 128000K, 100% used [0x000000076de00000,0x0000000775b00000,0x0000000775b00000)
  from space 10240K, 99% used [0x0000000776500000,0x0000000776efc010,0x0000000776f00000)
  to   space 10240K, 0% used [0x0000000775b00000,0x0000000775b00000,0x0000000776500000)
 ParOldGen       total 169472K, used 10624K [0x00000006c9a00000, 0x00000006d3f80000, 0x000000076de00000)
  object space 169472K, 6% used [0x00000006c9a00000,0x00000006ca460170,0x00000006d3f80000)
 Metaspace       used 11069K, capacity 11152K, committed 11392K, reserved 1058816K
  class space    used 1135K, capacity 1138K, committed 1152K, reserved 1048576K
Event: 1,935 GC heap after
Heap after GC invocations=3 (full 0):
 PSYoungGen      total 138240K, used 10212K [0x000000076de00000, 0x000000077ec00000, 0x00000007c0000000)
  eden space 128000K, 0% used [0x000000076de00000,0x000000076de00000,0x0000000775b00000)
  from space 10240K, 99% used [0x0000000775b00000,0x00000007764f93a8,0x0000000776500000)
  to   space 10240K, 0% used [0x000000077e200000,0x000000077e200000,0x000000077ec00000)
 ParOldGen       total 169472K, used 13963K [0x00000006c9a00000, 0x00000006d3f80000, 0x000000076de00000)
  object space 169472K, 8% used [0x00000006c9a00000,0x00000006ca7a2d58,0x00000006d3f80000)
 Metaspace       used 11069K, capacity 11152K, committed 11392K, reserved 1058816K
  class space    used 1135K, capacity 1138K, committed 1152K, reserved 1048576K
}
Event: 2,315 GC heap before
{Heap before GC invocations=4 (full 0):
 PSYoungGen      total 138240K, used 138212K [0x000000076de00000, 0x000000077ec00000, 0x00000007c0000000)
  eden space 128000K, 100% used [0x000000076de00000,0x0000000775b00000,0x0000000775b00000)
  from space 10240K, 99% used [0x0000000775b00000,0x00000007764f93a8,0x0000000776500000)
  to   space 10240K, 0% used [0x000000077e200000,0x000000077e200000,0x000000077ec00000)
 ParOldGen       total 169472K, used 13963K [0x00000006c9a00000, 0x00000006d3f80000, 0x000000076de00000)
  object space 169472K, 8% used [0x00000006c9a00000,0x00000006ca7a2d58,0x00000006d3f80000)
 Metaspace       used 11282K, capacity 11344K, committed 11392K, reserved 1058816K
  class space    used 1135K, capacity 1138K, committed 1152K, reserved 1048576K
Event: 2,332 GC heap after
Heap after GC invocations=4 (full 0):
 PSYoungGen      total 266240K, used 10232K [0x000000076de00000, 0x000000077ec00000, 0x00000007c0000000)
  eden space 256000K, 0% used [0x000000076de00000,0x000000076de00000,0x000000077d800000)
  from space 10240K, 99% used [0x000000077e200000,0x000000077ebfe248,0x000000077ec00000)
  to   space 10240K, 0% used [0x000000077d800000,0x000000077d800000,0x000000077e200000)
 ParOldGen       total 169472K, used 15827K [0x00000006c9a00000, 0x00000006d3f80000, 0x000000076de00000)
  object space 169472K, 9% used [0x00000006c9a00000,0x00000006ca974f58,0x00000006d3f80000)
 Metaspace       used 11282K, capacity 11344K, committed 11392K, reserved 1058816K
  class space    used 1135K, capacity 1138K, committed 1152K, reserved 1048576K
}
Event: 3,540 GC heap before
{Heap before GC invocations=5 (full 0):
 PSYoungGen      total 266240K, used 266232K [0x000000076de00000, 0x000000077ec00000, 0x00000007c0000000)
  eden space 256000K, 100% used [0x000000076de00000,0x000000077d800000,0x000000077d800000)
  from space 10240K, 99% used [0x000000077e200000,0x000000077ebfe248,0x000000077ec00000)
  to   space 10240K, 0% used [0x000000077d800000,0x000000077d800000,0x000000077e200000)
 ParOldGen       total 169472K, used 15827K [0x00000006c9a00000, 0x00000006d3f80000, 0x000000076de00000)
  object space 169472K, 9% used [0x00000006c9a00000,0x00000006ca974f58,0x00000006d3f80000)
 Metaspace       used 11300K, capacity 11344K, committed 11392K, reserved 1058816K
  class space    used 1135K, capacity 1138K, committed 1152K, reserved 1048576K
Event: 3,551 GC heap after
Heap after GC invocations=5 (full 0):
 PSYoungGen      total 266240K, used 10210K [0x000000076de00000, 0x000000078f300000, 0x00000007c0000000)
  eden space 256000K, 0% used [0x000000076de00000,0x000000076de00000,0x000000077d800000)
  from space 10240K, 99% used [0x000000077d800000,0x000000077e1f8998,0x000000077e200000)
  to   space 16896K, 0% used [0x000000078e280000,0x000000078e280000,0x000000078f300000)
 ParOldGen       total 169472K, used 19252K [0x00000006c9a00000, 0x00000006d3f80000, 0x000000076de00000)
  object space 169472K, 11% used [0x00000006c9a00000,0x00000006caccd2e8,0x00000006d3f80000)
 Metaspace       used 11300K, capacity 11344K, committed 11392K, reserved 1058816K
  class space    used 1135K, capacity 1138K, committed 1152K, reserved 1048576K
}
Event: 3,777 GC heap before
{Heap before GC invocations=6 (full 0):
 PSYoungGen      total 266240K, used 266210K [0x000000076de00000, 0x000000078f300000, 0x00000007c0000000)
  eden space 256000K, 100% used [0x000000076de00000,0x000000077d800000,0x000000077d800000)
  from space 10240K, 99% used [0x000000077d800000,0x000000077e1f8998,0x000000077e200000)
  to   space 16896K, 0% used [0x000000078e280000,0x000000078e280000,0x000000078f300000)
 ParOldGen       total 169472K, used 19252K [0x00000006c9a00000, 0x00000006d3f80000, 0x000000076de00000)
  object space 169472K, 11% used [0x00000006c9a00000,0x00000006caccd2e8,0x00000006d3f80000)
 Metaspace       used 11300K, capacity 11344K, committed 11392K, reserved 1058816K
  class space    used 1135K, capacity 1138K, committed 1152K, reserved 1048576K
Event: 3,788 GC heap after
Heap after GC invocations=6 (full 0):
 PSYoungGen      total 528384K, used 10306K [0x000000076de00000, 0x000000078f400000, 0x00000007c0000000)
  eden space 511488K, 0% used [0x000000076de00000,0x000000076de00000,0x000000078d180000)
  from space 16896K, 60% used [0x000000078e280000,0x000000078ec90998,0x000000078f300000)
  to   space 17408K, 0% used [0x000000078d180000,0x000000078d180000,0x000000078e280000)
 ParOldGen       total 169472K, used 19252K [0x00000006c9a00000, 0x00000006d3f80000, 0x000000076de00000)
  object space 169472K, 11% used [0x00000006c9a00000,0x00000006caccd2e8,0x00000006d3f80000)
 Metaspace       used 11300K, capacity 11344K, committed 11392K, reserved 1058816K
  class space    used 1135K, capacity 1138K, committed 1152K, reserved 1048576K
}
Event: 5,681 GC heap before
{Heap before GC invocations=7 (full 0):
 PSYoungGen      total 528384K, used 521794K [0x000000076de00000, 0x000000078f400000, 0x00000007c0000000)
  eden space 511488K, 100% used [0x000000076de00000,0x000000078d180000,0x000000078d180000)
  from space 16896K, 60% used [0x000000078e280000,0x000000078ec90998,0x000000078f300000)
  to   space 17408K, 0% used [0x000000078d180000,0x000000078d180000,0x000000078e280000)
 ParOldGen       total 169472K, used 19252K [0x00000006c9a00000, 0x00000006d3f80000, 0x000000076de00000)
  object space 169472K, 11% used [0x00000006c9a00000,0x00000006caccd2e8,0x00000006d3f80000)
 Metaspace       used 11339K, capacity 11408K, committed 11648K, reserved 1060864K
  class space    used 1135K, capacity 1138K, committed 1152K, reserved 1048576K

