# JRE version: OpenJDK Runtime Environment (8.0_292-b10) (build 1.8.0_292-8u292-b10-0ubuntu1~16.04.1-b10)
# Java VM: OpenJDK 64-Bit Server VM (25.292-b10 mixed mode linux-amd64 compressed oops)
Heap:
 PSYoungGen      total 903168K, used 83317K [0x000000076de00000, 0x00000007c0000000, 0x00000007c0000000)
  eden space 487936K, 0% used [0x000000076de00000,0x000000076de00000,0x000000078ba80000)
  from space 415232K, 20% used [0x00000007a5780000,0x00000007aa8dd450,0x00000007bed00000)
  to   space 422912K, 0% used [0x000000078ba80000,0x000000078ba80000,0x00000007a5780000)
 ParOldGen       total 312832K, used 312498K [0x00000006c9a00000, 0x00000006dcb80000, 0x000000076de00000)
  object space 312832K, 99% used [0x00000006c9a00000,0x00000006dcb2c9a8,0x00000006dcb80000)
 Metaspace       used 10404K, capacity 10524K, committed 10752K, reserved 1058816K
  class space    used 1134K, capacity 1168K, committed 1280K, reserved 1048576K
GC Heap History (10 events):
Event: 41,038 GC heap after
Heap after GC invocations=23 (full 1):
 PSYoungGen      total 778240K, used 264865K [0x000000076de00000, 0x00000007b6480000, 0x00000007c0000000)
  eden space 456192K, 0% used [0x000000076de00000,0x000000076de00000,0x0000000789b80000)
  from space 322048K, 82% used [0x000000079f200000,0x00000007af4a84b8,0x00000007b2c80000)
  to   space 350720K, 0% used [0x0000000789b80000,0x0000000789b80000,0x000000079f200000)
 ParOldGen       total 312832K, used 223532K [0x00000006c9a00000, 0x00000006dcb80000, 0x000000076de00000)
  object space 312832K, 71% used [0x00000006c9a00000,0x00000006d744b158,0x00000006dcb80000)
 Metaspace       used 9306K, capacity 9660K, committed 9984K, reserved 1058816K
  class space    used 939K, capacity 944K, committed 1024K, reserved 1048576K
}
Event: 43,481 GC heap before
{Heap before GC invocations=24 (full 1):
 PSYoungGen      total 778240K, used 721057K [0x000000076de00000, 0x00000007b6480000, 0x00000007c0000000)
  eden space 456192K, 100% used [0x000000076de00000,0x0000000789b80000,0x0000000789b80000)
  from space 322048K, 82% used [0x000000079f200000,0x00000007af4a84b8,0x00000007b2c80000)
  to   space 350720K, 0% used [0x0000000789b80000,0x0000000789b80000,0x000000079f200000)
 ParOldGen       total 312832K, used 223532K [0x00000006c9a00000, 0x00000006dcb80000, 0x000000076de00000)
  object space 312832K, 71% used [0x00000006c9a00000,0x00000006d744b158,0x00000006dcb80000)
 Metaspace       used 9306K, capacity 9660K, committed 9984K, reserved 1058816K
  class space    used 939K, capacity 944K, committed 1024K, reserved 1048576K
Event: 43,620 GC heap after
Heap after GC invocations=24 (full 1):
 PSYoungGen      total 806912K, used 272497K [0x000000076de00000, 0x00000007b9900000, 0x00000007c0000000)
  eden space 456192K, 0% used [0x000000076de00000,0x000000076de00000,0x0000000789b80000)
  from space 350720K, 77% used [0x0000000789b80000,0x000000079a59c4a8,0x000000079f200000)
  to   space 375808K, 0% used [0x00000007a2a00000,0x00000007a2a00000,0x00000007b9900000)
 ParOldGen       total 312832K, used 236436K [0x00000006c9a00000, 0x00000006dcb80000, 0x000000076de00000)
  object space 312832K, 75% used [0x00000006c9a00000,0x00000006d80e5158,0x00000006dcb80000)
 Metaspace       used 9306K, capacity 9660K, committed 9984K, reserved 1058816K
  class space    used 939K, capacity 944K, committed 1024K, reserved 1048576K
}
Event: 45,951 GC heap before
{Heap before GC invocations=25 (full 1):
 PSYoungGen      total 806912K, used 728689K [0x000000076de00000, 0x00000007b9900000, 0x00000007c0000000)
  eden space 456192K, 100% used [0x000000076de00000,0x0000000789b80000,0x0000000789b80000)
  from space 350720K, 77% used [0x0000000789b80000,0x000000079a59c4a8,0x000000079f200000)
  to   space 375808K, 0% used [0x00000007a2a00000,0x00000007a2a00000,0x00000007b9900000)
 ParOldGen       total 312832K, used 236436K [0x00000006c9a00000, 0x00000006dcb80000, 0x000000076de00000)
  object space 312832K, 75% used [0x00000006c9a00000,0x00000006d80e5158,0x00000006dcb80000)
 Metaspace       used 9310K, capacity 9660K, committed 9984K, reserved 1058816K
  class space    used 939K, capacity 944K, committed 1024K, reserved 1048576K
Event: 46,131 GC heap after
Heap after GC invocations=25 (full 1):
 PSYoungGen      total 842752K, used 278801K [0x000000076de00000, 0x00000007bc500000, 0x00000007c0000000)
  eden space 466944K, 0% used [0x000000076de00000,0x000000076de00000,0x000000078a600000)
  from space 375808K, 74% used [0x00000007a2a00000,0x00000007b3a444a8,0x00000007b9900000)
  to   space 397312K, 0% used [0x000000078a600000,0x000000078a600000,0x00000007a2a00000)
 ParOldGen       total 312832K, used 250152K [0x00000006c9a00000, 0x00000006dcb80000, 0x000000076de00000)
  object space 312832K, 79% used [0x00000006c9a00000,0x00000006d8e4a168,0x00000006dcb80000)
 Metaspace       used 9310K, capacity 9660K, committed 9984K, reserved 1058816K
  class space    used 939K, capacity 944K, committed 1024K, reserved 1048576K
}
Event: 48,637 GC heap before
{Heap before GC invocations=26 (full 1):
 PSYoungGen      total 842752K, used 745745K [0x000000076de00000, 0x00000007bc500000, 0x00000007c0000000)
  eden space 466944K, 100% used [0x000000076de00000,0x000000078a600000,0x000000078a600000)
  from space 375808K, 74% used [0x00000007a2a00000,0x00000007b3a444a8,0x00000007b9900000)
  to   space 397312K, 0% used [0x000000078a600000,0x000000078a600000,0x00000007a2a00000)
 ParOldGen       total 312832K, used 250152K [0x00000006c9a00000, 0x00000006dcb80000, 0x000000076de00000)
  object space 312832K, 79% used [0x00000006c9a00000,0x00000006d8e4a168,0x00000006dcb80000)
 Metaspace       used 9372K, capacity 9756K, committed 9984K, reserved 1058816K
  class space    used 943K, capacity 976K, committed 1024K, reserved 1048576K
Event: 48,867 GC heap after
Heap after GC invocations=26 (full 1):
 PSYoungGen      total 864256K, used 283285K [0x000000076de00000, 0x00000007bed00000, 0x00000007c0000000)
  eden space 466944K, 0% used [0x000000076de00000,0x000000076de00000,0x000000078a600000)
  from space 397312K, 71% used [0x000000078a600000,0x000000079baa5710,0x00000007a2a00000)
  to   space 415232K, 0% used [0x00000007a5780000,0x00000007a5780000,0x00000007bed00000)
 ParOldGen       total 312832K, used 262657K [0x00000006c9a00000, 0x00000006dcb80000, 0x000000076de00000)
  object space 312832K, 83% used [0x00000006c9a00000,0x00000006d9a807d0,0x00000006dcb80000)
 Metaspace       used 9372K, capacity 9756K, committed 9984K, reserved 1058816K
  class space    used 943K, capacity 976K, committed 1024K, reserved 1048576K
}
Event: 50,133 GC heap before
{Heap before GC invocations=27 (full 1):
 PSYoungGen      total 864256K, used 750229K [0x000000076de00000, 0x00000007bed00000, 0x00000007c0000000)
  eden space 466944K, 100% used [0x000000076de00000,0x000000078a600000,0x000000078a600000)
  from space 397312K, 71% used [0x000000078a600000,0x000000079baa5710,0x00000007a2a00000)
  to   space 415232K, 0% used [0x00000007a5780000,0x00000007a5780000,0x00000007bed00000)
 ParOldGen       total 312832K, used 262657K [0x00000006c9a00000, 0x00000006dcb80000, 0x000000076de00000)
  object space 312832K, 83% used [0x00000006c9a00000,0x00000006d9a807d0,0x00000006dcb80000)
 Metaspace       used 10404K, capacity 10524K, committed 10752K, reserved 1058816K
  class space    used 1134K, capacity 1168K, committed 1280K, reserved 1048576K
Event: 50,512 GC heap after
Heap after GC invocations=27 (full 1):
 PSYoungGen      total 903168K, used 268083K [0x000000076de00000, 0x00000007c0000000, 0x00000007c0000000)
  eden space 487936K, 0% used [0x000000076de00000,0x000000076de00000,0x000000078ba80000)
  from space 415232K, 64% used [0x00000007a5780000,0x00000007b5d4cff8,0x00000007bed00000)
  to   space 422912K, 0% used [0x000000078ba80000,0x000000078ba80000,0x00000007a5780000)
 ParOldGen       total 312832K, used 277846K [0x00000006c9a00000, 0x00000006dcb80000, 0x000000076de00000)
  object space 312832K, 88% used [0x00000006c9a00000,0x00000006da955860,0x00000006dcb80000)
 Metaspace       used 10404K, capacity 10524K, committed 10752K, reserved 1058816K
  class space    used 1134K, capacity 1168K, committed 1280K, reserved 1048576K
}
Event: 50,512 GC heap before
{Heap before GC invocations=28 (full 2):
 PSYoungGen      total 903168K, used 268083K [0x000000076de00000, 0x00000007c0000000, 0x00000007c0000000)
  eden space 487936K, 0% used [0x000000076de00000,0x000000076de00000,0x000000078ba80000)
  from space 415232K, 64% used [0x00000007a5780000,0x00000007b5d4cff8,0x00000007bed00000)
  to   space 422912K, 0% used [0x000000078ba80000,0x000000078ba80000,0x00000007a5780000)
 ParOldGen       total 312832K, used 277846K [0x00000006c9a00000, 0x00000006dcb80000, 0x000000076de00000)
  object space 312832K, 88% used [0x00000006c9a00000,0x00000006da955860,0x00000006dcb80000)
 Metaspace       used 10404K, capacity 10524K, committed 10752K, reserved 1058816K
  class space    used 1134K, capacity 1168K, committed 1280K, reserved 1048576K

