# JRE version: OpenJDK Runtime Environment (8.0_292-b10) (build 1.8.0_292-8u292-b10-0ubuntu1~16.04.1-b10)
# Java VM: OpenJDK 64-Bit Server VM (25.292-b10 mixed mode linux-amd64 compressed oops)
Heap:
 PSYoungGen      total 745984K, used 101790K [0x000000076de00000, 0x00000007b3280000, 0x00000007c0000000)
  eden space 380928K, 0% used [0x000000076de00000,0x000000076de00000,0x0000000785200000)
  from space 365056K, 27% used [0x000000079bd00000,0x00000007a2067b58,0x00000007b2180000)
  to   space 371712K, 0% used [0x0000000785200000,0x0000000785200000,0x000000079bd00000)
 ParOldGen       total 319488K, used 319089K [0x00000006c9a00000, 0x00000006dd200000, 0x000000076de00000)
  object space 319488K, 99% used [0x00000006c9a00000,0x00000006dd19c700,0x00000006dd200000)
 Metaspace       used 9314K, capacity 9660K, committed 9984K, reserved 1058816K
  class space    used 940K, capacity 944K, committed 1024K, reserved 1048576K
GC Heap History (10 events):
Event: 37,512 GC heap after
Heap after GC invocations=25 (full 1):
 PSYoungGen      total 679424K, used 231845K [0x000000076de00000, 0x00000007ad780000, 0x00000007c0000000)
  eden space 366080K, 0% used [0x000000076de00000,0x000000076de00000,0x0000000784380000)
  from space 313344K, 73% used [0x0000000798600000,0x00000007a6869480,0x00000007ab800000)
  to   space 330240K, 0% used [0x0000000784380000,0x0000000784380000,0x0000000798600000)
 ParOldGen       total 319488K, used 237446K [0x00000006c9a00000, 0x00000006dd200000, 0x000000076de00000)
  object space 319488K, 74% used [0x00000006c9a00000,0x00000006d81e1b38,0x00000006dd200000)
 Metaspace       used 9306K, capacity 9660K, committed 9984K, reserved 1058816K
  class space    used 940K, capacity 944K, committed 1024K, reserved 1048576K
}
Event: 39,843 GC heap before
{Heap before GC invocations=26 (full 1):
 PSYoungGen      total 679424K, used 597925K [0x000000076de00000, 0x00000007ad780000, 0x00000007c0000000)
  eden space 366080K, 100% used [0x000000076de00000,0x0000000784380000,0x0000000784380000)
  from space 313344K, 73% used [0x0000000798600000,0x00000007a6869480,0x00000007ab800000)
  to   space 330240K, 0% used [0x0000000784380000,0x0000000784380000,0x0000000798600000)
 ParOldGen       total 319488K, used 237446K [0x00000006c9a00000, 0x00000006dd200000, 0x000000076de00000)
  object space 319488K, 74% used [0x00000006c9a00000,0x00000006d81e1b38,0x00000006dd200000)
 Metaspace       used 9309K, capacity 9660K, committed 9984K, reserved 1058816K
  class space    used 940K, capacity 944K, committed 1024K, reserved 1048576K
Event: 39,974 GC heap after
Heap after GC invocations=26 (full 1):
 PSYoungGen      total 696320K, used 235157K [0x000000076de00000, 0x00000007af300000, 0x00000007c0000000)
  eden space 366080K, 0% used [0x000000076de00000,0x000000076de00000,0x0000000784380000)
  from space 330240K, 71% used [0x0000000784380000,0x00000007929254a0,0x0000000798600000)
  to   space 344064K, 0% used [0x000000079a300000,0x000000079a300000,0x00000007af300000)
 ParOldGen       total 319488K, used 249862K [0x00000006c9a00000, 0x00000006dd200000, 0x000000076de00000)
  object space 319488K, 78% used [0x00000006c9a00000,0x00000006d8e01b78,0x00000006dd200000)
 Metaspace       used 9309K, capacity 9660K, committed 9984K, reserved 1058816K
  class space    used 940K, capacity 944K, committed 1024K, reserved 1048576K
}
Event: 42,757 GC heap before
{Heap before GC invocations=27 (full 1):
 PSYoungGen      total 696320K, used 601237K [0x000000076de00000, 0x00000007af300000, 0x00000007c0000000)
  eden space 366080K, 100% used [0x000000076de00000,0x0000000784380000,0x0000000784380000)
  from space 330240K, 71% used [0x0000000784380000,0x00000007929254a0,0x0000000798600000)
  to   space 344064K, 0% used [0x000000079a300000,0x000000079a300000,0x00000007af300000)
 ParOldGen       total 319488K, used 249862K [0x00000006c9a00000, 0x00000006dd200000, 0x000000076de00000)
  object space 319488K, 78% used [0x00000006c9a00000,0x00000006d8e01b78,0x00000006dd200000)
 Metaspace       used 9309K, capacity 9660K, committed 9984K, reserved 1058816K
  class space    used 940K, capacity 944K, committed 1024K, reserved 1048576K
Event: 42,907 GC heap after
Heap after GC invocations=27 (full 1):
 PSYoungGen      total 714240K, used 240565K [0x000000076de00000, 0x00000007b0980000, 0x00000007c0000000)
  eden space 370176K, 0% used [0x000000076de00000,0x000000076de00000,0x0000000784780000)
  from space 344064K, 69% used [0x000000079a300000,0x00000007a8ded480,0x00000007af300000)
  to   space 355840K, 0% used [0x0000000784780000,0x0000000784780000,0x000000079a300000)
 ParOldGen       total 319488K, used 261154K [0x00000006c9a00000, 0x00000006dd200000, 0x000000076de00000)
  object space 319488K, 81% used [0x00000006c9a00000,0x00000006d9908b88,0x00000006dd200000)
 Metaspace       used 9309K, capacity 9660K, committed 9984K, reserved 1058816K
  class space    used 940K, capacity 944K, committed 1024K, reserved 1048576K
}
Event: 45,038 GC heap before
{Heap before GC invocations=28 (full 1):
 PSYoungGen      total 714240K, used 610741K [0x000000076de00000, 0x00000007b0980000, 0x00000007c0000000)
  eden space 370176K, 100% used [0x000000076de00000,0x0000000784780000,0x0000000784780000)
  from space 344064K, 69% used [0x000000079a300000,0x00000007a8ded480,0x00000007af300000)
  to   space 355840K, 0% used [0x0000000784780000,0x0000000784780000,0x000000079a300000)
 ParOldGen       total 319488K, used 261154K [0x00000006c9a00000, 0x00000006dd200000, 0x000000076de00000)
  object space 319488K, 81% used [0x00000006c9a00000,0x00000006d9908b88,0x00000006dd200000)
 Metaspace       used 9309K, capacity 9660K, committed 9984K, reserved 1058816K
  class space    used 940K, capacity 944K, committed 1024K, reserved 1048576K
Event: 45,256 GC heap after
Heap after GC invocations=28 (full 1):
 PSYoungGen      total 726016K, used 241781K [0x000000076de00000, 0x00000007b2180000, 0x00000007c0000000)
  eden space 370176K, 0% used [0x000000076de00000,0x000000076de00000,0x0000000784780000)
  from space 355840K, 67% used [0x0000000784780000,0x000000079339d470,0x000000079a300000)
  to   space 365056K, 0% used [0x000000079bd00000,0x000000079bd00000,0x00000007b2180000)
 ParOldGen       total 319488K, used 277598K [0x00000006c9a00000, 0x00000006dd200000, 0x000000076de00000)
  object space 319488K, 86% used [0x00000006c9a00000,0x00000006da917ba8,0x00000006dd200000)
 Metaspace       used 9309K, capacity 9660K, committed 9984K, reserved 1058816K
  class space    used 940K, capacity 944K, committed 1024K, reserved 1048576K
}
Event: 47,206 GC heap before
{Heap before GC invocations=29 (full 1):
 PSYoungGen      total 726016K, used 611957K [0x000000076de00000, 0x00000007b2180000, 0x00000007c0000000)
  eden space 370176K, 100% used [0x000000076de00000,0x0000000784780000,0x0000000784780000)
  from space 355840K, 67% used [0x0000000784780000,0x000000079339d470,0x000000079a300000)
  to   space 365056K, 0% used [0x000000079bd00000,0x000000079bd00000,0x00000007b2180000)
 ParOldGen       total 319488K, used 277598K [0x00000006c9a00000, 0x00000006dd200000, 0x000000076de00000)
  object space 319488K, 86% used [0x00000006c9a00000,0x00000006da917ba8,0x00000006dd200000)
 Metaspace       used 9314K, capacity 9660K, committed 9984K, reserved 1058816K
  class space    used 940K, capacity 944K, committed 1024K, reserved 1048576K
Event: 47,529 GC heap after
Heap after GC invocations=29 (full 1):
 PSYoungGen      total 745984K, used 242757K [0x000000076de00000, 0x00000007b3280000, 0x00000007c0000000)
  eden space 380928K, 0% used [0x000000076de00000,0x000000076de00000,0x0000000785200000)
  from space 365056K, 66% used [0x000000079bd00000,0x00000007aaa11480,0x00000007b2180000)
  to   space 371712K, 0% used [0x0000000785200000,0x0000000785200000,0x000000079bd00000)
 ParOldGen       total 319488K, used 292506K [0x00000006c9a00000, 0x00000006dd200000, 0x000000076de00000)
  object space 319488K, 91% used [0x00000006c9a00000,0x00000006db7a6be8,0x00000006dd200000)
 Metaspace       used 9314K, capacity 9660K, committed 9984K, reserved 1058816K
  class space    used 940K, capacity 944K, committed 1024K, reserved 1048576K
}
Event: 47,530 GC heap before
{Heap before GC invocations=30 (full 2):
 PSYoungGen      total 745984K, used 242757K [0x000000076de00000, 0x00000007b3280000, 0x00000007c0000000)
  eden space 380928K, 0% used [0x000000076de00000,0x000000076de00000,0x0000000785200000)
  from space 365056K, 66% used [0x000000079bd00000,0x00000007aaa11480,0x00000007b2180000)
  to   space 371712K, 0% used [0x0000000785200000,0x0000000785200000,0x000000079bd00000)
 ParOldGen       total 319488K, used 292506K [0x00000006c9a00000, 0x00000006dd200000, 0x000000076de00000)
  object space 319488K, 91% used [0x00000006c9a00000,0x00000006db7a6be8,0x00000006dd200000)
 Metaspace       used 9314K, capacity 9660K, committed 9984K, reserved 1058816K
  class space    used 940K, capacity 944K, committed 1024K, reserved 1048576K

