# JRE version: OpenJDK Runtime Environment (8.0_292-b10) (build 1.8.0_292-8u292-b10-0ubuntu1~16.04.1-b10)
# Java VM: OpenJDK 64-Bit Server VM (25.292-b10 mixed mode linux-amd64 compressed oops)
Heap:
 PSYoungGen      total 878080K, used 95447K [0x000000076de00000, 0x00000007bee00000, 0x00000007c0000000)
  eden space 470528K, 0% used [0x000000076de00000,0x000000076de00000,0x000000078a980000)
  from space 407552K, 23% used [0x00000007a4500000,0x00000007aa235ea8,0x00000007bd300000)
  to   space 421376K, 0% used [0x000000078a980000,0x000000078a980000,0x00000007a4500000)
 ParOldGen       total 314368K, used 314194K [0x00000006c9a00000, 0x00000006dcd00000, 0x000000076de00000)
  object space 314368K, 99% used [0x00000006c9a00000,0x00000006dccd4a20,0x00000006dcd00000)
 Metaspace       used 9391K, capacity 9756K, committed 9984K, reserved 1058816K
  class space    used 947K, capacity 976K, committed 1024K, reserved 1048576K
GC Heap History (10 events):
Event: 42,029 GC heap after
Heap after GC invocations=23 (full 1):
 PSYoungGen      total 760832K, used 257099K [0x000000076de00000, 0x00000007b4a80000, 0x00000007c0000000)
  eden space 443904K, 0% used [0x000000076de00000,0x000000076de00000,0x0000000788f80000)
  from space 316928K, 81% used [0x000000079df00000,0x00000007ada12f00,0x00000007b1480000)
  to   space 343552K, 0% used [0x0000000788f80000,0x0000000788f80000,0x000000079df00000)
 ParOldGen       total 314368K, used 230147K [0x00000006c9a00000, 0x00000006dcd00000, 0x000000076de00000)
  object space 314368K, 73% used [0x00000006c9a00000,0x00000006d7ac0f10,0x00000006dcd00000)
 Metaspace       used 9329K, capacity 9692K, committed 9984K, reserved 1058816K
  class space    used 944K, capacity 976K, committed 1024K, reserved 1048576K
}
Event: 45,313 GC heap before
{Heap before GC invocations=24 (full 1):
 PSYoungGen      total 760832K, used 701003K [0x000000076de00000, 0x00000007b4a80000, 0x00000007c0000000)
  eden space 443904K, 100% used [0x000000076de00000,0x0000000788f80000,0x0000000788f80000)
  from space 316928K, 81% used [0x000000079df00000,0x00000007ada12f00,0x00000007b1480000)
  to   space 343552K, 0% used [0x0000000788f80000,0x0000000788f80000,0x000000079df00000)
 ParOldGen       total 314368K, used 230147K [0x00000006c9a00000, 0x00000006dcd00000, 0x000000076de00000)
  object space 314368K, 73% used [0x00000006c9a00000,0x00000006d7ac0f10,0x00000006dcd00000)
 Metaspace       used 9329K, capacity 9692K, committed 9984K, reserved 1058816K
  class space    used 944K, capacity 976K, committed 1024K, reserved 1048576K
Event: 45,540 GC heap after
Heap after GC invocations=24 (full 1):
 PSYoungGen      total 787456K, used 266299K [0x000000076de00000, 0x00000007b7f00000, 0x00000007c0000000)
  eden space 443904K, 0% used [0x000000076de00000,0x000000076de00000,0x0000000788f80000)
  from space 343552K, 77% used [0x0000000788f80000,0x000000079938eef0,0x000000079df00000)
  to   space 367616K, 0% used [0x00000007a1800000,0x00000007a1800000,0x00000007b7f00000)
 ParOldGen       total 314368K, used 240751K [0x00000006c9a00000, 0x00000006dcd00000, 0x000000076de00000)
  object space 314368K, 76% used [0x00000006c9a00000,0x00000006d851bf20,0x00000006dcd00000)
 Metaspace       used 9329K, capacity 9692K, committed 9984K, reserved 1058816K
  class space    used 944K, capacity 976K, committed 1024K, reserved 1048576K
}
Event: 49,060 GC heap before
{Heap before GC invocations=25 (full 1):
 PSYoungGen      total 787456K, used 710203K [0x000000076de00000, 0x00000007b7f00000, 0x00000007c0000000)
  eden space 443904K, 100% used [0x000000076de00000,0x0000000788f80000,0x0000000788f80000)
  from space 343552K, 77% used [0x0000000788f80000,0x000000079938eef0,0x000000079df00000)
  to   space 367616K, 0% used [0x00000007a1800000,0x00000007a1800000,0x00000007b7f00000)
 ParOldGen       total 314368K, used 240751K [0x00000006c9a00000, 0x00000006dcd00000, 0x000000076de00000)
  object space 314368K, 76% used [0x00000006c9a00000,0x00000006d851bf20,0x00000006dcd00000)
 Metaspace       used 9331K, capacity 9692K, committed 9984K, reserved 1058816K
  class space    used 944K, capacity 976K, committed 1024K, reserved 1048576K
Event: 49,374 GC heap after
Heap after GC invocations=25 (full 1):
 PSYoungGen      total 824832K, used 273883K [0x000000076de00000, 0x00000007baa00000, 0x00000007c0000000)
  eden space 457216K, 0% used [0x000000076de00000,0x000000076de00000,0x0000000789c80000)
  from space 367616K, 74% used [0x00000007a1800000,0x00000007b2376f10,0x00000007b7f00000)
  to   space 388608K, 0% used [0x0000000789c80000,0x0000000789c80000,0x00000007a1800000)
 ParOldGen       total 314368K, used 252967K [0x00000006c9a00000, 0x00000006dcd00000, 0x000000076de00000)
  object space 314368K, 80% used [0x00000006c9a00000,0x00000006d9109f20,0x00000006dcd00000)
 Metaspace       used 9331K, capacity 9692K, committed 9984K, reserved 1058816K
  class space    used 944K, capacity 976K, committed 1024K, reserved 1048576K
}
Event: 52,687 GC heap before
{Heap before GC invocations=26 (full 1):
 PSYoungGen      total 824832K, used 731099K [0x000000076de00000, 0x00000007baa00000, 0x00000007c0000000)
  eden space 457216K, 100% used [0x000000076de00000,0x0000000789c80000,0x0000000789c80000)
  from space 367616K, 74% used [0x00000007a1800000,0x00000007b2376f10,0x00000007b7f00000)
  to   space 388608K, 0% used [0x0000000789c80000,0x0000000789c80000,0x00000007a1800000)
 ParOldGen       total 314368K, used 252967K [0x00000006c9a00000, 0x00000006dcd00000, 0x000000076de00000)
  object space 314368K, 80% used [0x00000006c9a00000,0x00000006d9109f20,0x00000006dcd00000)
 Metaspace       used 9332K, capacity 9692K, committed 9984K, reserved 1058816K
  class space    used 944K, capacity 976K, committed 1024K, reserved 1048576K
Event: 52,886 GC heap after
Heap after GC invocations=26 (full 1):
 PSYoungGen      total 845824K, used 280635K [0x000000076de00000, 0x00000007bd300000, 0x00000007c0000000)
  eden space 457216K, 0% used [0x000000076de00000,0x000000076de00000,0x0000000789c80000)
  from space 388608K, 72% used [0x0000000789c80000,0x000000079ae8eee0,0x00000007a1800000)
  to   space 407552K, 0% used [0x00000007a4500000,0x00000007a4500000,0x00000007bd300000)
 ParOldGen       total 314368K, used 268567K [0x00000006c9a00000, 0x00000006dcd00000, 0x000000076de00000)
  object space 314368K, 85% used [0x00000006c9a00000,0x00000006da045fa0,0x00000006dcd00000)
 Metaspace       used 9332K, capacity 9692K, committed 9984K, reserved 1058816K
  class space    used 944K, capacity 976K, committed 1024K, reserved 1048576K
}
Event: 55,914 GC heap before
{Heap before GC invocations=27 (full 1):
 PSYoungGen      total 845824K, used 737851K [0x000000076de00000, 0x00000007bd300000, 0x00000007c0000000)
  eden space 457216K, 100% used [0x000000076de00000,0x0000000789c80000,0x0000000789c80000)
  from space 388608K, 72% used [0x0000000789c80000,0x000000079ae8eee0,0x00000007a1800000)
  to   space 407552K, 0% used [0x00000007a4500000,0x00000007a4500000,0x00000007bd300000)
 ParOldGen       total 314368K, used 268567K [0x00000006c9a00000, 0x00000006dcd00000, 0x000000076de00000)
  object space 314368K, 85% used [0x00000006c9a00000,0x00000006da045fa0,0x00000006dcd00000)
 Metaspace       used 9391K, capacity 9756K, committed 9984K, reserved 1058816K
  class space    used 947K, capacity 976K, committed 1024K, reserved 1048576K
Event: 56,132 GC heap after
Heap after GC invocations=27 (full 1):
 PSYoungGen      total 878080K, used 281216K [0x000000076de00000, 0x00000007bee00000, 0x00000007c0000000)
  eden space 470528K, 0% used [0x000000076de00000,0x000000076de00000,0x000000078a980000)
  from space 407552K, 69% used [0x00000007a4500000,0x00000007b57a0178,0x00000007bd300000)
  to   space 421376K, 0% used [0x000000078a980000,0x000000078a980000,0x00000007a4500000)
 ParOldGen       total 314368K, used 282087K [0x00000006c9a00000, 0x00000006dcd00000, 0x000000076de00000)
  object space 314368K, 89% used [0x00000006c9a00000,0x00000006dad79fe0,0x00000006dcd00000)
 Metaspace       used 9391K, capacity 9756K, committed 9984K, reserved 1058816K
  class space    used 947K, capacity 976K, committed 1024K, reserved 1048576K
}
Event: 56,132 GC heap before
{Heap before GC invocations=28 (full 2):
 PSYoungGen      total 878080K, used 281216K [0x000000076de00000, 0x00000007bee00000, 0x00000007c0000000)
  eden space 470528K, 0% used [0x000000076de00000,0x000000076de00000,0x000000078a980000)
  from space 407552K, 69% used [0x00000007a4500000,0x00000007b57a0178,0x00000007bd300000)
  to   space 421376K, 0% used [0x000000078a980000,0x000000078a980000,0x00000007a4500000)
 ParOldGen       total 314368K, used 282087K [0x00000006c9a00000, 0x00000006dcd00000, 0x000000076de00000)
  object space 314368K, 89% used [0x00000006c9a00000,0x00000006dad79fe0,0x00000006dcd00000)
 Metaspace       used 9391K, capacity 9756K, committed 9984K, reserved 1058816K
  class space    used 947K, capacity 976K, committed 1024K, reserved 1048576K

