# JRE version: OpenJDK Runtime Environment (8.0_292-b10) (build 1.8.0_292-8u292-b10-0ubuntu1~16.04.1-b10)
# Java VM: OpenJDK 64-Bit Server VM (25.292-b10 mixed mode linux-amd64 compressed oops)
Heap:
 PSYoungGen      total 852480K, used 79291K [0x000000076de00000, 0x00000007bd480000, 0x00000007c0000000)
  eden space 449536K, 0% used [0x000000076de00000,0x000000076de00000,0x0000000789500000)
  from space 402944K, 19% used [0x0000000789500000,0x000000078e26ee80,0x00000007a1e80000)
  to   space 407040K, 0% used [0x00000007a4700000,0x00000007a4700000,0x00000007bd480000)
 ParOldGen       total 315392K, used 315149K [0x00000006c9a00000, 0x00000006dce00000, 0x000000076de00000)
  object space 315392K, 99% used [0x00000006c9a00000,0x00000006dcdc3650,0x00000006dce00000)
 Metaspace       used 9485K, capacity 9852K, committed 9984K, reserved 1058816K
  class space    used 960K, capacity 1008K, committed 1024K, reserved 1048576K
GC Heap History (10 events):
Event: 45,759 GC heap after
Heap after GC invocations=24 (full 1):
 PSYoungGen      total 752640K, used 256540K [0x000000076de00000, 0x00000007b4f00000, 0x00000007c0000000)
  eden space 421888K, 0% used [0x000000076de00000,0x000000076de00000,0x0000000787a00000)
  from space 330752K, 77% used [0x0000000787a00000,0x0000000797487218,0x000000079bd00000)
  to   space 353792K, 0% used [0x000000079f580000,0x000000079f580000,0x00000007b4f00000)
 ParOldGen       total 315392K, used 234345K [0x00000006c9a00000, 0x00000006dce00000, 0x000000076de00000)
  object space 315392K, 74% used [0x00000006c9a00000,0x00000006d7eda470,0x00000006dce00000)
 Metaspace       used 9306K, capacity 9660K, committed 9984K, reserved 1058816K
  class space    used 941K, capacity 944K, committed 1024K, reserved 1048576K
}
Event: 49,254 GC heap before
{Heap before GC invocations=25 (full 1):
 PSYoungGen      total 752640K, used 678428K [0x000000076de00000, 0x00000007b4f00000, 0x00000007c0000000)
  eden space 421888K, 100% used [0x000000076de00000,0x0000000787a00000,0x0000000787a00000)
  from space 330752K, 77% used [0x0000000787a00000,0x0000000797487218,0x000000079bd00000)
  to   space 353792K, 0% used [0x000000079f580000,0x000000079f580000,0x00000007b4f00000)
 ParOldGen       total 315392K, used 234345K [0x00000006c9a00000, 0x00000006dce00000, 0x000000076de00000)
  object space 315392K, 74% used [0x00000006c9a00000,0x00000006d7eda470,0x00000006dce00000)
 Metaspace       used 9306K, capacity 9660K, committed 9984K, reserved 1058816K
  class space    used 941K, capacity 944K, committed 1024K, reserved 1048576K
Event: 49,571 GC heap after
Heap after GC invocations=25 (full 1):
 PSYoungGen      total 791040K, used 261116K [0x000000076de00000, 0x00000007b7580000, 0x00000007c0000000)
  eden space 437248K, 0% used [0x000000076de00000,0x000000076de00000,0x0000000788900000)
  from space 353792K, 73% used [0x000000079f580000,0x00000007af47f238,0x00000007b4f00000)
  to   space 373248K, 0% used [0x0000000788900000,0x0000000788900000,0x000000079f580000)
 ParOldGen       total 315392K, used 247869K [0x00000006c9a00000, 0x00000006dce00000, 0x000000076de00000)
  object space 315392K, 78% used [0x00000006c9a00000,0x00000006d8c0f480,0x00000006dce00000)
 Metaspace       used 9306K, capacity 9660K, committed 9984K, reserved 1058816K
  class space    used 941K, capacity 944K, committed 1024K, reserved 1048576K
}
Event: 53,079 GC heap before
{Heap before GC invocations=26 (full 1):
 PSYoungGen      total 791040K, used 698364K [0x000000076de00000, 0x00000007b7580000, 0x00000007c0000000)
  eden space 437248K, 100% used [0x000000076de00000,0x0000000788900000,0x0000000788900000)
  from space 353792K, 73% used [0x000000079f580000,0x00000007af47f238,0x00000007b4f00000)
  to   space 373248K, 0% used [0x0000000788900000,0x0000000788900000,0x000000079f580000)
 ParOldGen       total 315392K, used 247869K [0x00000006c9a00000, 0x00000006dce00000, 0x000000076de00000)
  object space 315392K, 78% used [0x00000006c9a00000,0x00000006d8c0f480,0x00000006dce00000)
 Metaspace       used 9310K, capacity 9660K, committed 9984K, reserved 1058816K
  class space    used 941K, capacity 944K, committed 1024K, reserved 1048576K
Event: 53,316 GC heap after
Heap after GC invocations=26 (full 1):
 PSYoungGen      total 810496K, used 264412K [0x000000076de00000, 0x00000007b9a00000, 0x00000007c0000000)
  eden space 437248K, 0% used [0x000000076de00000,0x000000076de00000,0x0000000788900000)
  from space 373248K, 70% used [0x0000000788900000,0x0000000798b37228,0x000000079f580000)
  to   space 388608K, 0% used [0x00000007a1e80000,0x00000007a1e80000,0x00000007b9a00000)
 ParOldGen       total 315392K, used 262801K [0x00000006c9a00000, 0x00000006dce00000, 0x000000076de00000)
  object space 315392K, 83% used [0x00000006c9a00000,0x00000006d9aa44f0,0x00000006dce00000)
 Metaspace       used 9310K, capacity 9660K, committed 9984K, reserved 1058816K
  class space    used 941K, capacity 944K, committed 1024K, reserved 1048576K
}
Event: 56,427 GC heap before
{Heap before GC invocations=27 (full 1):
 PSYoungGen      total 810496K, used 701660K [0x000000076de00000, 0x00000007b9a00000, 0x00000007c0000000)
  eden space 437248K, 100% used [0x000000076de00000,0x0000000788900000,0x0000000788900000)
  from space 373248K, 70% used [0x0000000788900000,0x0000000798b37228,0x000000079f580000)
  to   space 388608K, 0% used [0x00000007a1e80000,0x00000007a1e80000,0x00000007b9a00000)
 ParOldGen       total 315392K, used 262801K [0x00000006c9a00000, 0x00000006dce00000, 0x000000076de00000)
  object space 315392K, 83% used [0x00000006c9a00000,0x00000006d9aa44f0,0x00000006dce00000)
 Metaspace       used 9371K, capacity 9756K, committed 9984K, reserved 1058816K
  class space    used 945K, capacity 976K, committed 1024K, reserved 1048576K
Event: 56,669 GC heap after
Heap after GC invocations=27 (full 1):
 PSYoungGen      total 838144K, used 270689K [0x000000076de00000, 0x00000007bb600000, 0x00000007c0000000)
  eden space 449536K, 0% used [0x000000076de00000,0x000000076de00000,0x0000000789500000)
  from space 388608K, 69% used [0x00000007a1e80000,0x00000007b26d8480,0x00000007b9a00000)
  to   space 402944K, 0% used [0x0000000789500000,0x0000000789500000,0x00000007a1e80000)
 ParOldGen       total 315392K, used 276553K [0x00000006c9a00000, 0x00000006dce00000, 0x000000076de00000)
  object space 315392K, 87% used [0x00000006c9a00000,0x00000006da812540,0x00000006dce00000)
 Metaspace       used 9371K, capacity 9756K, committed 9984K, reserved 1058816K
  class space    used 945K, capacity 976K, committed 1024K, reserved 1048576K
}
Event: 57,792 GC heap before
{Heap before GC invocations=28 (full 1):
 PSYoungGen      total 838144K, used 720225K [0x000000076de00000, 0x00000007bb600000, 0x00000007c0000000)
  eden space 449536K, 100% used [0x000000076de00000,0x0000000789500000,0x0000000789500000)
  from space 388608K, 69% used [0x00000007a1e80000,0x00000007b26d8480,0x00000007b9a00000)
  to   space 402944K, 0% used [0x0000000789500000,0x0000000789500000,0x00000007a1e80000)
 ParOldGen       total 315392K, used 276553K [0x00000006c9a00000, 0x00000006dce00000, 0x000000076de00000)
  object space 315392K, 87% used [0x00000006c9a00000,0x00000006da812540,0x00000006dce00000)
 Metaspace       used 9485K, capacity 9852K, committed 9984K, reserved 1058816K
  class space    used 960K, capacity 1008K, committed 1024K, reserved 1048576K
Event: 58,116 GC heap after
Heap after GC invocations=28 (full 1):
 PSYoungGen      total 852480K, used 255884K [0x000000076de00000, 0x00000007bd480000, 0x00000007c0000000)
  eden space 449536K, 0% used [0x000000076de00000,0x000000076de00000,0x0000000789500000)
  from space 402944K, 63% used [0x0000000789500000,0x0000000798ee3218,0x00000007a1e80000)
  to   space 407040K, 0% used [0x00000007a4700000,0x00000007a4700000,0x00000007bd480000)
 ParOldGen       total 315392K, used 290289K [0x00000006c9a00000, 0x00000006dce00000, 0x000000076de00000)
  object space 315392K, 92% used [0x00000006c9a00000,0x00000006db57c540,0x00000006dce00000)
 Metaspace       used 9485K, capacity 9852K, committed 9984K, reserved 1058816K
  class space    used 960K, capacity 1008K, committed 1024K, reserved 1048576K
}
Event: 58,117 GC heap before
{Heap before GC invocations=29 (full 2):
 PSYoungGen      total 852480K, used 255884K [0x000000076de00000, 0x00000007bd480000, 0x00000007c0000000)
  eden space 449536K, 0% used [0x000000076de00000,0x000000076de00000,0x0000000789500000)
  from space 402944K, 63% used [0x0000000789500000,0x0000000798ee3218,0x00000007a1e80000)
  to   space 407040K, 0% used [0x00000007a4700000,0x00000007a4700000,0x00000007bd480000)
 ParOldGen       total 315392K, used 290289K [0x00000006c9a00000, 0x00000006dce00000, 0x000000076de00000)
  object space 315392K, 92% used [0x00000006c9a00000,0x00000006db57c540,0x00000006dce00000)
 Metaspace       used 9485K, capacity 9852K, committed 9984K, reserved 1058816K
  class space    used 960K, capacity 1008K, committed 1024K, reserved 1048576K

