# JRE version: OpenJDK Runtime Environment (8.0_292-b10) (build 1.8.0_292-8u292-b10-0ubuntu1~16.04.1-b10)
# Java VM: OpenJDK 64-Bit Server VM (25.292-b10 mixed mode linux-amd64 compressed oops)
Heap:
 PSYoungGen      total 875520K, used 91044K [0x000000076de00000, 0x00000007bf200000, 0x00000007c0000000)
  eden space 477184K, 0% used [0x000000076de00000,0x000000076de00000,0x000000078b000000)
  from space 398336K, 22% used [0x00000007a4480000,0x00000007a9d69030,0x00000007bc980000)
  to   space 414208K, 0% used [0x000000078b000000,0x000000078b000000,0x00000007a4480000)
 ParOldGen       total 314880K, used 314441K [0x00000006c9a00000, 0x00000006dcd80000, 0x000000076de00000)
  object space 314880K, 99% used [0x00000006c9a00000,0x00000006dcd12580,0x00000006dcd80000)
 Metaspace       used 10348K, capacity 10556K, committed 10624K, reserved 1058816K
  class space    used 1125K, capacity 1136K, committed 1152K, reserved 1048576K
GC Heap History (10 events):
Event: 32,027 GC heap after
Heap after GC invocations=23 (full 1):
 PSYoungGen      total 744960K, used 250552K [0x000000076de00000, 0x00000007b2800000, 0x00000007c0000000)
  eden space 459264K, 0% used [0x000000076de00000,0x000000076de00000,0x0000000789e80000)
  from space 285696K, 87% used [0x000000079d300000,0x00000007ac7ae260,0x00000007aea00000)
  to   space 315904K, 0% used [0x0000000789e80000,0x0000000789e80000,0x000000079d300000)
 ParOldGen       total 314880K, used 240025K [0x00000006c9a00000, 0x00000006dcd80000, 0x000000076de00000)
  object space 314880K, 76% used [0x00000006c9a00000,0x00000006d8466638,0x00000006dcd80000)
 Metaspace       used 9315K, capacity 9660K, committed 9984K, reserved 1058816K
  class space    used 939K, capacity 944K, committed 1024K, reserved 1048576K
}
Event: 34,924 GC heap before
{Heap before GC invocations=24 (full 1):
 PSYoungGen      total 744960K, used 709816K [0x000000076de00000, 0x00000007b2800000, 0x00000007c0000000)
  eden space 459264K, 100% used [0x000000076de00000,0x0000000789e80000,0x0000000789e80000)
  from space 285696K, 87% used [0x000000079d300000,0x00000007ac7ae260,0x00000007aea00000)
  to   space 315904K, 0% used [0x0000000789e80000,0x0000000789e80000,0x000000079d300000)
 ParOldGen       total 314880K, used 240025K [0x00000006c9a00000, 0x00000006dcd80000, 0x000000076de00000)
  object space 314880K, 76% used [0x00000006c9a00000,0x00000006d8466638,0x00000006dcd80000)
 Metaspace       used 9318K, capacity 9660K, committed 9984K, reserved 1058816K
  class space    used 939K, capacity 944K, committed 1024K, reserved 1048576K
Event: 35,090 GC heap after
Heap after GC invocations=24 (full 1):
 PSYoungGen      total 775168K, used 270808K [0x000000076de00000, 0x00000007b6480000, 0x00000007c0000000)
  eden space 459264K, 0% used [0x000000076de00000,0x000000076de00000,0x0000000789e80000)
  from space 315904K, 85% used [0x0000000789e80000,0x000000079a6f6240,0x000000079d300000)
  to   space 347136K, 0% used [0x00000007a1180000,0x00000007a1180000,0x00000007b6480000)
 ParOldGen       total 314880K, used 240025K [0x00000006c9a00000, 0x00000006dcd80000, 0x000000076de00000)
  object space 314880K, 76% used [0x00000006c9a00000,0x00000006d8466638,0x00000006dcd80000)
 Metaspace       used 9318K, capacity 9660K, committed 9984K, reserved 1058816K
  class space    used 939K, capacity 944K, committed 1024K, reserved 1048576K
}
Event: 37,672 GC heap before
{Heap before GC invocations=25 (full 1):
 PSYoungGen      total 775168K, used 730072K [0x000000076de00000, 0x00000007b6480000, 0x00000007c0000000)
  eden space 459264K, 100% used [0x000000076de00000,0x0000000789e80000,0x0000000789e80000)
  from space 315904K, 85% used [0x0000000789e80000,0x000000079a6f6240,0x000000079d300000)
  to   space 347136K, 0% used [0x00000007a1180000,0x00000007a1180000,0x00000007b6480000)
 ParOldGen       total 314880K, used 240025K [0x00000006c9a00000, 0x00000006dcd80000, 0x000000076de00000)
  object space 314880K, 76% used [0x00000006c9a00000,0x00000006d8466638,0x00000006dcd80000)
 Metaspace       used 9318K, capacity 9660K, committed 9984K, reserved 1058816K
  class space    used 939K, capacity 944K, committed 1024K, reserved 1048576K
Event: 37,918 GC heap after
Heap after GC invocations=25 (full 1):
 PSYoungGen      total 810496K, used 280744K [0x000000076de00000, 0x00000007b9f80000, 0x00000007c0000000)
  eden space 463360K, 0% used [0x000000076de00000,0x000000076de00000,0x000000078a280000)
  from space 347136K, 80% used [0x00000007a1180000,0x00000007b23aa250,0x00000007b6480000)
  to   space 375808K, 0% used [0x000000078a280000,0x000000078a280000,0x00000007a1180000)
 ParOldGen       total 314880K, used 251689K [0x00000006c9a00000, 0x00000006dcd80000, 0x000000076de00000)
  object space 314880K, 79% used [0x00000006c9a00000,0x00000006d8fca638,0x00000006dcd80000)
 Metaspace       used 9318K, capacity 9660K, committed 9984K, reserved 1058816K
  class space    used 939K, capacity 944K, committed 1024K, reserved 1048576K
}
Event: 39,963 GC heap before
{Heap before GC invocations=26 (full 1):
 PSYoungGen      total 810496K, used 744104K [0x000000076de00000, 0x00000007b9f80000, 0x00000007c0000000)
  eden space 463360K, 100% used [0x000000076de00000,0x000000078a280000,0x000000078a280000)
  from space 347136K, 80% used [0x00000007a1180000,0x00000007b23aa250,0x00000007b6480000)
  to   space 375808K, 0% used [0x000000078a280000,0x000000078a280000,0x00000007a1180000)
 ParOldGen       total 314880K, used 251689K [0x00000006c9a00000, 0x00000006dcd80000, 0x000000076de00000)
  object space 314880K, 79% used [0x00000006c9a00000,0x00000006d8fca638,0x00000006dcd80000)
 Metaspace       used 9379K, capacity 9756K, committed 9984K, reserved 1058816K
  class space    used 943K, capacity 976K, committed 1024K, reserved 1048576K
Event: 40,170 GC heap after
Heap after GC invocations=26 (full 1):
 PSYoungGen      total 839168K, used 283421K [0x000000076de00000, 0x00000007bc980000, 0x00000007c0000000)
  eden space 463360K, 0% used [0x000000076de00000,0x000000076de00000,0x000000078a280000)
  from space 375808K, 75% used [0x000000078a280000,0x000000079b7474c8,0x00000007a1180000)
  to   space 398336K, 0% used [0x00000007a4480000,0x00000007a4480000,0x00000007bc980000)
 ParOldGen       total 314880K, used 266461K [0x00000006c9a00000, 0x00000006dcd80000, 0x000000076de00000)
  object space 314880K, 84% used [0x00000006c9a00000,0x00000006d9e376c8,0x00000006dcd80000)
 Metaspace       used 9379K, capacity 9756K, committed 9984K, reserved 1058816K
  class space    used 943K, capacity 976K, committed 1024K, reserved 1048576K
}
Event: 41,252 GC heap before
{Heap before GC invocations=27 (full 1):
 PSYoungGen      total 839168K, used 746781K [0x000000076de00000, 0x00000007bc980000, 0x00000007c0000000)
  eden space 463360K, 100% used [0x000000076de00000,0x000000078a280000,0x000000078a280000)
  from space 375808K, 75% used [0x000000078a280000,0x000000079b7474c8,0x00000007a1180000)
  to   space 398336K, 0% used [0x00000007a4480000,0x00000007a4480000,0x00000007bc980000)
 ParOldGen       total 314880K, used 266461K [0x00000006c9a00000, 0x00000006dcd80000, 0x000000076de00000)
  object space 314880K, 84% used [0x00000006c9a00000,0x00000006d9e376c8,0x00000006dcd80000)
 Metaspace       used 10348K, capacity 10556K, committed 10624K, reserved 1058816K
  class space    used 1125K, capacity 1136K, committed 1152K, reserved 1048576K
Event: 41,531 GC heap after
Heap after GC invocations=27 (full 1):
 PSYoungGen      total 875520K, used 278635K [0x000000076de00000, 0x00000007bf200000, 0x00000007c0000000)
  eden space 477184K, 0% used [0x000000076de00000,0x000000076de00000,0x000000078b000000)
  from space 398336K, 69% used [0x00000007a4480000,0x00000007b549add0,0x00000007bc980000)
  to   space 414208K, 0% used [0x000000078b000000,0x000000078b000000,0x00000007a4480000)
 ParOldGen       total 314880K, used 280037K [0x00000006c9a00000, 0x00000006dcd80000, 0x000000076de00000)
  object space 314880K, 88% used [0x00000006c9a00000,0x00000006dab796c8,0x00000006dcd80000)
 Metaspace       used 10348K, capacity 10556K, committed 10624K, reserved 1058816K
  class space    used 1125K, capacity 1136K, committed 1152K, reserved 1048576K
}
Event: 41,532 GC heap before
{Heap before GC invocations=28 (full 2):
 PSYoungGen      total 875520K, used 278635K [0x000000076de00000, 0x00000007bf200000, 0x00000007c0000000)
  eden space 477184K, 0% used [0x000000076de00000,0x000000076de00000,0x000000078b000000)
  from space 398336K, 69% used [0x00000007a4480000,0x00000007b549add0,0x00000007bc980000)
  to   space 414208K, 0% used [0x000000078b000000,0x000000078b000000,0x00000007a4480000)
 ParOldGen       total 314880K, used 280037K [0x00000006c9a00000, 0x00000006dcd80000, 0x000000076de00000)
  object space 314880K, 88% used [0x00000006c9a00000,0x00000006dab796c8,0x00000006dcd80000)
 Metaspace       used 10348K, capacity 10556K, committed 10624K, reserved 1058816K
  class space    used 1125K, capacity 1136K, committed 1152K, reserved 1048576K

