# JRE version: OpenJDK Runtime Environment (8.0_292-b10) (build 1.8.0_292-8u292-b10-0ubuntu1~16.04.1-b10)
# Java VM: OpenJDK 64-Bit Server VM (25.292-b10 mixed mode linux-amd64 compressed oops)
Heap:
 PSYoungGen      total 647168K, used 188141K [0x000000076de00000, 0x00000007a4000000, 0x00000007c0000000)
  eden space 449536K, 0% used [0x000000076de00000,0x000000076de00000,0x0000000789500000)
  from space 197632K, 95% used [0x0000000797f00000,0x00000007a36bb490,0x00000007a4000000)
  to   space 174080K, 0% used [0x0000000789500000,0x0000000789500000,0x0000000793f00000)
 ParOldGen       total 314368K, used 215651K [0x00000006c9a00000, 0x00000006dcd00000, 0x000000076de00000)
  object space 314368K, 68% used [0x00000006c9a00000,0x00000006d6c98c50,0x00000006dcd00000)
 Metaspace       used 9303K, capacity 9660K, committed 9984K, reserved 1058816K
  class space    used 942K, capacity 944K, committed 1024K, reserved 1048576K
GC Heap History (10 events):
Event: 28,423 GC heap after
Heap after GC invocations=14 (full 1):
 PSYoungGen      total 503296K, used 106240K [0x000000076de00000, 0x0000000797a80000, 0x00000007c0000000)
  eden space 390144K, 0% used [0x000000076de00000,0x000000076de00000,0x0000000785b00000)
  from space 113152K, 93% used [0x0000000785b00000,0x000000078c2c00f0,0x000000078c980000)
  to   space 125952K, 0% used [0x000000078ff80000,0x000000078ff80000,0x0000000797a80000)
 ParOldGen       total 314368K, used 215635K [0x00000006c9a00000, 0x00000006dcd00000, 0x000000076de00000)
  object space 314368K, 68% used [0x00000006c9a00000,0x00000006d6c94c50,0x00000006dcd00000)
 Metaspace       used 9190K, capacity 9596K, committed 9728K, reserved 1058816K
  class space    used 942K, capacity 944K, committed 1024K, reserved 1048576K
}
Event: 31,192 GC heap before
{Heap before GC invocations=15 (full 1):
 PSYoungGen      total 503296K, used 496384K [0x000000076de00000, 0x0000000797a80000, 0x00000007c0000000)
  eden space 390144K, 100% used [0x000000076de00000,0x0000000785b00000,0x0000000785b00000)
  from space 113152K, 93% used [0x0000000785b00000,0x000000078c2c00f0,0x000000078c980000)
  to   space 125952K, 0% used [0x000000078ff80000,0x000000078ff80000,0x0000000797a80000)
 ParOldGen       total 314368K, used 215635K [0x00000006c9a00000, 0x00000006dcd00000, 0x000000076de00000)
  object space 314368K, 68% used [0x00000006c9a00000,0x00000006d6c94c50,0x00000006dcd00000)
 Metaspace       used 9201K, capacity 9596K, committed 9728K, reserved 1058816K
  class space    used 942K, capacity 944K, committed 1024K, reserved 1048576K
Event: 31,504 GC heap after
Heap after GC invocations=15 (full 1):
 PSYoungGen      total 546816K, used 111664K [0x000000076de00000, 0x0000000799480000, 0x00000007c0000000)
  eden space 420864K, 0% used [0x000000076de00000,0x000000076de00000,0x0000000787900000)
  from space 125952K, 88% used [0x000000078ff80000,0x0000000796c8c100,0x0000000797a80000)
  to   space 137728K, 0% used [0x0000000787900000,0x0000000787900000,0x000000078ff80000)
 ParOldGen       total 314368K, used 215635K [0x00000006c9a00000, 0x00000006dcd00000, 0x000000076de00000)
  object space 314368K, 68% used [0x00000006c9a00000,0x00000006d6c94c50,0x00000006dcd00000)
 Metaspace       used 9201K, capacity 9596K, committed 9728K, reserved 1058816K
  class space    used 942K, capacity 944K, committed 1024K, reserved 1048576K
}
Event: 35,169 GC heap before
{Heap before GC invocations=16 (full 1):
 PSYoungGen      total 546816K, used 532528K [0x000000076de00000, 0x0000000799480000, 0x00000007c0000000)
  eden space 420864K, 100% used [0x000000076de00000,0x0000000787900000,0x0000000787900000)
  from space 125952K, 88% used [0x000000078ff80000,0x0000000796c8c100,0x0000000797a80000)
  to   space 137728K, 0% used [0x0000000787900000,0x0000000787900000,0x000000078ff80000)
 ParOldGen       total 314368K, used 215635K [0x00000006c9a00000, 0x00000006dcd00000, 0x000000076de00000)
  object space 314368K, 68% used [0x00000006c9a00000,0x00000006d6c94c50,0x00000006dcd00000)
 Metaspace       used 9243K, capacity 9596K, committed 9728K, reserved 1058816K
  class space    used 942K, capacity 944K, committed 1024K, reserved 1048576K
Event: 35,477 GC heap after
Heap after GC invocations=16 (full 1):
 PSYoungGen      total 558592K, used 129344K [0x000000076de00000, 0x000000079d580000, 0x00000007c0000000)
  eden space 420864K, 0% used [0x000000076de00000,0x000000076de00000,0x0000000787900000)
  from space 137728K, 93% used [0x0000000787900000,0x000000078f750110,0x000000078ff80000)
  to   space 154112K, 0% used [0x0000000793f00000,0x0000000793f00000,0x000000079d580000)
 ParOldGen       total 314368K, used 215635K [0x00000006c9a00000, 0x00000006dcd00000, 0x000000076de00000)
  object space 314368K, 68% used [0x00000006c9a00000,0x00000006d6c94c50,0x00000006dcd00000)
 Metaspace       used 9243K, capacity 9596K, committed 9728K, reserved 1058816K
  class space    used 942K, capacity 944K, committed 1024K, reserved 1048576K
}
Event: 39,063 GC heap before
{Heap before GC invocations=17 (full 1):
 PSYoungGen      total 558592K, used 550208K [0x000000076de00000, 0x000000079d580000, 0x00000007c0000000)
  eden space 420864K, 100% used [0x000000076de00000,0x0000000787900000,0x0000000787900000)
  from space 137728K, 93% used [0x0000000787900000,0x000000078f750110,0x000000078ff80000)
  to   space 154112K, 0% used [0x0000000793f00000,0x0000000793f00000,0x000000079d580000)
 ParOldGen       total 314368K, used 215635K [0x00000006c9a00000, 0x00000006dcd00000, 0x000000076de00000)
  object space 314368K, 68% used [0x00000006c9a00000,0x00000006d6c94c50,0x00000006dcd00000)
 Metaspace       used 9246K, capacity 9596K, committed 9728K, reserved 1058816K
  class space    used 942K, capacity 944K, committed 1024K, reserved 1048576K
Event: 39,957 GC heap after
Heap after GC invocations=17 (full 1):
 PSYoungGen      total 603648K, used 149037K [0x000000076de00000, 0x00000007a0a00000, 0x00000007c0000000)
  eden space 449536K, 0% used [0x000000076de00000,0x000000076de00000,0x0000000789500000)
  from space 154112K, 96% used [0x0000000793f00000,0x000000079d08b4b0,0x000000079d580000)
  to   space 174080K, 0% used [0x0000000789500000,0x0000000789500000,0x0000000793f00000)
 ParOldGen       total 314368K, used 215635K [0x00000006c9a00000, 0x00000006dcd00000, 0x000000076de00000)
  object space 314368K, 68% used [0x00000006c9a00000,0x00000006d6c94c50,0x00000006dcd00000)
 Metaspace       used 9246K, capacity 9596K, committed 9728K, reserved 1058816K
  class space    used 942K, capacity 944K, committed 1024K, reserved 1048576K
}
Event: 45,045 GC heap before
{Heap before GC invocations=18 (full 1):
 PSYoungGen      total 603648K, used 598573K [0x000000076de00000, 0x00000007a0a00000, 0x00000007c0000000)
  eden space 449536K, 100% used [0x000000076de00000,0x0000000789500000,0x0000000789500000)
  from space 154112K, 96% used [0x0000000793f00000,0x000000079d08b4b0,0x000000079d580000)
  to   space 174080K, 0% used [0x0000000789500000,0x0000000789500000,0x0000000793f00000)
 ParOldGen       total 314368K, used 215635K [0x00000006c9a00000, 0x00000006dcd00000, 0x000000076de00000)
  object space 314368K, 68% used [0x00000006c9a00000,0x00000006d6c94c50,0x00000006dcd00000)
 Metaspace       used 9247K, capacity 9596K, committed 9728K, reserved 1058816K
  class space    used 942K, capacity 944K, committed 1024K, reserved 1048576K
Event: 45,474 GC heap after
Heap after GC invocations=18 (full 1):
 PSYoungGen      total 623616K, used 168957K [0x000000076de00000, 0x00000007a4000000, 0x00000007c0000000)
  eden space 449536K, 0% used [0x000000076de00000,0x000000076de00000,0x0000000789500000)
  from space 174080K, 97% used [0x0000000789500000,0x00000007939ff4c0,0x0000000793f00000)
  to   space 197632K, 0% used [0x0000000797f00000,0x0000000797f00000,0x00000007a4000000)
 ParOldGen       total 314368K, used 215643K [0x00000006c9a00000, 0x00000006dcd00000, 0x000000076de00000)
  object space 314368K, 68% used [0x00000006c9a00000,0x00000006d6c96c50,0x00000006dcd00000)
 Metaspace       used 9247K, capacity 9596K, committed 9728K, reserved 1058816K
  class space    used 942K, capacity 944K, committed 1024K, reserved 1048576K
}
Event: 49,729 GC heap before
{Heap before GC invocations=19 (full 1):
 PSYoungGen      total 623616K, used 618493K [0x000000076de00000, 0x00000007a4000000, 0x00000007c0000000)
  eden space 449536K, 100% used [0x000000076de00000,0x0000000789500000,0x0000000789500000)
  from space 174080K, 97% used [0x0000000789500000,0x00000007939ff4c0,0x0000000793f00000)
  to   space 197632K, 0% used [0x0000000797f00000,0x0000000797f00000,0x00000007a4000000)
 ParOldGen       total 314368K, used 215643K [0x00000006c9a00000, 0x00000006dcd00000, 0x000000076de00000)
  object space 314368K, 68% used [0x00000006c9a00000,0x00000006d6c96c50,0x00000006dcd00000)
 Metaspace       used 9303K, capacity 9660K, committed 9984K, reserved 1058816K
  class space    used 942K, capacity 944K, committed 1024K, reserved 1048576K

