# JRE version: OpenJDK Runtime Environment (8.0_292-b10) (build 1.8.0_292-8u292-b10-0ubuntu1~16.04.1-b10)
# Java VM: OpenJDK 64-Bit Server VM (25.292-b10 mixed mode linux-amd64 compressed oops)
Heap:
 PSYoungGen      total 881152K, used 130890K [0x000000076de00000, 0x00000007c0000000, 0x00000007c0000000)
  eden space 448512K, 0% used [0x000000076de00000,0x000000076de00000,0x0000000789400000)
  from space 432640K, 30% used [0x00000007a5980000,0x00000007ad9528b8,0x00000007c0000000)
  to   space 448512K, 0% used [0x0000000789400000,0x0000000789400000,0x00000007a4a00000)
 ParOldGen       total 313344K, used 312951K [0x00000006c9a00000, 0x00000006dcc00000, 0x000000076de00000)
  object space 313344K, 99% used [0x00000006c9a00000,0x00000006dcb9dfe8,0x00000006dcc00000)
 Metaspace       used 10258K, capacity 10492K, committed 10624K, reserved 1058816K
  class space    used 1117K, capacity 1136K, committed 1152K, reserved 1048576K
GC Heap History (10 events):
Event: 55,563 GC heap after
Heap after GC invocations=23 (full 1):
 PSYoungGen      total 809472K, used 271763K [0x000000076de00000, 0x00000007b8f80000, 0x00000007c0000000)
  eden space 479232K, 0% used [0x000000076de00000,0x000000076de00000,0x000000078b200000)
  from space 330240K, 82% used [0x00000007a1180000,0x00000007b1ae4f58,0x00000007b5400000)
  to   space 359936K, 0% used [0x000000078b200000,0x000000078b200000,0x00000007a1180000)
 ParOldGen       total 313344K, used 229421K [0x00000006c9a00000, 0x00000006dcc00000, 0x000000076de00000)
  object space 313344K, 73% used [0x00000006c9a00000,0x00000006d7a0b748,0x00000006dcc00000)
 Metaspace       used 9310K, capacity 9692K, committed 9984K, reserved 1058816K
  class space    used 944K, capacity 976K, committed 1024K, reserved 1048576K
}
Event: 60,218 GC heap before
{Heap before GC invocations=24 (full 1):
 PSYoungGen      total 809472K, used 750995K [0x000000076de00000, 0x00000007b8f80000, 0x00000007c0000000)
  eden space 479232K, 100% used [0x000000076de00000,0x000000078b200000,0x000000078b200000)
  from space 330240K, 82% used [0x00000007a1180000,0x00000007b1ae4f58,0x00000007b5400000)
  to   space 359936K, 0% used [0x000000078b200000,0x000000078b200000,0x00000007a1180000)
 ParOldGen       total 313344K, used 229421K [0x00000006c9a00000, 0x00000006dcc00000, 0x000000076de00000)
  object space 313344K, 73% used [0x00000006c9a00000,0x00000006d7a0b748,0x00000006dcc00000)
 Metaspace       used 9314K, capacity 9692K, committed 9984K, reserved 1058816K
  class space    used 944K, capacity 976K, committed 1024K, reserved 1048576K
Event: 60,695 GC heap after
Heap after GC invocations=24 (full 1):
 PSYoungGen      total 839168K, used 283447K [0x000000076de00000, 0x00000007bca00000, 0x00000007c0000000)
  eden space 479232K, 0% used [0x000000076de00000,0x000000076de00000,0x000000078b200000)
  from space 359936K, 78% used [0x000000078b200000,0x000000079c6cde18,0x00000007a1180000)
  to   space 387072K, 0% used [0x00000007a5000000,0x00000007a5000000,0x00000007bca00000)
 ParOldGen       total 313344K, used 240293K [0x00000006c9a00000, 0x00000006dcc00000, 0x000000076de00000)
  object space 313344K, 76% used [0x00000006c9a00000,0x00000006d84a9768,0x00000006dcc00000)
 Metaspace       used 9314K, capacity 9692K, committed 9984K, reserved 1058816K
  class space    used 944K, capacity 976K, committed 1024K, reserved 1048576K
}
Event: 65,376 GC heap before
{Heap before GC invocations=25 (full 1):
 PSYoungGen      total 839168K, used 762679K [0x000000076de00000, 0x00000007bca00000, 0x00000007c0000000)
  eden space 479232K, 100% used [0x000000076de00000,0x000000078b200000,0x000000078b200000)
  from space 359936K, 78% used [0x000000078b200000,0x000000079c6cde18,0x00000007a1180000)
  to   space 387072K, 0% used [0x00000007a5000000,0x00000007a5000000,0x00000007bca00000)
 ParOldGen       total 313344K, used 240293K [0x00000006c9a00000, 0x00000006dcc00000, 0x000000076de00000)
  object space 313344K, 76% used [0x00000006c9a00000,0x00000006d84a9768,0x00000006dcc00000)
 Metaspace       used 9315K, capacity 9692K, committed 9984K, reserved 1058816K
  class space    used 944K, capacity 976K, committed 1024K, reserved 1048576K
Event: 66,483 GC heap after
Heap after GC invocations=25 (full 1):
 PSYoungGen      total 878080K, used 294279K [0x000000076de00000, 0x00000007c0000000, 0x00000007c0000000)
  eden space 491008K, 0% used [0x000000076de00000,0x000000076de00000,0x000000078bd80000)
  from space 387072K, 76% used [0x00000007a5000000,0x00000007b6f61e28,0x00000007bca00000)
  to   space 412160K, 0% used [0x000000078bd80000,0x000000078bd80000,0x00000007a5000000)
 ParOldGen       total 313344K, used 252433K [0x00000006c9a00000, 0x00000006dcc00000, 0x000000076de00000)
  object space 313344K, 80% used [0x00000006c9a00000,0x00000006d9084778,0x00000006dcc00000)
 Metaspace       used 9315K, capacity 9692K, committed 9984K, reserved 1058816K
  class space    used 944K, capacity 976K, committed 1024K, reserved 1048576K
}
Event: 81,521 GC heap before
{Heap before GC invocations=26 (full 1):
 PSYoungGen      total 878080K, used 785287K [0x000000076de00000, 0x00000007c0000000, 0x00000007c0000000)
  eden space 491008K, 100% used [0x000000076de00000,0x000000078bd80000,0x000000078bd80000)
  from space 387072K, 76% used [0x00000007a5000000,0x00000007b6f61e28,0x00000007bca00000)
  to   space 412160K, 0% used [0x000000078bd80000,0x000000078bd80000,0x00000007a5000000)
 ParOldGen       total 313344K, used 252433K [0x00000006c9a00000, 0x00000006dcc00000, 0x000000076de00000)
  object space 313344K, 80% used [0x00000006c9a00000,0x00000006d9084778,0x00000006dcc00000)
 Metaspace       used 9375K, capacity 9756K, committed 9984K, reserved 1058816K
  class space    used 947K, capacity 976K, committed 1024K, reserved 1048576K
Event: 82,305 GC heap after
Heap after GC invocations=26 (full 1):
 PSYoungGen      total 903168K, used 297452K [0x000000076de00000, 0x00000007c0000000, 0x00000007c0000000)
  eden space 491008K, 0% used [0x000000076de00000,0x000000076de00000,0x000000078bd80000)
  from space 412160K, 72% used [0x000000078bd80000,0x000000079dffb090,0x00000007a5000000)
  to   space 432640K, 0% used [0x00000007a5980000,0x00000007a5980000,0x00000007c0000000)
 ParOldGen       total 313344K, used 267197K [0x00000006c9a00000, 0x00000006dcc00000, 0x000000076de00000)
  object space 313344K, 85% used [0x00000006c9a00000,0x00000006d9eef798,0x00000006dcc00000)
 Metaspace       used 9375K, capacity 9756K, committed 9984K, reserved 1058816K
  class space    used 947K, capacity 976K, committed 1024K, reserved 1048576K
}
Event: 84,843 GC heap before
{Heap before GC invocations=27 (full 1):
 PSYoungGen      total 903168K, used 788460K [0x000000076de00000, 0x00000007c0000000, 0x00000007c0000000)
  eden space 491008K, 100% used [0x000000076de00000,0x000000078bd80000,0x000000078bd80000)
  from space 412160K, 72% used [0x000000078bd80000,0x000000079dffb090,0x00000007a5000000)
  to   space 432640K, 0% used [0x00000007a5980000,0x00000007a5980000,0x00000007c0000000)
 ParOldGen       total 313344K, used 267197K [0x00000006c9a00000, 0x00000006dcc00000, 0x000000076de00000)
  object space 313344K, 85% used [0x00000006c9a00000,0x00000006d9eef798,0x00000006dcc00000)
 Metaspace       used 10258K, capacity 10492K, committed 10624K, reserved 1058816K
  class space    used 1117K, capacity 1136K, committed 1152K, reserved 1048576K
Event: 85,581 GC heap after
Heap after GC invocations=27 (full 1):
 PSYoungGen      total 881152K, used 318167K [0x000000076de00000, 0x00000007c0000000, 0x00000007c0000000)
  eden space 448512K, 0% used [0x000000076de00000,0x000000076de00000,0x0000000789400000)
  from space 432640K, 73% used [0x00000007a5980000,0x00000007b9035e48,0x00000007c0000000)
  to   space 448512K, 0% used [0x0000000789400000,0x0000000789400000,0x00000007a4a00000)
 ParOldGen       total 313344K, used 282298K [0x00000006c9a00000, 0x00000006dcc00000, 0x000000076de00000)
  object space 313344K, 90% used [0x00000006c9a00000,0x00000006dadae818,0x00000006dcc00000)
 Metaspace       used 10258K, capacity 10492K, committed 10624K, reserved 1058816K
  class space    used 1117K, capacity 1136K, committed 1152K, reserved 1048576K
}
Event: 85,582 GC heap before
{Heap before GC invocations=28 (full 2):
 PSYoungGen      total 881152K, used 318167K [0x000000076de00000, 0x00000007c0000000, 0x00000007c0000000)
  eden space 448512K, 0% used [0x000000076de00000,0x000000076de00000,0x0000000789400000)
  from space 432640K, 73% used [0x00000007a5980000,0x00000007b9035e48,0x00000007c0000000)
  to   space 448512K, 0% used [0x0000000789400000,0x0000000789400000,0x00000007a4a00000)
 ParOldGen       total 313344K, used 282298K [0x00000006c9a00000, 0x00000006dcc00000, 0x000000076de00000)
  object space 313344K, 90% used [0x00000006c9a00000,0x00000006dadae818,0x00000006dcc00000)
 Metaspace       used 10258K, capacity 10492K, committed 10624K, reserved 1058816K
  class space    used 1117K, capacity 1136K, committed 1152K, reserved 1048576K

