# JRE version: OpenJDK Runtime Environment (8.0_292-b10) (build 1.8.0_292-8u292-b10-0ubuntu1~16.04.1-b10)
# Java VM: OpenJDK 64-Bit Server VM (25.292-b10 mixed mode linux-amd64 compressed oops)
Heap:
 PSYoungGen      total 266240K, used 10208K [0x000000076de00000, 0x000000077ec00000, 0x00000007c0000000)
  eden space 256000K, 0% used [0x000000076de00000,0x000000076de00000,0x000000077d800000)
  from space 10240K, 99% used [0x000000077d800000,0x000000077e1f8020,0x000000077e200000)
  to   space 10240K, 0% used [0x000000077e200000,0x000000077e200000,0x000000077ec00000)
 ParOldGen       total 313856K, used 179190K [0x00000006c9a00000, 0x00000006dcc80000, 0x000000076de00000)
  object space 313856K, 57% used [0x00000006c9a00000,0x00000006d48fda60,0x00000006dcc80000)
 Metaspace       used 8914K, capacity 9404K, committed 9728K, reserved 1058816K
  class space    used 919K, capacity 944K, committed 1024K, reserved 1048576K
GC Heap History (10 events):
Event: 1,870 GC heap after
Heap after GC invocations=1 (full 0):
 PSYoungGen      total 74240K, used 10208K [0x000000076de00000, 0x0000000776f00000, 0x00000007c0000000)
  eden space 64000K, 0% used [0x000000076de00000,0x000000076de00000,0x0000000771c80000)
  from space 10240K, 99% used [0x0000000771c80000,0x0000000772678030,0x0000000772680000)
  to   space 10240K, 0% used [0x0000000776500000,0x0000000776500000,0x0000000776f00000)
 ParOldGen       total 169472K, used 13387K [0x00000006c9a00000, 0x00000006d3f80000, 0x000000076de00000)
  object space 169472K, 7% used [0x00000006c9a00000,0x00000006ca712e98,0x00000006d3f80000)
 Metaspace       used 5412K, capacity 6292K, committed 6528K, reserved 1056768K
  class space    used 559K, capacity 584K, committed 640K, reserved 1048576K
}
Event: 2,607 GC heap before
{Heap before GC invocations=2 (full 0):
 PSYoungGen      total 74240K, used 74208K [0x000000076de00000, 0x0000000776f00000, 0x00000007c0000000)
  eden space 64000K, 100% used [0x000000076de00000,0x0000000771c80000,0x0000000771c80000)
  from space 10240K, 99% used [0x0000000771c80000,0x0000000772678030,0x0000000772680000)
  to   space 10240K, 0% used [0x0000000776500000,0x0000000776500000,0x0000000776f00000)
 ParOldGen       total 169472K, used 13387K [0x00000006c9a00000, 0x00000006d3f80000, 0x000000076de00000)
  object space 169472K, 7% used [0x00000006c9a00000,0x00000006ca712e98,0x00000006d3f80000)
 Metaspace       used 5482K, capacity 6292K, committed 6528K, reserved 1056768K
  class space    used 559K, capacity 584K, committed 640K, reserved 1048576K
Event: 2,742 GC heap after
Heap after GC invocations=2 (full 0):
 PSYoungGen      total 138240K, used 10240K [0x000000076de00000, 0x0000000776f00000, 0x00000007c0000000)
  eden space 128000K, 0% used [0x000000076de00000,0x000000076de00000,0x0000000775b00000)
  from space 10240K, 100% used [0x0000000776500000,0x0000000776f00000,0x0000000776f00000)
  to   space 10240K, 0% used [0x0000000775b00000,0x0000000775b00000,0x0000000776500000)
 ParOldGen       total 169472K, used 38089K [0x00000006c9a00000, 0x00000006d3f80000, 0x000000076de00000)
  object space 169472K, 22% used [0x00000006c9a00000,0x00000006cbf325d8,0x00000006d3f80000)
 Metaspace       used 5482K, capacity 6292K, committed 6528K, reserved 1056768K
  class space    used 559K, capacity 584K, committed 640K, reserved 1048576K
}
Event: 4,116 GC heap before
{Heap before GC invocations=3 (full 0):
 PSYoungGen      total 138240K, used 138240K [0x000000076de00000, 0x0000000776f00000, 0x00000007c0000000)
  eden space 128000K, 100% used [0x000000076de00000,0x0000000775b00000,0x0000000775b00000)
  from space 10240K, 100% used [0x0000000776500000,0x0000000776f00000,0x0000000776f00000)
  to   space 10240K, 0% used [0x0000000775b00000,0x0000000775b00000,0x0000000776500000)
 ParOldGen       total 169472K, used 38089K [0x00000006c9a00000, 0x00000006d3f80000, 0x000000076de00000)
  object space 169472K, 22% used [0x00000006c9a00000,0x00000006cbf325d8,0x00000006d3f80000)
 Metaspace       used 5490K, capacity 6356K, committed 6528K, reserved 1056768K
  class space    used 560K, capacity 584K, committed 640K, reserved 1048576K
Event: 4,286 GC heap after
Heap after GC invocations=3 (full 0):
 PSYoungGen      total 138240K, used 10240K [0x000000076de00000, 0x000000077ec00000, 0x00000007c0000000)
  eden space 128000K, 0% used [0x000000076de00000,0x000000076de00000,0x0000000775b00000)
  from space 10240K, 100% used [0x0000000775b00000,0x0000000776500000,0x0000000776500000)
  to   space 10240K, 0% used [0x000000077e200000,0x000000077e200000,0x000000077ec00000)
 ParOldGen       total 169472K, used 86369K [0x00000006c9a00000, 0x00000006d3f80000, 0x000000076de00000)
  object space 169472K, 50% used [0x00000006c9a00000,0x00000006cee58440,0x00000006d3f80000)
 Metaspace       used 5490K, capacity 6356K, committed 6528K, reserved 1056768K
  class space    used 560K, capacity 584K, committed 640K, reserved 1048576K
}
Event: 5,276 GC heap before
{Heap before GC invocations=4 (full 0):
 PSYoungGen      total 138240K, used 138240K [0x000000076de00000, 0x000000077ec00000, 0x00000007c0000000)
  eden space 128000K, 100% used [0x000000076de00000,0x0000000775b00000,0x0000000775b00000)
  from space 10240K, 100% used [0x0000000775b00000,0x0000000776500000,0x0000000776500000)
  to   space 10240K, 0% used [0x000000077e200000,0x000000077e200000,0x000000077ec00000)
 ParOldGen       total 169472K, used 86369K [0x00000006c9a00000, 0x00000006d3f80000, 0x000000076de00000)
  object space 169472K, 50% used [0x00000006c9a00000,0x00000006cee58440,0x00000006d3f80000)
 Metaspace       used 5502K, capacity 6356K, committed 6528K, reserved 1056768K
  class space    used 560K, capacity 584K, committed 640K, reserved 1048576K
Event: 5,418 GC heap after
Heap after GC invocations=4 (full 0):
 PSYoungGen      total 266240K, used 10208K [0x000000076de00000, 0x000000077ec00000, 0x00000007c0000000)
  eden space 256000K, 0% used [0x000000076de00000,0x000000076de00000,0x000000077d800000)
  from space 10240K, 99% used [0x000000077e200000,0x000000077ebf8010,0x000000077ec00000)
  to   space 10240K, 0% used [0x000000077d800000,0x000000077d800000,0x000000077e200000)
 ParOldGen       total 169472K, used 133013K [0x00000006c9a00000, 0x00000006d3f80000, 0x000000076de00000)
  object space 169472K, 78% used [0x00000006c9a00000,0x00000006d1be55f8,0x00000006d3f80000)
 Metaspace       used 5502K, capacity 6356K, committed 6528K, reserved 1056768K
  class space    used 560K, capacity 584K, committed 640K, reserved 1048576K
}
Event: 5,418 GC heap before
{Heap before GC invocations=5 (full 1):
 PSYoungGen      total 266240K, used 10208K [0x000000076de00000, 0x000000077ec00000, 0x00000007c0000000)
  eden space 256000K, 0% used [0x000000076de00000,0x000000076de00000,0x000000077d800000)
  from space 10240K, 99% used [0x000000077e200000,0x000000077ebf8010,0x000000077ec00000)
  to   space 10240K, 0% used [0x000000077d800000,0x000000077d800000,0x000000077e200000)
 ParOldGen       total 169472K, used 133013K [0x00000006c9a00000, 0x00000006d3f80000, 0x000000076de00000)
  object space 169472K, 78% used [0x00000006c9a00000,0x00000006d1be55f8,0x00000006d3f80000)
 Metaspace       used 5502K, capacity 6356K, committed 6528K, reserved 1056768K
  class space    used 560K, capacity 584K, committed 640K, reserved 1048576K
Event: 7,668 GC heap after
Heap after GC invocations=5 (full 1):
 PSYoungGen      total 266240K, used 0K [0x000000076de00000, 0x000000077ec00000, 0x00000007c0000000)
  eden space 256000K, 0% used [0x000000076de00000,0x000000076de00000,0x000000077d800000)
  from space 10240K, 0% used [0x000000077e200000,0x000000077e200000,0x000000077ec00000)
  to   space 10240K, 0% used [0x000000077d800000,0x000000077d800000,0x000000077e200000)
 ParOldGen       total 313856K, used 140280K [0x00000006c9a00000, 0x00000006dcc80000, 0x000000076de00000)
  object space 313856K, 44% used [0x00000006c9a00000,0x00000006d22fe3e0,0x00000006dcc80000)
 Metaspace       used 5502K, capacity 6356K, committed 6528K, reserved 1056768K
  class space    used 560K, capacity 584K, committed 640K, reserved 1048576K
}
Event: 30,749 GC heap before
{Heap before GC invocations=6 (full 1):
 PSYoungGen      total 266240K, used 256000K [0x000000076de00000, 0x000000077ec00000, 0x00000007c0000000)
  eden space 256000K, 100% used [0x000000076de00000,0x000000077d800000,0x000000077d800000)
  from space 10240K, 0% used [0x000000077e200000,0x000000077e200000,0x000000077ec00000)
  to   space 10240K, 0% used [0x000000077d800000,0x000000077d800000,0x000000077e200000)
 ParOldGen       total 313856K, used 140280K [0x00000006c9a00000, 0x00000006dcc80000, 0x000000076de00000)
  object space 313856K, 44% used [0x00000006c9a00000,0x00000006d22fe3e0,0x00000006dcc80000)
 Metaspace       used 8914K, capacity 9404K, committed 9728K, reserved 1058816K
  class space    used 919K, capacity 944K, committed 1024K, reserved 1048576K

