# JRE version: OpenJDK Runtime Environment (8.0_292-b10) (build 1.8.0_292-8u292-b10-0ubuntu1~16.04.1-b10)
# Java VM: OpenJDK 64-Bit Server VM (25.292-b10 mixed mode linux-amd64 compressed oops)
Heap:
 PSYoungGen      total 537600K, used 25588K [0x000000076de00000, 0x0000000790400000, 0x00000007c0000000)
  eden space 512000K, 0% used [0x000000076de00000,0x000000076de00000,0x000000078d200000)
  from space 25600K, 99% used [0x000000078d200000,0x000000078eafd168,0x000000078eb00000)
  to   space 24576K, 0% used [0x000000078ec00000,0x000000078ec00000,0x0000000790400000)
 ParOldGen       total 169472K, used 56432K [0x00000006c9a00000, 0x00000006d3f80000, 0x000000076de00000)
  object space 169472K, 33% used [0x00000006c9a00000,0x00000006cd11c150,0x00000006d3f80000)
 Metaspace       used 13518K, capacity 13654K, committed 13952K, reserved 1062912K
  class space    used 1292K, capacity 1331K, committed 1408K, reserved 1048576K
GC Heap History (10 events):
Event: 1,025 GC heap after
Heap after GC invocations=2 (full 0):
 PSYoungGen      total 138240K, used 10208K [0x000000076de00000, 0x0000000776f00000, 0x00000007c0000000)
  eden space 128000K, 0% used [0x000000076de00000,0x000000076de00000,0x0000000775b00000)
  from space 10240K, 99% used [0x0000000776500000,0x0000000776ef8020,0x0000000776f00000)
  to   space 10240K, 0% used [0x0000000775b00000,0x0000000775b00000,0x0000000776500000)
 ParOldGen       total 169472K, used 20632K [0x00000006c9a00000, 0x00000006d3f80000, 0x000000076de00000)
  object space 169472K, 12% used [0x00000006c9a00000,0x00000006cae26388,0x00000006d3f80000)
 Metaspace       used 11801K, capacity 11894K, committed 12160K, reserved 1060864K
  class space    used 1261K, capacity 1299K, committed 1408K, reserved 1048576K
}
Event: 1,708 GC heap before
{Heap before GC invocations=3 (full 0):
 PSYoungGen      total 138240K, used 138208K [0x000000076de00000, 0x0000000776f00000, 0x00000007c0000000)
  eden space 128000K, 100% used [0x000000076de00000,0x0000000775b00000,0x0000000775b00000)
  from space 10240K, 99% used [0x0000000776500000,0x0000000776ef8020,0x0000000776f00000)
  to   space 10240K, 0% used [0x0000000775b00000,0x0000000775b00000,0x0000000776500000)
 ParOldGen       total 169472K, used 20632K [0x00000006c9a00000, 0x00000006d3f80000, 0x000000076de00000)
  object space 169472K, 12% used [0x00000006c9a00000,0x00000006cae26388,0x00000006d3f80000)
 Metaspace       used 12473K, capacity 12630K, committed 12928K, reserved 1060864K
  class space    used 1283K, capacity 1331K, committed 1408K, reserved 1048576K
Event: 1,731 GC heap after
Heap after GC invocations=3 (full 0):
 PSYoungGen      total 138240K, used 10221K [0x000000076de00000, 0x000000077ec00000, 0x00000007c0000000)
  eden space 128000K, 0% used [0x000000076de00000,0x000000076de00000,0x0000000775b00000)
  from space 10240K, 99% used [0x0000000775b00000,0x00000007764fb700,0x0000000776500000)
  to   space 10240K, 0% used [0x000000077e200000,0x000000077e200000,0x000000077ec00000)
 ParOldGen       total 169472K, used 31383K [0x00000006c9a00000, 0x00000006d3f80000, 0x000000076de00000)
  object space 169472K, 18% used [0x00000006c9a00000,0x00000006cb8a5c80,0x00000006d3f80000)
 Metaspace       used 12473K, capacity 12630K, committed 12928K, reserved 1060864K
  class space    used 1283K, capacity 1331K, committed 1408K, reserved 1048576K
}
Event: 2,006 GC heap before
{Heap before GC invocations=4 (full 0):
 PSYoungGen      total 138240K, used 138221K [0x000000076de00000, 0x000000077ec00000, 0x00000007c0000000)
  eden space 128000K, 100% used [0x000000076de00000,0x0000000775b00000,0x0000000775b00000)
  from space 10240K, 99% used [0x0000000775b00000,0x00000007764fb700,0x0000000776500000)
  to   space 10240K, 0% used [0x000000077e200000,0x000000077e200000,0x000000077ec00000)
 ParOldGen       total 169472K, used 31383K [0x00000006c9a00000, 0x00000006d3f80000, 0x000000076de00000)
  object space 169472K, 18% used [0x00000006c9a00000,0x00000006cb8a5c80,0x00000006d3f80000)
 Metaspace       used 12583K, capacity 12694K, committed 12928K, reserved 1060864K
  class space    used 1283K, capacity 1331K, committed 1408K, reserved 1048576K
Event: 2,025 GC heap after
Heap after GC invocations=4 (full 0):
 PSYoungGen      total 266240K, used 10220K [0x000000076de00000, 0x000000077ec00000, 0x00000007c0000000)
  eden space 256000K, 0% used [0x000000076de00000,0x000000076de00000,0x000000077d800000)
  from space 10240K, 99% used [0x000000077e200000,0x000000077ebfb0a0,0x000000077ec00000)
  to   space 10240K, 0% used [0x000000077d800000,0x000000077d800000,0x000000077e200000)
 ParOldGen       total 169472K, used 38058K [0x00000006c9a00000, 0x00000006d3f80000, 0x000000076de00000)
  object space 169472K, 22% used [0x00000006c9a00000,0x00000006cbf2aa10,0x00000006d3f80000)
 Metaspace       used 12583K, capacity 12694K, committed 12928K, reserved 1060864K
  class space    used 1283K, capacity 1331K, committed 1408K, reserved 1048576K
}
Event: 2,613 GC heap before
{Heap before GC invocations=5 (full 0):
 PSYoungGen      total 266240K, used 266220K [0x000000076de00000, 0x000000077ec00000, 0x00000007c0000000)
  eden space 256000K, 100% used [0x000000076de00000,0x000000077d800000,0x000000077d800000)
  from space 10240K, 99% used [0x000000077e200000,0x000000077ebfb0a0,0x000000077ec00000)
  to   space 10240K, 0% used [0x000000077d800000,0x000000077d800000,0x000000077e200000)
 ParOldGen       total 169472K, used 38058K [0x00000006c9a00000, 0x00000006d3f80000, 0x000000076de00000)
  object space 169472K, 22% used [0x00000006c9a00000,0x00000006cbf2aa10,0x00000006d3f80000)
 Metaspace       used 12757K, capacity 12822K, committed 12928K, reserved 1060864K
  class space    used 1284K, capacity 1331K, committed 1408K, reserved 1048576K
Event: 2,635 GC heap after
Heap after GC invocations=5 (full 0):
 PSYoungGen      total 266240K, used 10215K [0x000000076de00000, 0x0000000790600000, 0x00000007c0000000)
  eden space 256000K, 0% used [0x000000076de00000,0x000000076de00000,0x000000077d800000)
  from space 10240K, 99% used [0x000000077d800000,0x000000077e1f9e60,0x000000077e200000)
  to   space 26624K, 0% used [0x000000078ec00000,0x000000078ec00000,0x0000000790600000)
 ParOldGen       total 169472K, used 44792K [0x00000006c9a00000, 0x00000006d3f80000, 0x000000076de00000)
  object space 169472K, 26% used [0x00000006c9a00000,0x00000006cc5be1c8,0x00000006d3f80000)
 Metaspace       used 12757K, capacity 12822K, committed 12928K, reserved 1060864K
  class space    used 1284K, capacity 1331K, committed 1408K, reserved 1048576K
}
Event: 3,486 GC heap before
{Heap before GC invocations=6 (full 0):
 PSYoungGen      total 266240K, used 266215K [0x000000076de00000, 0x0000000790600000, 0x00000007c0000000)
  eden space 256000K, 100% used [0x000000076de00000,0x000000077d800000,0x000000077d800000)
  from space 10240K, 99% used [0x000000077d800000,0x000000077e1f9e60,0x000000077e200000)
  to   space 26624K, 0% used [0x000000078ec00000,0x000000078ec00000,0x0000000790600000)
 ParOldGen       total 169472K, used 44792K [0x00000006c9a00000, 0x00000006d3f80000, 0x000000076de00000)
  object space 169472K, 26% used [0x00000006c9a00000,0x00000006cc5be1c8,0x00000006d3f80000)
 Metaspace       used 13261K, capacity 13334K, committed 13440K, reserved 1060864K
  class space    used 1288K, capacity 1331K, committed 1408K, reserved 1048576K
Event: 3,507 GC heap after
Heap after GC invocations=6 (full 0):
 PSYoungGen      total 536576K, used 18735K [0x000000076de00000, 0x0000000790400000, 0x00000007c0000000)
  eden space 512000K, 0% used [0x000000076de00000,0x000000076de00000,0x000000078d200000)
  from space 24576K, 76% used [0x000000078ec00000,0x000000078fe4bce0,0x0000000790400000)
  to   space 25600K, 0% used [0x000000078d200000,0x000000078d200000,0x000000078eb00000)
 ParOldGen       total 169472K, used 44800K [0x00000006c9a00000, 0x00000006d3f80000, 0x000000076de00000)
  object space 169472K, 26% used [0x00000006c9a00000,0x00000006cc5c01c8,0x00000006d3f80000)
 Metaspace       used 13261K, capacity 13334K, committed 13440K, reserved 1060864K
  class space    used 1288K, capacity 1331K, committed 1408K, reserved 1048576K
}
Event: 4,845 GC heap before
{Heap before GC invocations=7 (full 0):
 PSYoungGen      total 536576K, used 530735K [0x000000076de00000, 0x0000000790400000, 0x00000007c0000000)
  eden space 512000K, 100% used [0x000000076de00000,0x000000078d200000,0x000000078d200000)
  from space 24576K, 76% used [0x000000078ec00000,0x000000078fe4bce0,0x0000000790400000)
  to   space 25600K, 0% used [0x000000078d200000,0x000000078d200000,0x000000078eb00000)
 ParOldGen       total 169472K, used 44800K [0x00000006c9a00000, 0x00000006d3f80000, 0x000000076de00000)
  object space 169472K, 26% used [0x00000006c9a00000,0x00000006cc5c01c8,0x00000006d3f80000)
 Metaspace       used 13518K, capacity 13654K, committed 13952K, reserved 1062912K
  class space    used 1292K, capacity 1331K, committed 1408K, reserved 1048576K

