# JRE version: OpenJDK Runtime Environment (8.0_292-b10) (build 1.8.0_292-8u292-b10-0ubuntu1~16.04.1-b10)
# Java VM: OpenJDK 64-Bit Server VM (25.292-b10 mixed mode linux-amd64 compressed oops)
Heap:
 PSYoungGen      total 720384K, used 168106K [0x000000076de00000, 0x00000007a7700000, 0x00000007c0000000)
  eden space 529920K, 0% used [0x000000076de00000,0x000000076de00000,0x000000078e380000)
  from space 190464K, 88% used [0x000000078e380000,0x00000007987aabe8,0x0000000799d80000)
  to   space 164864K, 0% used [0x0000000799d80000,0x0000000799d80000,0x00000007a3e80000)
 ParOldGen       total 310272K, used 253241K [0x00000006c9a00000, 0x00000006dc900000, 0x000000076de00000)
  object space 310272K, 81% used [0x00000006c9a00000,0x00000006d914e680,0x00000006dc900000)
 Metaspace       used 9249K, capacity 9596K, committed 9728K, reserved 1058816K
  class space    used 941K, capacity 944K, committed 1024K, reserved 1048576K
GC Heap History (10 events):
Event: 16,527 GC heap after
Heap after GC invocations=13 (full 1):
 PSYoungGen      total 563712K, used 101867K [0x000000076de00000, 0x0000000799b80000, 0x00000007c0000000)
  eden space 461824K, 0% used [0x000000076de00000,0x000000076de00000,0x000000078a100000)
  from space 101888K, 99% used [0x0000000791580000,0x00000007978fadb8,0x0000000797900000)
  to   space 119296K, 0% used [0x000000078a100000,0x000000078a100000,0x0000000791580000)
 ParOldGen       total 310272K, used 211322K [0x00000006c9a00000, 0x00000006dc900000, 0x000000076de00000)
  object space 310272K, 68% used [0x00000006c9a00000,0x00000006d685e8b8,0x00000006dc900000)
 Metaspace       used 9191K, capacity 9596K, committed 9728K, reserved 1058816K
  class space    used 941K, capacity 944K, committed 1024K, reserved 1048576K
}
Event: 18,173 GC heap before
{Heap before GC invocations=14 (full 1):
 PSYoungGen      total 563712K, used 563691K [0x000000076de00000, 0x0000000799b80000, 0x00000007c0000000)
  eden space 461824K, 100% used [0x000000076de00000,0x000000078a100000,0x000000078a100000)
  from space 101888K, 99% used [0x0000000791580000,0x00000007978fadb8,0x0000000797900000)
  to   space 119296K, 0% used [0x000000078a100000,0x000000078a100000,0x0000000791580000)
 ParOldGen       total 310272K, used 211322K [0x00000006c9a00000, 0x00000006dc900000, 0x000000076de00000)
  object space 310272K, 68% used [0x00000006c9a00000,0x00000006d685e8b8,0x00000006dc900000)
 Metaspace       used 9194K, capacity 9596K, committed 9728K, reserved 1058816K
  class space    used 941K, capacity 944K, committed 1024K, reserved 1048576K
Event: 18,277 GC heap after
Heap after GC invocations=14 (full 1):
 PSYoungGen      total 581120K, used 99147K [0x000000076de00000, 0x000000079d080000, 0x00000007c0000000)
  eden space 461824K, 0% used [0x000000076de00000,0x000000076de00000,0x000000078a100000)
  from space 119296K, 83% used [0x000000078a100000,0x00000007901d2da8,0x0000000791580000)
  to   space 128512K, 0% used [0x0000000795300000,0x0000000795300000,0x000000079d080000)
 ParOldGen       total 310272K, used 229306K [0x00000006c9a00000, 0x00000006dc900000, 0x000000076de00000)
  object space 310272K, 73% used [0x00000006c9a00000,0x00000006d79ee918,0x00000006dc900000)
 Metaspace       used 9194K, capacity 9596K, committed 9728K, reserved 1058816K
  class space    used 941K, capacity 944K, committed 1024K, reserved 1048576K
}
Event: 20,890 GC heap before
{Heap before GC invocations=15 (full 1):
 PSYoungGen      total 581120K, used 560971K [0x000000076de00000, 0x000000079d080000, 0x00000007c0000000)
  eden space 461824K, 100% used [0x000000076de00000,0x000000078a100000,0x000000078a100000)
  from space 119296K, 83% used [0x000000078a100000,0x00000007901d2da8,0x0000000791580000)
  to   space 128512K, 0% used [0x0000000795300000,0x0000000795300000,0x000000079d080000)
 ParOldGen       total 310272K, used 229306K [0x00000006c9a00000, 0x00000006dc900000, 0x000000076de00000)
  object space 310272K, 73% used [0x00000006c9a00000,0x00000006d79ee918,0x00000006dc900000)
 Metaspace       used 9200K, capacity 9596K, committed 9728K, reserved 1058816K
  class space    used 941K, capacity 944K, committed 1024K, reserved 1048576K
Event: 20,986 GC heap after
Heap after GC invocations=15 (full 1):
 PSYoungGen      total 628224K, used 122891K [0x000000076de00000, 0x000000079ed00000, 0x00000007c0000000)
  eden space 499712K, 0% used [0x000000076de00000,0x000000076de00000,0x000000078c600000)
  from space 128512K, 95% used [0x0000000795300000,0x000000079cb02de8,0x000000079d080000)
  to   space 144384K, 0% used [0x000000078c600000,0x000000078c600000,0x0000000795300000)
 ParOldGen       total 310272K, used 229306K [0x00000006c9a00000, 0x00000006dc900000, 0x000000076de00000)
  object space 310272K, 73% used [0x00000006c9a00000,0x00000006d79ee918,0x00000006dc900000)
 Metaspace       used 9200K, capacity 9596K, committed 9728K, reserved 1058816K
  class space    used 941K, capacity 944K, committed 1024K, reserved 1048576K
}
Event: 23,057 GC heap before
{Heap before GC invocations=16 (full 1):
 PSYoungGen      total 628224K, used 622603K [0x000000076de00000, 0x000000079ed00000, 0x00000007c0000000)
  eden space 499712K, 100% used [0x000000076de00000,0x000000078c600000,0x000000078c600000)
  from space 128512K, 95% used [0x0000000795300000,0x000000079cb02de8,0x000000079d080000)
  to   space 144384K, 0% used [0x000000078c600000,0x000000078c600000,0x0000000795300000)
 ParOldGen       total 310272K, used 229306K [0x00000006c9a00000, 0x00000006dc900000, 0x000000076de00000)
  object space 310272K, 73% used [0x00000006c9a00000,0x00000006d79ee918,0x00000006dc900000)
 Metaspace       used 9213K, capacity 9596K, committed 9728K, reserved 1058816K
  class space    used 941K, capacity 944K, committed 1024K, reserved 1048576K
Event: 23,165 GC heap after
Heap after GC invocations=16 (full 1):
 PSYoungGen      total 644096K, used 143931K [0x000000076de00000, 0x00000007a3e80000, 0x00000007c0000000)
  eden space 499712K, 0% used [0x000000076de00000,0x000000076de00000,0x000000078c600000)
  from space 144384K, 99% used [0x000000078c600000,0x000000079528edf8,0x0000000795300000)
  to   space 164864K, 0% used [0x0000000799d80000,0x0000000799d80000,0x00000007a3e80000)
 ParOldGen       total 310272K, used 229306K [0x00000006c9a00000, 0x00000006dc900000, 0x000000076de00000)
  object space 310272K, 73% used [0x00000006c9a00000,0x00000006d79ee918,0x00000006dc900000)
 Metaspace       used 9213K, capacity 9596K, committed 9728K, reserved 1058816K
  class space    used 941K, capacity 944K, committed 1024K, reserved 1048576K
}
Event: 25,649 GC heap before
{Heap before GC invocations=17 (full 1):
 PSYoungGen      total 644096K, used 643643K [0x000000076de00000, 0x00000007a3e80000, 0x00000007c0000000)
  eden space 499712K, 100% used [0x000000076de00000,0x000000078c600000,0x000000078c600000)
  from space 144384K, 99% used [0x000000078c600000,0x000000079528edf8,0x0000000795300000)
  to   space 164864K, 0% used [0x0000000799d80000,0x0000000799d80000,0x00000007a3e80000)
 ParOldGen       total 310272K, used 229306K [0x00000006c9a00000, 0x00000006dc900000, 0x000000076de00000)
  object space 310272K, 73% used [0x00000006c9a00000,0x00000006d79ee918,0x00000006dc900000)
 Metaspace       used 9213K, capacity 9596K, committed 9728K, reserved 1058816K
  class space    used 941K, capacity 944K, committed 1024K, reserved 1048576K
Event: 25,851 GC heap after
Heap after GC invocations=17 (full 1):
 PSYoungGen      total 694784K, used 164854K [0x000000076de00000, 0x00000007a7700000, 0x00000007c0000000)
  eden space 529920K, 0% used [0x000000076de00000,0x000000076de00000,0x000000078e380000)
  from space 164864K, 99% used [0x0000000799d80000,0x00000007a3e7d8d0,0x00000007a3e80000)
  to   space 190464K, 0% used [0x000000078e380000,0x000000078e380000,0x0000000799d80000)
 ParOldGen       total 310272K, used 233458K [0x00000006c9a00000, 0x00000006dc900000, 0x000000076de00000)
  object space 310272K, 75% used [0x00000006c9a00000,0x00000006d7dfc918,0x00000006dc900000)
 Metaspace       used 9213K, capacity 9596K, committed 9728K, reserved 1058816K
  class space    used 941K, capacity 944K, committed 1024K, reserved 1048576K
}
Event: 30,990 GC heap before
{Heap before GC invocations=18 (full 1):
 PSYoungGen      total 694784K, used 694774K [0x000000076de00000, 0x00000007a7700000, 0x00000007c0000000)
  eden space 529920K, 100% used [0x000000076de00000,0x000000078e380000,0x000000078e380000)
  from space 164864K, 99% used [0x0000000799d80000,0x00000007a3e7d8d0,0x00000007a3e80000)
  to   space 190464K, 0% used [0x000000078e380000,0x000000078e380000,0x0000000799d80000)
 ParOldGen       total 310272K, used 233458K [0x00000006c9a00000, 0x00000006dc900000, 0x000000076de00000)
  object space 310272K, 75% used [0x00000006c9a00000,0x00000006d7dfc918,0x00000006dc900000)
 Metaspace       used 9249K, capacity 9596K, committed 9728K, reserved 1058816K
  class space    used 941K, capacity 944K, committed 1024K, reserved 1048576K

