# JRE version: OpenJDK Runtime Environment (8.0_292-b10) (build 1.8.0_292-8u292-b10-0ubuntu1~16.04.1-b10)
# Java VM: OpenJDK 64-Bit Server VM (25.292-b10 mixed mode linux-amd64 compressed oops)
Heap:
 PSYoungGen      total 528384K, used 11451K [0x000000076de00000, 0x000000078f300000, 0x00000007c0000000)
  eden space 511488K, 0% used [0x000000076de00000,0x000000076de00000,0x000000078d180000)
  from space 16896K, 67% used [0x000000078d180000,0x000000078dcaee98,0x000000078e200000)
  to   space 16384K, 0% used [0x000000078e200000,0x000000078e200000,0x000000078f200000)
 ParOldGen       total 169472K, used 22638K [0x00000006c9a00000, 0x00000006d3f80000, 0x000000076de00000)
  object space 169472K, 13% used [0x00000006c9a00000,0x00000006cb01bba0,0x00000006d3f80000)
 Metaspace       used 11594K, capacity 11664K, committed 11904K, reserved 1060864K
  class space    used 1133K, capacity 1138K, committed 1152K, reserved 1048576K
GC Heap History (10 events):
Event: 1,152 GC heap after
Heap after GC invocations=2 (full 0):
 PSYoungGen      total 138240K, used 10233K [0x000000076de00000, 0x0000000776f00000, 0x00000007c0000000)
  eden space 128000K, 0% used [0x000000076de00000,0x000000076de00000,0x0000000775b00000)
  from space 10240K, 99% used [0x0000000776500000,0x0000000776efe758,0x0000000776f00000)
  to   space 10240K, 0% used [0x0000000775b00000,0x0000000775b00000,0x0000000776500000)
 ParOldGen       total 169472K, used 8496K [0x00000006c9a00000, 0x00000006d3f80000, 0x000000076de00000)
  object space 169472K, 5% used [0x00000006c9a00000,0x00000006ca24c2b8,0x00000006d3f80000)
 Metaspace       used 10308K, capacity 10448K, committed 10624K, reserved 1058816K
  class space    used 1108K, capacity 1138K, committed 1152K, reserved 1048576K
}
Event: 1,700 GC heap before
{Heap before GC invocations=3 (full 0):
 PSYoungGen      total 138240K, used 138233K [0x000000076de00000, 0x0000000776f00000, 0x00000007c0000000)
  eden space 128000K, 100% used [0x000000076de00000,0x0000000775b00000,0x0000000775b00000)
  from space 10240K, 99% used [0x0000000776500000,0x0000000776efe758,0x0000000776f00000)
  to   space 10240K, 0% used [0x0000000775b00000,0x0000000775b00000,0x0000000776500000)
 ParOldGen       total 169472K, used 8496K [0x00000006c9a00000, 0x00000006d3f80000, 0x000000076de00000)
  object space 169472K, 5% used [0x00000006c9a00000,0x00000006ca24c2b8,0x00000006d3f80000)
 Metaspace       used 10859K, capacity 10896K, committed 11136K, reserved 1058816K
  class space    used 1121K, capacity 1138K, committed 1152K, reserved 1048576K
Event: 1,711 GC heap after
Heap after GC invocations=3 (full 0):
 PSYoungGen      total 138240K, used 10224K [0x000000076de00000, 0x000000077ec00000, 0x00000007c0000000)
  eden space 128000K, 0% used [0x000000076de00000,0x000000076de00000,0x0000000775b00000)
  from space 10240K, 99% used [0x0000000775b00000,0x00000007764fc010,0x0000000776500000)
  to   space 10240K, 0% used [0x000000077e200000,0x000000077e200000,0x000000077ec00000)
 ParOldGen       total 169472K, used 9241K [0x00000006c9a00000, 0x00000006d3f80000, 0x000000076de00000)
  object space 169472K, 5% used [0x00000006c9a00000,0x00000006ca306618,0x00000006d3f80000)
 Metaspace       used 10859K, capacity 10896K, committed 11136K, reserved 1058816K
  class space    used 1121K, capacity 1138K, committed 1152K, reserved 1048576K
}
Event: 2,025 GC heap before
{Heap before GC invocations=4 (full 0):
 PSYoungGen      total 138240K, used 138224K [0x000000076de00000, 0x000000077ec00000, 0x00000007c0000000)
  eden space 128000K, 100% used [0x000000076de00000,0x0000000775b00000,0x0000000775b00000)
  from space 10240K, 99% used [0x0000000775b00000,0x00000007764fc010,0x0000000776500000)
  to   space 10240K, 0% used [0x000000077e200000,0x000000077e200000,0x000000077ec00000)
 ParOldGen       total 169472K, used 9241K [0x00000006c9a00000, 0x00000006d3f80000, 0x000000076de00000)
  object space 169472K, 5% used [0x00000006c9a00000,0x00000006ca306618,0x00000006d3f80000)
 Metaspace       used 10975K, capacity 11024K, committed 11136K, reserved 1058816K
  class space    used 1122K, capacity 1138K, committed 1152K, reserved 1048576K
Event: 2,055 GC heap after
Heap after GC invocations=4 (full 0):
 PSYoungGen      total 266240K, used 10217K [0x000000076de00000, 0x000000077ec00000, 0x00000007c0000000)
  eden space 256000K, 0% used [0x000000076de00000,0x000000076de00000,0x000000077d800000)
  from space 10240K, 99% used [0x000000077e200000,0x000000077ebfa4b8,0x000000077ec00000)
  to   space 10240K, 0% used [0x000000077d800000,0x000000077d800000,0x000000077e200000)
 ParOldGen       total 169472K, used 13037K [0x00000006c9a00000, 0x00000006d3f80000, 0x000000076de00000)
  object space 169472K, 7% used [0x00000006c9a00000,0x00000006ca6bb578,0x00000006d3f80000)
 Metaspace       used 10975K, capacity 11024K, committed 11136K, reserved 1058816K
  class space    used 1122K, capacity 1138K, committed 1152K, reserved 1048576K
}
Event: 2,643 GC heap before
{Heap before GC invocations=5 (full 0):
 PSYoungGen      total 266240K, used 266217K [0x000000076de00000, 0x000000077ec00000, 0x00000007c0000000)
  eden space 256000K, 100% used [0x000000076de00000,0x000000077d800000,0x000000077d800000)
  from space 10240K, 99% used [0x000000077e200000,0x000000077ebfa4b8,0x000000077ec00000)
  to   space 10240K, 0% used [0x000000077d800000,0x000000077d800000,0x000000077e200000)
 ParOldGen       total 169472K, used 13037K [0x00000006c9a00000, 0x00000006d3f80000, 0x000000076de00000)
  object space 169472K, 7% used [0x00000006c9a00000,0x00000006ca6bb578,0x00000006d3f80000)
 Metaspace       used 11116K, capacity 11152K, committed 11392K, reserved 1058816K
  class space    used 1122K, capacity 1138K, committed 1152K, reserved 1048576K
Event: 2,655 GC heap after
Heap after GC invocations=5 (full 0):
 PSYoungGen      total 266240K, used 10237K [0x000000076de00000, 0x000000078f200000, 0x00000007c0000000)
  eden space 256000K, 0% used [0x000000076de00000,0x000000076de00000,0x000000077d800000)
  from space 10240K, 99% used [0x000000077d800000,0x000000077e1ff508,0x000000077e200000)
  to   space 16384K, 0% used [0x000000078e200000,0x000000078e200000,0x000000078f200000)
 ParOldGen       total 169472K, used 15474K [0x00000006c9a00000, 0x00000006d3f80000, 0x000000076de00000)
  object space 169472K, 9% used [0x00000006c9a00000,0x00000006ca91c8d0,0x00000006d3f80000)
 Metaspace       used 11116K, capacity 11152K, committed 11392K, reserved 1058816K
  class space    used 1122K, capacity 1138K, committed 1152K, reserved 1048576K
}
Event: 3,413 GC heap before
{Heap before GC invocations=6 (full 0):
 PSYoungGen      total 266240K, used 266237K [0x000000076de00000, 0x000000078f200000, 0x00000007c0000000)
  eden space 256000K, 100% used [0x000000076de00000,0x000000077d800000,0x000000077d800000)
  from space 10240K, 99% used [0x000000077d800000,0x000000077e1ff508,0x000000077e200000)
  to   space 16384K, 0% used [0x000000078e200000,0x000000078e200000,0x000000078f200000)
 ParOldGen       total 169472K, used 15474K [0x00000006c9a00000, 0x00000006d3f80000, 0x000000076de00000)
  object space 169472K, 9% used [0x00000006c9a00000,0x00000006ca91c8d0,0x00000006d3f80000)
 Metaspace       used 11406K, capacity 11536K, committed 11648K, reserved 1060864K
  class space    used 1126K, capacity 1138K, committed 1152K, reserved 1048576K
Event: 3,426 GC heap after
Heap after GC invocations=6 (full 0):
 PSYoungGen      total 527872K, used 15145K [0x000000076de00000, 0x000000078f300000, 0x00000007c0000000)
  eden space 511488K, 0% used [0x000000076de00000,0x000000076de00000,0x000000078d180000)
  from space 16384K, 92% used [0x000000078e200000,0x000000078f0ca6b8,0x000000078f200000)
  to   space 16896K, 0% used [0x000000078d180000,0x000000078d180000,0x000000078e200000)
 ParOldGen       total 169472K, used 15482K [0x00000006c9a00000, 0x00000006d3f80000, 0x000000076de00000)
  object space 169472K, 9% used [0x00000006c9a00000,0x00000006ca91e8d0,0x00000006d3f80000)
 Metaspace       used 11406K, capacity 11536K, committed 11648K, reserved 1060864K
  class space    used 1126K, capacity 1138K, committed 1152K, reserved 1048576K
}
Event: 4,740 GC heap before
{Heap before GC invocations=7 (full 0):
 PSYoungGen      total 527872K, used 526633K [0x000000076de00000, 0x000000078f300000, 0x00000007c0000000)
  eden space 511488K, 100% used [0x000000076de00000,0x000000078d180000,0x000000078d180000)
  from space 16384K, 92% used [0x000000078e200000,0x000000078f0ca6b8,0x000000078f200000)
  to   space 16896K, 0% used [0x000000078d180000,0x000000078d180000,0x000000078e200000)
 ParOldGen       total 169472K, used 15482K [0x00000006c9a00000, 0x00000006d3f80000, 0x000000076de00000)
  object space 169472K, 9% used [0x00000006c9a00000,0x00000006ca91e8d0,0x00000006d3f80000)
 Metaspace       used 11594K, capacity 11664K, committed 11904K, reserved 1060864K
  class space    used 1133K, capacity 1138K, committed 1152K, reserved 1048576K

