# JRE version: OpenJDK Runtime Environment (8.0_292-b10) (build 1.8.0_292-8u292-b10-0ubuntu1~16.04.1-b10)
# Java VM: OpenJDK 64-Bit Server VM (25.292-b10 mixed mode linux-amd64 compressed oops)
Heap:
 PSYoungGen      total 816640K, used 81529K [0x000000076de00000, 0x00000007ba000000, 0x00000007c0000000)
  eden space 431104K, 0% used [0x000000076de00000,0x000000076de00000,0x0000000788300000)
  from space 385536K, 21% used [0x0000000788300000,0x000000078d29e500,0x000000079fb80000)
  to   space 393216K, 0% used [0x00000007a2000000,0x00000007a2000000,0x00000007ba000000)
 ParOldGen       total 314368K, used 314055K [0x00000006c9a00000, 0x00000006dcd00000, 0x000000076de00000)
  object space 314368K, 99% used [0x00000006c9a00000,0x00000006dccb1f58,0x00000006dcd00000)
 Metaspace       used 9372K, capacity 9756K, committed 9984K, reserved 1058816K
  class space    used 943K, capacity 976K, committed 1024K, reserved 1048576K
GC Heap History (10 events):
Event: 42,707 GC heap after
Heap after GC invocations=24 (full 1):
 PSYoungGen      total 724992K, used 246860K [0x000000076de00000, 0x00000007b2180000, 0x00000007c0000000)
  eden space 407040K, 0% used [0x000000076de00000,0x000000076de00000,0x0000000786b80000)
  from space 317952K, 77% used [0x0000000786b80000,0x0000000795c932b8,0x000000079a200000)
  to   space 339968K, 0% used [0x000000079d580000,0x000000079d580000,0x00000007b2180000)
 ParOldGen       total 314368K, used 233530K [0x00000006c9a00000, 0x00000006dcd00000, 0x000000076de00000)
  object space 314368K, 74% used [0x00000006c9a00000,0x00000006d7e0eaa0,0x00000006dcd00000)
 Metaspace       used 9313K, capacity 9660K, committed 9984K, reserved 1058816K
  class space    used 939K, capacity 944K, committed 1024K, reserved 1048576K
}
Event: 44,984 GC heap before
{Heap before GC invocations=25 (full 1):
 PSYoungGen      total 724992K, used 653900K [0x000000076de00000, 0x00000007b2180000, 0x00000007c0000000)
  eden space 407040K, 100% used [0x000000076de00000,0x0000000786b80000,0x0000000786b80000)
  from space 317952K, 77% used [0x0000000786b80000,0x0000000795c932b8,0x000000079a200000)
  to   space 339968K, 0% used [0x000000079d580000,0x000000079d580000,0x00000007b2180000)
 ParOldGen       total 314368K, used 233530K [0x00000006c9a00000, 0x00000006dcd00000, 0x000000076de00000)
  object space 314368K, 74% used [0x00000006c9a00000,0x00000006d7e0eaa0,0x00000006dcd00000)
 Metaspace       used 9315K, capacity 9724K, committed 9984K, reserved 1058816K
  class space    used 939K, capacity 944K, committed 1024K, reserved 1048576K
Event: 45,130 GC heap after
Heap after GC invocations=25 (full 1):
 PSYoungGen      total 760320K, used 248044K [0x000000076de00000, 0x00000007b4280000, 0x00000007c0000000)
  eden space 420352K, 0% used [0x000000076de00000,0x000000076de00000,0x0000000787880000)
  from space 339968K, 72% used [0x000000079d580000,0x00000007ac7bb2b8,0x00000007b2180000)
  to   space 357376K, 0% used [0x0000000787880000,0x0000000787880000,0x000000079d580000)
 ParOldGen       total 314368K, used 249266K [0x00000006c9a00000, 0x00000006dcd00000, 0x000000076de00000)
  object space 314368K, 79% used [0x00000006c9a00000,0x00000006d8d6caa0,0x00000006dcd00000)
 Metaspace       used 9315K, capacity 9724K, committed 9984K, reserved 1058816K
  class space    used 939K, capacity 944K, committed 1024K, reserved 1048576K
}
Event: 48,644 GC heap before
{Heap before GC invocations=26 (full 1):
 PSYoungGen      total 760320K, used 668396K [0x000000076de00000, 0x00000007b4280000, 0x00000007c0000000)
  eden space 420352K, 100% used [0x000000076de00000,0x0000000787880000,0x0000000787880000)
  from space 339968K, 72% used [0x000000079d580000,0x00000007ac7bb2b8,0x00000007b2180000)
  to   space 357376K, 0% used [0x0000000787880000,0x0000000787880000,0x000000079d580000)
 ParOldGen       total 314368K, used 249266K [0x00000006c9a00000, 0x00000006dcd00000, 0x000000076de00000)
  object space 314368K, 79% used [0x00000006c9a00000,0x00000006d8d6caa0,0x00000006dcd00000)
 Metaspace       used 9315K, capacity 9724K, committed 9984K, reserved 1058816K
  class space    used 939K, capacity 944K, committed 1024K, reserved 1048576K
Event: 48,987 GC heap after
Heap after GC invocations=26 (full 1):
 PSYoungGen      total 777728K, used 253292K [0x000000076de00000, 0x00000007b6680000, 0x00000007c0000000)
  eden space 420352K, 0% used [0x000000076de00000,0x000000076de00000,0x0000000787880000)
  from space 357376K, 70% used [0x0000000787880000,0x0000000796fdb2d8,0x000000079d580000)
  to   space 371712K, 0% used [0x000000079fb80000,0x000000079fb80000,0x00000007b6680000)
 ParOldGen       total 314368K, used 262366K [0x00000006c9a00000, 0x00000006dcd00000, 0x000000076de00000)
  object space 314368K, 83% used [0x00000006c9a00000,0x00000006d9a37b30,0x00000006dcd00000)
 Metaspace       used 9315K, capacity 9724K, committed 9984K, reserved 1058816K
  class space    used 939K, capacity 944K, committed 1024K, reserved 1048576K
}
Event: 51,970 GC heap before
{Heap before GC invocations=27 (full 1):
 PSYoungGen      total 777728K, used 673644K [0x000000076de00000, 0x00000007b6680000, 0x00000007c0000000)
  eden space 420352K, 100% used [0x000000076de00000,0x0000000787880000,0x0000000787880000)
  from space 357376K, 70% used [0x0000000787880000,0x0000000796fdb2d8,0x000000079d580000)
  to   space 371712K, 0% used [0x000000079fb80000,0x000000079fb80000,0x00000007b6680000)
 ParOldGen       total 314368K, used 262366K [0x00000006c9a00000, 0x00000006dcd00000, 0x000000076de00000)
  object space 314368K, 83% used [0x00000006c9a00000,0x00000006d9a37b30,0x00000006dcd00000)
 Metaspace       used 9316K, capacity 9724K, committed 9984K, reserved 1058816K
  class space    used 939K, capacity 944K, committed 1024K, reserved 1048576K
Event: 52,483 GC heap after
Heap after GC invocations=27 (full 1):
 PSYoungGen      total 802816K, used 260956K [0x000000076de00000, 0x00000007b8600000, 0x00000007c0000000)
  eden space 431104K, 0% used [0x000000076de00000,0x000000076de00000,0x0000000788300000)
  from space 371712K, 70% used [0x000000079fb80000,0x00000007afa572c8,0x00000007b6680000)
  to   space 385536K, 0% used [0x0000000788300000,0x0000000788300000,0x000000079fb80000)
 ParOldGen       total 314368K, used 275774K [0x00000006c9a00000, 0x00000006dcd00000, 0x000000076de00000)
  object space 314368K, 87% used [0x00000006c9a00000,0x00000006da74fb50,0x00000006dcd00000)
 Metaspace       used 9316K, capacity 9724K, committed 9984K, reserved 1058816K
  class space    used 939K, capacity 944K, committed 1024K, reserved 1048576K
}
Event: 55,588 GC heap before
{Heap before GC invocations=28 (full 1):
 PSYoungGen      total 802816K, used 692060K [0x000000076de00000, 0x00000007b8600000, 0x00000007c0000000)
  eden space 431104K, 100% used [0x000000076de00000,0x0000000788300000,0x0000000788300000)
  from space 371712K, 70% used [0x000000079fb80000,0x00000007afa572c8,0x00000007b6680000)
  to   space 385536K, 0% used [0x0000000788300000,0x0000000788300000,0x000000079fb80000)
 ParOldGen       total 314368K, used 275774K [0x00000006c9a00000, 0x00000006dcd00000, 0x000000076de00000)
  object space 314368K, 87% used [0x00000006c9a00000,0x00000006da74fb50,0x00000006dcd00000)
 Metaspace       used 9372K, capacity 9756K, committed 9984K, reserved 1058816K
  class space    used 943K, capacity 976K, committed 1024K, reserved 1048576K
Event: 55,912 GC heap after
Heap after GC invocations=28 (full 1):
 PSYoungGen      total 816640K, used 255553K [0x000000076de00000, 0x00000007ba000000, 0x00000007c0000000)
  eden space 431104K, 0% used [0x000000076de00000,0x000000076de00000,0x0000000788300000)
  from space 385536K, 66% used [0x0000000788300000,0x0000000797c90540,0x000000079fb80000)
  to   space 393216K, 0% used [0x00000007a2000000,0x00000007a2000000,0x00000007ba000000)
 ParOldGen       total 314368K, used 290494K [0x00000006c9a00000, 0x00000006dcd00000, 0x000000076de00000)
  object space 314368K, 92% used [0x00000006c9a00000,0x00000006db5afb50,0x00000006dcd00000)
 Metaspace       used 9372K, capacity 9756K, committed 9984K, reserved 1058816K
  class space    used 943K, capacity 976K, committed 1024K, reserved 1048576K
}
Event: 55,912 GC heap before
{Heap before GC invocations=29 (full 2):
 PSYoungGen      total 816640K, used 255553K [0x000000076de00000, 0x00000007ba000000, 0x00000007c0000000)
  eden space 431104K, 0% used [0x000000076de00000,0x000000076de00000,0x0000000788300000)
  from space 385536K, 66% used [0x0000000788300000,0x0000000797c90540,0x000000079fb80000)
  to   space 393216K, 0% used [0x00000007a2000000,0x00000007a2000000,0x00000007ba000000)
 ParOldGen       total 314368K, used 290494K [0x00000006c9a00000, 0x00000006dcd00000, 0x000000076de00000)
  object space 314368K, 92% used [0x00000006c9a00000,0x00000006db5afb50,0x00000006dcd00000)
 Metaspace       used 9372K, capacity 9756K, committed 9984K, reserved 1058816K
  class space    used 943K, capacity 976K, committed 1024K, reserved 1048576K

