# JRE version: OpenJDK Runtime Environment (8.0_292-b10) (build 1.8.0_292-8u292-b10-0ubuntu1~16.04.1-b10)
# Java VM: OpenJDK 64-Bit Server VM (25.292-b10 mixed mode linux-amd64 compressed oops)
Heap:
 PSYoungGen      total 906752K, used 90013K [0x000000076de00000, 0x00000007c0000000, 0x00000007c0000000)
  eden space 487424K, 0% used [0x000000076de00000,0x000000076de00000,0x000000078ba00000)
  from space 419328K, 21% used [0x00000007a6400000,0x00000007abbe7590,0x00000007bfd80000)
  to   space 429056K, 0% used [0x000000078ba00000,0x000000078ba00000,0x00000007a5d00000)
 ParOldGen       total 311808K, used 311496K [0x00000006c9a00000, 0x00000006dca80000, 0x000000076de00000)
  object space 311808K, 99% used [0x00000006c9a00000,0x00000006dca32170,0x00000006dca80000)
 Metaspace       used 10333K, capacity 10556K, committed 10624K, reserved 1058816K
  class space    used 1104K, capacity 1136K, committed 1152K, reserved 1048576K
GC Heap History (10 events):
Event: 34,988 GC heap after
Heap after GC invocations=23 (full 1):
 PSYoungGen      total 787456K, used 266280K [0x000000076de00000, 0x00000007b7200000, 0x00000007c0000000)
  eden space 464384K, 0% used [0x000000076de00000,0x000000076de00000,0x000000078a380000)
  from space 323072K, 82% used [0x000000079fb80000,0x00000007aff8a288,0x00000007b3700000)
  to   space 352256K, 0% used [0x000000078a380000,0x000000078a380000,0x000000079fb80000)
 ParOldGen       total 311808K, used 226484K [0x00000006c9a00000, 0x00000006dca80000, 0x000000076de00000)
  object space 311808K, 72% used [0x00000006c9a00000,0x00000006d772d238,0x00000006dca80000)
 Metaspace       used 9312K, capacity 9692K, committed 9984K, reserved 1058816K
  class space    used 943K, capacity 976K, committed 1024K, reserved 1048576K
}
Event: 37,340 GC heap before
{Heap before GC invocations=24 (full 1):
 PSYoungGen      total 787456K, used 730664K [0x000000076de00000, 0x00000007b7200000, 0x00000007c0000000)
  eden space 464384K, 100% used [0x000000076de00000,0x000000078a380000,0x000000078a380000)
  from space 323072K, 82% used [0x000000079fb80000,0x00000007aff8a288,0x00000007b3700000)
  to   space 352256K, 0% used [0x000000078a380000,0x000000078a380000,0x000000079fb80000)
 ParOldGen       total 311808K, used 226484K [0x00000006c9a00000, 0x00000006dca80000, 0x000000076de00000)
  object space 311808K, 72% used [0x00000006c9a00000,0x00000006d772d238,0x00000006dca80000)
 Metaspace       used 9317K, capacity 9692K, committed 9984K, reserved 1058816K
  class space    used 943K, capacity 976K, committed 1024K, reserved 1048576K
Event: 37,482 GC heap after
Heap after GC invocations=24 (full 1):
 PSYoungGen      total 816640K, used 275064K [0x000000076de00000, 0x00000007ba600000, 0x00000007c0000000)
  eden space 464384K, 0% used [0x000000076de00000,0x000000076de00000,0x000000078a380000)
  from space 352256K, 78% used [0x000000078a380000,0x000000079b01e278,0x000000079fb80000)
  to   space 377856K, 0% used [0x00000007a3500000,0x00000007a3500000,0x00000007ba600000)
 ParOldGen       total 311808K, used 237900K [0x00000006c9a00000, 0x00000006dca80000, 0x000000076de00000)
  object space 311808K, 76% used [0x00000006c9a00000,0x00000006d8253258,0x00000006dca80000)
 Metaspace       used 9317K, capacity 9692K, committed 9984K, reserved 1058816K
  class space    used 943K, capacity 976K, committed 1024K, reserved 1048576K
}
Event: 39,567 GC heap before
{Heap before GC invocations=25 (full 1):
 PSYoungGen      total 816640K, used 739448K [0x000000076de00000, 0x00000007ba600000, 0x00000007c0000000)
  eden space 464384K, 100% used [0x000000076de00000,0x000000078a380000,0x000000078a380000)
  from space 352256K, 78% used [0x000000078a380000,0x000000079b01e278,0x000000079fb80000)
  to   space 377856K, 0% used [0x00000007a3500000,0x00000007a3500000,0x00000007ba600000)
 ParOldGen       total 311808K, used 237900K [0x00000006c9a00000, 0x00000006dca80000, 0x000000076de00000)
  object space 311808K, 76% used [0x00000006c9a00000,0x00000006d8253258,0x00000006dca80000)
 Metaspace       used 9317K, capacity 9692K, committed 9984K, reserved 1058816K
  class space    used 943K, capacity 976K, committed 1024K, reserved 1048576K
Event: 39,735 GC heap after
Heap after GC invocations=25 (full 1):
 PSYoungGen      total 851968K, used 285080K [0x000000076de00000, 0x00000007bd580000, 0x00000007c0000000)
  eden space 474112K, 0% used [0x000000076de00000,0x000000076de00000,0x000000078ad00000)
  from space 377856K, 75% used [0x00000007a3500000,0x00000007b4b66278,0x00000007ba600000)
  to   space 401408K, 0% used [0x000000078ad00000,0x000000078ad00000,0x00000007a3500000)
 ParOldGen       total 311808K, used 250000K [0x00000006c9a00000, 0x00000006dca80000, 0x000000076de00000)
  object space 311808K, 80% used [0x00000006c9a00000,0x00000006d8e24268,0x00000006dca80000)
 Metaspace       used 9317K, capacity 9692K, committed 9984K, reserved 1058816K
  class space    used 943K, capacity 976K, committed 1024K, reserved 1048576K
}
Event: 41,453 GC heap before
{Heap before GC invocations=26 (full 1):
 PSYoungGen      total 851968K, used 759192K [0x000000076de00000, 0x00000007bd580000, 0x00000007c0000000)
  eden space 474112K, 100% used [0x000000076de00000,0x000000078ad00000,0x000000078ad00000)
  from space 377856K, 75% used [0x00000007a3500000,0x00000007b4b66278,0x00000007ba600000)
  to   space 401408K, 0% used [0x000000078ad00000,0x000000078ad00000,0x00000007a3500000)
 ParOldGen       total 311808K, used 250000K [0x00000006c9a00000, 0x00000006dca80000, 0x000000076de00000)
  object space 311808K, 80% used [0x00000006c9a00000,0x00000006d8e24268,0x00000006dca80000)
 Metaspace       used 9376K, capacity 9756K, committed 9984K, reserved 1058816K
  class space    used 947K, capacity 976K, committed 1024K, reserved 1048576K
Event: 41,646 GC heap after
Heap after GC invocations=26 (full 1):
 PSYoungGen      total 875520K, used 284477K [0x000000076de00000, 0x00000007bfd80000, 0x00000007c0000000)
  eden space 474112K, 0% used [0x000000076de00000,0x000000076de00000,0x000000078ad00000)
  from space 401408K, 70% used [0x000000078ad00000,0x000000079c2cf4e0,0x00000007a3500000)
  to   space 419328K, 0% used [0x00000007a6400000,0x00000007a6400000,0x00000007bfd80000)
 ParOldGen       total 311808K, used 263788K [0x00000006c9a00000, 0x00000006dca80000, 0x000000076de00000)
  object space 311808K, 84% used [0x00000006c9a00000,0x00000006d9b9b2a8,0x00000006dca80000)
 Metaspace       used 9376K, capacity 9756K, committed 9984K, reserved 1058816K
  class space    used 947K, capacity 976K, committed 1024K, reserved 1048576K
}
Event: 42,960 GC heap before
{Heap before GC invocations=27 (full 1):
 PSYoungGen      total 875520K, used 758589K [0x000000076de00000, 0x00000007bfd80000, 0x00000007c0000000)
  eden space 474112K, 100% used [0x000000076de00000,0x000000078ad00000,0x000000078ad00000)
  from space 401408K, 70% used [0x000000078ad00000,0x000000079c2cf4e0,0x00000007a3500000)
  to   space 419328K, 0% used [0x00000007a6400000,0x00000007a6400000,0x00000007bfd80000)
 ParOldGen       total 311808K, used 263788K [0x00000006c9a00000, 0x00000006dca80000, 0x000000076de00000)
  object space 311808K, 84% used [0x00000006c9a00000,0x00000006d9b9b2a8,0x00000006dca80000)
 Metaspace       used 10333K, capacity 10556K, committed 10624K, reserved 1058816K
  class space    used 1104K, capacity 1136K, committed 1152K, reserved 1048576K
Event: 43,328 GC heap after
Heap after GC invocations=27 (full 1):
 PSYoungGen      total 906752K, used 275643K [0x000000076de00000, 0x00000007c0000000, 0x00000007c0000000)
  eden space 487424K, 0% used [0x000000076de00000,0x000000076de00000,0x000000078ba00000)
  from space 419328K, 65% used [0x00000007a6400000,0x00000007b712ee08,0x00000007bfd80000)
  to   space 429056K, 0% used [0x000000078ba00000,0x000000078ba00000,0x00000007a5d00000)
 ParOldGen       total 311808K, used 277756K [0x00000006c9a00000, 0x00000006dca80000, 0x000000076de00000)
  object space 311808K, 89% used [0x00000006c9a00000,0x00000006da93f338,0x00000006dca80000)
 Metaspace       used 10333K, capacity 10556K, committed 10624K, reserved 1058816K
  class space    used 1104K, capacity 1136K, committed 1152K, reserved 1048576K
}
Event: 43,329 GC heap before
{Heap before GC invocations=28 (full 2):
 PSYoungGen      total 906752K, used 275643K [0x000000076de00000, 0x00000007c0000000, 0x00000007c0000000)
  eden space 487424K, 0% used [0x000000076de00000,0x000000076de00000,0x000000078ba00000)
  from space 419328K, 65% used [0x00000007a6400000,0x00000007b712ee08,0x00000007bfd80000)
  to   space 429056K, 0% used [0x000000078ba00000,0x000000078ba00000,0x00000007a5d00000)
 ParOldGen       total 311808K, used 277756K [0x00000006c9a00000, 0x00000006dca80000, 0x000000076de00000)
  object space 311808K, 89% used [0x00000006c9a00000,0x00000006da93f338,0x00000006dca80000)
 Metaspace       used 10333K, capacity 10556K, committed 10624K, reserved 1058816K
  class space    used 1104K, capacity 1136K, committed 1152K, reserved 1048576K

