# JRE version: OpenJDK Runtime Environment (8.0_292-b10) (build 1.8.0_292-8u292-b10-0ubuntu1~16.04.1-b10)
# Java VM: OpenJDK 64-Bit Server VM (25.292-b10 mixed mode linux-amd64 compressed oops)
Heap:
 PSYoungGen      total 812544K, used 79871K [0x000000076de00000, 0x00000007b7e80000, 0x00000007c0000000)
  eden space 416768K, 0% used [0x000000076de00000,0x000000076de00000,0x0000000787500000)
  from space 395776K, 20% used [0x000000079f780000,0x00000007a457fff8,0x00000007b7a00000)
  to   space 395776K, 0% used [0x0000000787500000,0x0000000787500000,0x000000079f780000)
 ParOldGen       total 315904K, used 315812K [0x00000006c9a00000, 0x00000006dce80000, 0x000000076de00000)
  object space 315904K, 99% used [0x00000006c9a00000,0x00000006dce69368,0x00000006dce80000)
 Metaspace       used 9496K, capacity 9852K, committed 9984K, reserved 1058816K
  class space    used 961K, capacity 1008K, committed 1024K, reserved 1048576K
GC Heap History (10 events):
Event: 54,147 GC heap after
Heap after GC invocations=25 (full 1):
 PSYoungGen      total 735744K, used 249731K [0x000000076de00000, 0x00000007b2d00000, 0x00000007c0000000)
  eden space 393728K, 0% used [0x000000076de00000,0x000000076de00000,0x0000000785e80000)
  from space 342016K, 73% used [0x000000079bd80000,0x00000007ab160f88,0x00000007b0b80000)
  to   space 359424K, 0% used [0x0000000785e80000,0x0000000785e80000,0x000000079bd80000)
 ParOldGen       total 315904K, used 244870K [0x00000006c9a00000, 0x00000006dce80000, 0x000000076de00000)
  object space 315904K, 77% used [0x00000006c9a00000,0x00000006d8921888,0x00000006dce80000)
 Metaspace       used 9327K, capacity 9692K, committed 9984K, reserved 1058816K
  class space    used 944K, capacity 976K, committed 1024K, reserved 1048576K
}
Event: 58,720 GC heap before
{Heap before GC invocations=26 (full 1):
 PSYoungGen      total 735744K, used 643459K [0x000000076de00000, 0x00000007b2d00000, 0x00000007c0000000)
  eden space 393728K, 100% used [0x000000076de00000,0x0000000785e80000,0x0000000785e80000)
  from space 342016K, 73% used [0x000000079bd80000,0x00000007ab160f88,0x00000007b0b80000)
  to   space 359424K, 0% used [0x0000000785e80000,0x0000000785e80000,0x000000079bd80000)
 ParOldGen       total 315904K, used 244870K [0x00000006c9a00000, 0x00000006dce80000, 0x000000076de00000)
  object space 315904K, 77% used [0x00000006c9a00000,0x00000006d8921888,0x00000006dce80000)
 Metaspace       used 9331K, capacity 9692K, committed 9984K, reserved 1058816K
  class space    used 944K, capacity 976K, committed 1024K, reserved 1048576K
Event: 58,922 GC heap after
Heap after GC invocations=26 (full 1):
 PSYoungGen      total 753152K, used 253107K [0x000000076de00000, 0x00000007b4800000, 0x00000007c0000000)
  eden space 393728K, 0% used [0x000000076de00000,0x000000076de00000,0x0000000785e80000)
  from space 359424K, 70% used [0x0000000785e80000,0x00000007955acf68,0x000000079bd80000)
  to   space 373760K, 0% used [0x000000079db00000,0x000000079db00000,0x00000007b4800000)
 ParOldGen       total 315904K, used 258838K [0x00000006c9a00000, 0x00000006dce80000, 0x000000076de00000)
  object space 315904K, 81% used [0x00000006c9a00000,0x00000006d96c58e8,0x00000006dce80000)
 Metaspace       used 9331K, capacity 9692K, committed 9984K, reserved 1058816K
  class space    used 944K, capacity 976K, committed 1024K, reserved 1048576K
}
Event: 62,211 GC heap before
{Heap before GC invocations=27 (full 1):
 PSYoungGen      total 753152K, used 646835K [0x000000076de00000, 0x00000007b4800000, 0x00000007c0000000)
  eden space 393728K, 100% used [0x000000076de00000,0x0000000785e80000,0x0000000785e80000)
  from space 359424K, 70% used [0x0000000785e80000,0x00000007955acf68,0x000000079bd80000)
  to   space 373760K, 0% used [0x000000079db00000,0x000000079db00000,0x00000007b4800000)
 ParOldGen       total 315904K, used 258838K [0x00000006c9a00000, 0x00000006dce80000, 0x000000076de00000)
  object space 315904K, 81% used [0x00000006c9a00000,0x00000006d96c58e8,0x00000006dce80000)
 Metaspace       used 9331K, capacity 9692K, committed 9984K, reserved 1058816K
  class space    used 944K, capacity 976K, committed 1024K, reserved 1048576K
Event: 62,390 GC heap after
Heap after GC invocations=27 (full 1):
 PSYoungGen      total 771072K, used 258883K [0x000000076de00000, 0x00000007b6080000, 0x00000007c0000000)
  eden space 397312K, 0% used [0x000000076de00000,0x000000076de00000,0x0000000786200000)
  from space 373760K, 69% used [0x000000079db00000,0x00000007ad7d0f78,0x00000007b4800000)
  to   space 386048K, 0% used [0x0000000786200000,0x0000000786200000,0x000000079db00000)
 ParOldGen       total 315904K, used 271738K [0x00000006c9a00000, 0x00000006dce80000, 0x000000076de00000)
  object space 315904K, 86% used [0x00000006c9a00000,0x00000006da35e8f8,0x00000006dce80000)
 Metaspace       used 9331K, capacity 9692K, committed 9984K, reserved 1058816K
  class space    used 944K, capacity 976K, committed 1024K, reserved 1048576K
}
Event: 65,492 GC heap before
{Heap before GC invocations=28 (full 1):
 PSYoungGen      total 771072K, used 656195K [0x000000076de00000, 0x00000007b6080000, 0x00000007c0000000)
  eden space 397312K, 100% used [0x000000076de00000,0x0000000786200000,0x0000000786200000)
  from space 373760K, 69% used [0x000000079db00000,0x00000007ad7d0f78,0x00000007b4800000)
  to   space 386048K, 0% used [0x0000000786200000,0x0000000786200000,0x000000079db00000)
 ParOldGen       total 315904K, used 271738K [0x00000006c9a00000, 0x00000006dce80000, 0x000000076de00000)
  object space 315904K, 86% used [0x00000006c9a00000,0x00000006da35e8f8,0x00000006dce80000)
 Metaspace       used 9392K, capacity 9756K, committed 9984K, reserved 1058816K
  class space    used 947K, capacity 976K, committed 1024K, reserved 1048576K
Event: 65,777 GC heap after
Heap after GC invocations=28 (full 1):
 PSYoungGen      total 783360K, used 260776K [0x000000076de00000, 0x00000007b7a00000, 0x00000007c0000000)
  eden space 397312K, 0% used [0x000000076de00000,0x000000076de00000,0x0000000786200000)
  from space 386048K, 67% used [0x0000000786200000,0x00000007960aa1d0,0x000000079db00000)
  to   space 395776K, 0% used [0x000000079f780000,0x000000079f780000,0x00000007b7a00000)
 ParOldGen       total 315904K, used 285234K [0x00000006c9a00000, 0x00000006dce80000, 0x000000076de00000)
  object space 315904K, 90% used [0x00000006c9a00000,0x00000006db08c918,0x00000006dce80000)
 Metaspace       used 9392K, capacity 9756K, committed 9984K, reserved 1058816K
  class space    used 947K, capacity 976K, committed 1024K, reserved 1048576K
}
Event: 67,385 GC heap before
{Heap before GC invocations=29 (full 1):
 PSYoungGen      total 783360K, used 658088K [0x000000076de00000, 0x00000007b7a00000, 0x00000007c0000000)
  eden space 397312K, 100% used [0x000000076de00000,0x0000000786200000,0x0000000786200000)
  from space 386048K, 67% used [0x0000000786200000,0x00000007960aa1d0,0x000000079db00000)
  to   space 395776K, 0% used [0x000000079f780000,0x000000079f780000,0x00000007b7a00000)
 ParOldGen       total 315904K, used 285234K [0x00000006c9a00000, 0x00000006dce80000, 0x000000076de00000)
  object space 315904K, 90% used [0x00000006c9a00000,0x00000006db08c918,0x00000006dce80000)
 Metaspace       used 9496K, capacity 9852K, committed 9984K, reserved 1058816K
  class space    used 961K, capacity 1008K, committed 1024K, reserved 1048576K
Event: 67,619 GC heap after
Heap after GC invocations=29 (full 1):
 PSYoungGen      total 812544K, used 243075K [0x000000076de00000, 0x00000007b7e80000, 0x00000007c0000000)
  eden space 416768K, 0% used [0x000000076de00000,0x000000076de00000,0x0000000787500000)
  from space 395776K, 61% used [0x000000079f780000,0x00000007ae4e0f78,0x00000007b7a00000)
  to   space 395776K, 0% used [0x0000000787500000,0x0000000787500000,0x000000079f780000)
 ParOldGen       total 315904K, used 302138K [0x00000006c9a00000, 0x00000006dce80000, 0x000000076de00000)
  object space 315904K, 95% used [0x00000006c9a00000,0x00000006dc10e938,0x00000006dce80000)
 Metaspace       used 9496K, capacity 9852K, committed 9984K, reserved 1058816K
  class space    used 961K, capacity 1008K, committed 1024K, reserved 1048576K
}
Event: 67,619 GC heap before
{Heap before GC invocations=30 (full 2):
 PSYoungGen      total 812544K, used 243075K [0x000000076de00000, 0x00000007b7e80000, 0x00000007c0000000)
  eden space 416768K, 0% used [0x000000076de00000,0x000000076de00000,0x0000000787500000)
  from space 395776K, 61% used [0x000000079f780000,0x00000007ae4e0f78,0x00000007b7a00000)
  to   space 395776K, 0% used [0x0000000787500000,0x0000000787500000,0x000000079f780000)
 ParOldGen       total 315904K, used 302138K [0x00000006c9a00000, 0x00000006dce80000, 0x000000076de00000)
  object space 315904K, 95% used [0x00000006c9a00000,0x00000006dc10e938,0x00000006dce80000)
 Metaspace       used 9496K, capacity 9852K, committed 9984K, reserved 1058816K
  class space    used 961K, capacity 1008K, committed 1024K, reserved 1048576K

