# JRE version: OpenJDK Runtime Environment (8.0_292-b10) (build 1.8.0_292-8u292-b10-0ubuntu1~16.04.1-b10)
# Java VM: OpenJDK 64-Bit Server VM (25.292-b10 mixed mode linux-amd64 compressed oops)
Heap:
 PSYoungGen      total 1043968K, used 608K [0x000000076de00000, 0x00000007af000000, 0x00000007c0000000)
  eden space 1021952K, 0% used [0x000000076de00000,0x000000076de00000,0x00000007ac400000)
  from space 22016K, 2% used [0x00000007ac400000,0x00000007ac498000,0x00000007ad980000)
  to   space 20992K, 0% used [0x00000007ad980000,0x00000007ad980000,0x00000007aee00000)
 ParOldGen       total 169472K, used 33589K [0x00000006c9a00000, 0x00000006d3f80000, 0x000000076de00000)
  object space 169472K, 19% used [0x00000006c9a00000,0x00000006cbacd738,0x00000006d3f80000)
 Metaspace       used 11463K, capacity 11536K, committed 11648K, reserved 1060864K
  class space    used 1136K, capacity 1138K, committed 1152K, reserved 1048576K
GC Heap History (10 events):
Event: 4,409 GC heap after
Heap after GC invocations=4 (full 0):
 PSYoungGen      total 266240K, used 10236K [0x000000076de00000, 0x000000077ec00000, 0x00000007c0000000)
  eden space 256000K, 0% used [0x000000076de00000,0x000000076de00000,0x000000077d800000)
  from space 10240K, 99% used [0x000000077e200000,0x000000077ebff220,0x000000077ec00000)
  to   space 10240K, 0% used [0x000000077d800000,0x000000077d800000,0x000000077e200000)
 ParOldGen       total 169472K, used 15605K [0x00000006c9a00000, 0x00000006d3f80000, 0x000000076de00000)
  object space 169472K, 9% used [0x00000006c9a00000,0x00000006ca93d7a0,0x00000006d3f80000)
 Metaspace       used 11318K, capacity 11408K, committed 11648K, reserved 1060864K
  class space    used 1136K, capacity 1138K, committed 1152K, reserved 1048576K
}
Event: 6,362 GC heap before
{Heap before GC invocations=5 (full 0):
 PSYoungGen      total 266240K, used 266236K [0x000000076de00000, 0x000000077ec00000, 0x00000007c0000000)
  eden space 256000K, 100% used [0x000000076de00000,0x000000077d800000,0x000000077d800000)
  from space 10240K, 99% used [0x000000077e200000,0x000000077ebff220,0x000000077ec00000)
  to   space 10240K, 0% used [0x000000077d800000,0x000000077d800000,0x000000077e200000)
 ParOldGen       total 169472K, used 15605K [0x00000006c9a00000, 0x00000006d3f80000, 0x000000076de00000)
  object space 169472K, 9% used [0x00000006c9a00000,0x00000006ca93d7a0,0x00000006d3f80000)
 Metaspace       used 11421K, capacity 11472K, committed 11648K, reserved 1060864K
  class space    used 1136K, capacity 1138K, committed 1152K, reserved 1048576K
Event: 6,391 GC heap after
Heap after GC invocations=5 (full 0):
 PSYoungGen      total 266240K, used 10234K [0x000000076de00000, 0x000000078f700000, 0x00000007c0000000)
  eden space 256000K, 0% used [0x000000076de00000,0x000000076de00000,0x000000077d800000)
  from space 10240K, 99% used [0x000000077d800000,0x000000077e1fe978,0x000000077e200000)
  to   space 18944K, 0% used [0x000000078e480000,0x000000078e480000,0x000000078f700000)
 ParOldGen       total 169472K, used 23275K [0x00000006c9a00000, 0x00000006d3f80000, 0x000000076de00000)
  object space 169472K, 13% used [0x00000006c9a00000,0x00000006cb0bac88,0x00000006d3f80000)
 Metaspace       used 11421K, capacity 11472K, committed 11648K, reserved 1060864K
  class space    used 1136K, capacity 1138K, committed 1152K, reserved 1048576K
}
Event: 6,779 GC heap before
{Heap before GC invocations=6 (full 0):
 PSYoungGen      total 266240K, used 266234K [0x000000076de00000, 0x000000078f700000, 0x00000007c0000000)
  eden space 256000K, 100% used [0x000000076de00000,0x000000077d800000,0x000000077d800000)
  from space 10240K, 99% used [0x000000077d800000,0x000000077e1fe978,0x000000077e200000)
  to   space 18944K, 0% used [0x000000078e480000,0x000000078e480000,0x000000078f700000)
 ParOldGen       total 169472K, used 23275K [0x00000006c9a00000, 0x00000006d3f80000, 0x000000076de00000)
  object space 169472K, 13% used [0x00000006c9a00000,0x00000006cb0bac88,0x00000006d3f80000)
 Metaspace       used 11421K, capacity 11472K, committed 11648K, reserved 1060864K
  class space    used 1136K, capacity 1138K, committed 1152K, reserved 1048576K
Event: 6,824 GC heap after
Heap after GC invocations=6 (full 0):
 PSYoungGen      total 530432K, used 10334K [0x000000076de00000, 0x000000078f800000, 0x00000007c0000000)
  eden space 511488K, 0% used [0x000000076de00000,0x000000076de00000,0x000000078d180000)
  from space 18944K, 54% used [0x000000078e480000,0x000000078ee978c0,0x000000078f700000)
  to   space 19456K, 0% used [0x000000078d180000,0x000000078d180000,0x000000078e480000)
 ParOldGen       total 169472K, used 23275K [0x00000006c9a00000, 0x00000006d3f80000, 0x000000076de00000)
  object space 169472K, 13% used [0x00000006c9a00000,0x00000006cb0bac88,0x00000006d3f80000)
 Metaspace       used 11421K, capacity 11472K, committed 11648K, reserved 1060864K
  class space    used 1136K, capacity 1138K, committed 1152K, reserved 1048576K
}
Event: 7,695 GC heap before
{Heap before GC invocations=7 (full 0):
 PSYoungGen      total 530432K, used 521822K [0x000000076de00000, 0x000000078f800000, 0x00000007c0000000)
  eden space 511488K, 100% used [0x000000076de00000,0x000000078d180000,0x000000078d180000)
  from space 18944K, 54% used [0x000000078e480000,0x000000078ee978c0,0x000000078f700000)
  to   space 19456K, 0% used [0x000000078d180000,0x000000078d180000,0x000000078e480000)
 ParOldGen       total 169472K, used 23275K [0x00000006c9a00000, 0x00000006d3f80000, 0x000000076de00000)
  object space 169472K, 13% used [0x00000006c9a00000,0x00000006cb0bac88,0x00000006d3f80000)
 Metaspace       used 11421K, capacity 11472K, committed 11648K, reserved 1060864K
  class space    used 1136K, capacity 1138K, committed 1152K, reserved 1048576K
Event: 7,712 GC heap after
Heap after GC invocations=7 (full 0):
 PSYoungGen      total 530944K, used 3370K [0x000000076de00000, 0x00000007aee00000, 0x00000007c0000000)
  eden space 511488K, 0% used [0x000000076de00000,0x000000076de00000,0x000000078d180000)
  from space 19456K, 17% used [0x000000078d180000,0x000000078d4caa98,0x000000078e480000)
  to   space 20992K, 0% used [0x00000007ad980000,0x00000007ad980000,0x00000007aee00000)
 ParOldGen       total 169472K, used 30322K [0x00000006c9a00000, 0x00000006d3f80000, 0x000000076de00000)
  object space 169472K, 17% used [0x00000006c9a00000,0x00000006cb79cb50,0x00000006d3f80000)
 Metaspace       used 11421K, capacity 11472K, committed 11648K, reserved 1060864K
  class space    used 1136K, capacity 1138K, committed 1152K, reserved 1048576K
}
Event: 9,559 GC heap before
{Heap before GC invocations=8 (full 0):
 PSYoungGen      total 530944K, used 514858K [0x000000076de00000, 0x00000007aee00000, 0x00000007c0000000)
  eden space 511488K, 100% used [0x000000076de00000,0x000000078d180000,0x000000078d180000)
  from space 19456K, 17% used [0x000000078d180000,0x000000078d4caa98,0x000000078e480000)
  to   space 20992K, 0% used [0x00000007ad980000,0x00000007ad980000,0x00000007aee00000)
 ParOldGen       total 169472K, used 30322K [0x00000006c9a00000, 0x00000006d3f80000, 0x000000076de00000)
  object space 169472K, 17% used [0x00000006c9a00000,0x00000006cb79cb50,0x00000006d3f80000)
 Metaspace       used 11427K, capacity 11472K, committed 11648K, reserved 1060864K
  class space    used 1136K, capacity 1138K, committed 1152K, reserved 1048576K
Event: 9,563 GC heap after
Heap after GC invocations=8 (full 0):
 PSYoungGen      total 1042944K, used 2120K [0x000000076de00000, 0x00000007af000000, 0x00000007c0000000)
  eden space 1021952K, 0% used [0x000000076de00000,0x000000076de00000,0x00000007ac400000)
  from space 20992K, 10% used [0x00000007ad980000,0x00000007adb92370,0x00000007aee00000)
  to   space 22016K, 0% used [0x00000007ac400000,0x00000007ac400000,0x00000007ad980000)
 ParOldGen       total 169472K, used 32121K [0x00000006c9a00000, 0x00000006d3f80000, 0x000000076de00000)
  object space 169472K, 18% used [0x00000006c9a00000,0x00000006cb95e640,0x00000006d3f80000)
 Metaspace       used 11427K, capacity 11472K, committed 11648K, reserved 1060864K
  class space    used 1136K, capacity 1138K, committed 1152K, reserved 1048576K
}
Event: 19,044 GC heap before
{Heap before GC invocations=9 (full 0):
 PSYoungGen      total 1042944K, used 1024072K [0x000000076de00000, 0x00000007af000000, 0x00000007c0000000)
  eden space 1021952K, 100% used [0x000000076de00000,0x00000007ac400000,0x00000007ac400000)
  from space 20992K, 10% used [0x00000007ad980000,0x00000007adb92370,0x00000007aee00000)
  to   space 22016K, 0% used [0x00000007ac400000,0x00000007ac400000,0x00000007ad980000)
 ParOldGen       total 169472K, used 32121K [0x00000006c9a00000, 0x00000006d3f80000, 0x000000076de00000)
  object space 169472K, 18% used [0x00000006c9a00000,0x00000006cb95e640,0x00000006d3f80000)
 Metaspace       used 11463K, capacity 11536K, committed 11648K, reserved 1060864K
  class space    used 1136K, capacity 1138K, committed 1152K, reserved 1048576K

