# JRE version: OpenJDK Runtime Environment (8.0_292-b10) (build 1.8.0_292-8u292-b10-0ubuntu1~16.04.1-b10)
# Java VM: OpenJDK 64-Bit Server VM (25.292-b10 mixed mode linux-amd64 compressed oops)
Heap:
 PSYoungGen      total 842752K, used 248457K [0x000000076de00000, 0x00000007b4400000, 0x00000007c0000000)
  eden space 572928K, 0% used [0x000000076de00000,0x000000076de00000,0x0000000790d80000)
  from space 269824K, 92% used [0x00000007a3c80000,0x00000007b2f22548,0x00000007b4400000)
  to   space 239616K, 0% used [0x0000000790d80000,0x0000000790d80000,0x000000079f780000)
 ParOldGen       total 308736K, used 247063K [0x00000006c9a00000, 0x00000006dc780000, 0x000000076de00000)
  object space 308736K, 80% used [0x00000006c9a00000,0x00000006d8b45d50,0x00000006dc780000)
 Metaspace       used 9311K, capacity 9692K, committed 9984K, reserved 1058816K
  class space    used 941K, capacity 976K, committed 1024K, reserved 1048576K
GC Heap History (10 events):
Event: 38,443 GC heap after
Heap after GC invocations=16 (full 1):
 PSYoungGen      total 666624K, used 144784K [0x000000076de00000, 0x00000007a5980000, 0x00000007c0000000)
  eden space 520192K, 0% used [0x000000076de00000,0x000000076de00000,0x000000078da00000)
  from space 146432K, 98% used [0x000000078da00000,0x00000007967640f0,0x0000000796900000)
  to   space 166912K, 0% used [0x000000079b680000,0x000000079b680000,0x00000007a5980000)
 ParOldGen       total 308736K, used 224775K [0x00000006c9a00000, 0x00000006dc780000, 0x000000076de00000)
  object space 308736K, 72% used [0x00000006c9a00000,0x00000006d7581d00,0x00000006dc780000)
 Metaspace       used 9246K, capacity 9628K, committed 9728K, reserved 1058816K
  class space    used 941K, capacity 976K, committed 1024K, reserved 1048576K
}
Event: 41,095 GC heap before
{Heap before GC invocations=17 (full 1):
 PSYoungGen      total 666624K, used 664976K [0x000000076de00000, 0x00000007a5980000, 0x00000007c0000000)
  eden space 520192K, 100% used [0x000000076de00000,0x000000078da00000,0x000000078da00000)
  from space 146432K, 98% used [0x000000078da00000,0x00000007967640f0,0x0000000796900000)
  to   space 166912K, 0% used [0x000000079b680000,0x000000079b680000,0x00000007a5980000)
 ParOldGen       total 308736K, used 224775K [0x00000006c9a00000, 0x00000006dc780000, 0x000000076de00000)
  object space 308736K, 72% used [0x00000006c9a00000,0x00000006d7581d00,0x00000006dc780000)
 Metaspace       used 9301K, capacity 9692K, committed 9984K, reserved 1058816K
  class space    used 941K, capacity 976K, committed 1024K, reserved 1048576K
Event: 41,361 GC heap after
Heap after GC invocations=17 (full 1):
 PSYoungGen      total 721920K, used 166896K [0x000000076de00000, 0x00000007a8f80000, 0x00000007c0000000)
  eden space 555008K, 0% used [0x000000076de00000,0x000000076de00000,0x000000078fc00000)
  from space 166912K, 99% used [0x000000079b680000,0x00000007a597c0d0,0x00000007a5980000)
  to   space 190976K, 0% used [0x000000078fc00000,0x000000078fc00000,0x000000079b680000)
 ParOldGen       total 308736K, used 224943K [0x00000006c9a00000, 0x00000006dc780000, 0x000000076de00000)
  object space 308736K, 72% used [0x00000006c9a00000,0x00000006d75abd00,0x00000006dc780000)
 Metaspace       used 9301K, capacity 9692K, committed 9984K, reserved 1058816K
  class space    used 941K, capacity 976K, committed 1024K, reserved 1048576K
}
Event: 45,205 GC heap before
{Heap before GC invocations=18 (full 1):
 PSYoungGen      total 721920K, used 721904K [0x000000076de00000, 0x00000007a8f80000, 0x00000007c0000000)
  eden space 555008K, 100% used [0x000000076de00000,0x000000078fc00000,0x000000078fc00000)
  from space 166912K, 99% used [0x000000079b680000,0x00000007a597c0d0,0x00000007a5980000)
  to   space 190976K, 0% used [0x000000078fc00000,0x000000078fc00000,0x000000079b680000)
 ParOldGen       total 308736K, used 224943K [0x00000006c9a00000, 0x00000006dc780000, 0x000000076de00000)
  object space 308736K, 72% used [0x00000006c9a00000,0x00000006d75abd00,0x00000006dc780000)
 Metaspace       used 9303K, capacity 9692K, committed 9984K, reserved 1058816K
  class space    used 941K, capacity 976K, committed 1024K, reserved 1048576K
Event: 45,375 GC heap after
Heap after GC invocations=18 (full 1):
 PSYoungGen      total 745984K, used 174233K [0x000000076de00000, 0x00000007ac800000, 0x00000007c0000000)
  eden space 555008K, 0% used [0x000000076de00000,0x000000076de00000,0x000000078fc00000)
  from space 190976K, 91% used [0x000000078fc00000,0x000000079a626528,0x000000079b680000)
  to   space 213504K, 0% used [0x000000079f780000,0x000000079f780000,0x00000007ac800000)
 ParOldGen       total 308736K, used 247063K [0x00000006c9a00000, 0x00000006dc780000, 0x000000076de00000)
  object space 308736K, 80% used [0x00000006c9a00000,0x00000006d8b45d50,0x00000006dc780000)
 Metaspace       used 9303K, capacity 9692K, committed 9984K, reserved 1058816K
  class space    used 941K, capacity 976K, committed 1024K, reserved 1048576K
}
Event: 49,671 GC heap before
{Heap before GC invocations=19 (full 1):
 PSYoungGen      total 745984K, used 729241K [0x000000076de00000, 0x00000007ac800000, 0x00000007c0000000)
  eden space 555008K, 100% used [0x000000076de00000,0x000000078fc00000,0x000000078fc00000)
  from space 190976K, 91% used [0x000000078fc00000,0x000000079a626528,0x000000079b680000)
  to   space 213504K, 0% used [0x000000079f780000,0x000000079f780000,0x00000007ac800000)
 ParOldGen       total 308736K, used 247063K [0x00000006c9a00000, 0x00000006dc780000, 0x000000076de00000)
  object space 308736K, 80% used [0x00000006c9a00000,0x00000006d8b45d50,0x00000006dc780000)
 Metaspace       used 9307K, capacity 9692K, committed 9984K, reserved 1058816K
  class space    used 941K, capacity 976K, committed 1024K, reserved 1048576K
Event: 49,838 GC heap after
Heap after GC invocations=19 (full 1):
 PSYoungGen      total 786432K, used 197785K [0x000000076de00000, 0x00000007af780000, 0x00000007c0000000)
  eden space 572928K, 0% used [0x000000076de00000,0x000000076de00000,0x0000000790d80000)
  from space 213504K, 92% used [0x000000079f780000,0x00000007ab8a6528,0x00000007ac800000)
  to   space 239616K, 0% used [0x0000000790d80000,0x0000000790d80000,0x000000079f780000)
 ParOldGen       total 308736K, used 247063K [0x00000006c9a00000, 0x00000006dc780000, 0x000000076de00000)
  object space 308736K, 80% used [0x00000006c9a00000,0x00000006d8b45d50,0x00000006dc780000)
 Metaspace       used 9307K, capacity 9692K, committed 9984K, reserved 1058816K
  class space    used 941K, capacity 976K, committed 1024K, reserved 1048576K
}
Event: 53,419 GC heap before
{Heap before GC invocations=20 (full 1):
 PSYoungGen      total 786432K, used 770713K [0x000000076de00000, 0x00000007af780000, 0x00000007c0000000)
  eden space 572928K, 100% used [0x000000076de00000,0x0000000790d80000,0x0000000790d80000)
  from space 213504K, 92% used [0x000000079f780000,0x00000007ab8a6528,0x00000007ac800000)
  to   space 239616K, 0% used [0x0000000790d80000,0x0000000790d80000,0x000000079f780000)
 ParOldGen       total 308736K, used 247063K [0x00000006c9a00000, 0x00000006dc780000, 0x000000076de00000)
  object space 308736K, 80% used [0x00000006c9a00000,0x00000006d8b45d50,0x00000006dc780000)
 Metaspace       used 9310K, capacity 9692K, committed 9984K, reserved 1058816K
  class space    used 941K, capacity 976K, committed 1024K, reserved 1048576K
Event: 53,581 GC heap after
Heap after GC invocations=20 (full 1):
 PSYoungGen      total 812544K, used 222857K [0x000000076de00000, 0x00000007b4400000, 0x00000007c0000000)
  eden space 572928K, 0% used [0x000000076de00000,0x000000076de00000,0x0000000790d80000)
  from space 239616K, 93% used [0x0000000790d80000,0x000000079e722548,0x000000079f780000)
  to   space 269824K, 0% used [0x00000007a3c80000,0x00000007a3c80000,0x00000007b4400000)
 ParOldGen       total 308736K, used 247063K [0x00000006c9a00000, 0x00000006dc780000, 0x000000076de00000)
  object space 308736K, 80% used [0x00000006c9a00000,0x00000006d8b45d50,0x00000006dc780000)
 Metaspace       used 9310K, capacity 9692K, committed 9984K, reserved 1058816K
  class space    used 941K, capacity 976K, committed 1024K, reserved 1048576K
}
Event: 59,994 GC heap before
{Heap before GC invocations=21 (full 1):
 PSYoungGen      total 812544K, used 795785K [0x000000076de00000, 0x00000007b4400000, 0x00000007c0000000)
  eden space 572928K, 100% used [0x000000076de00000,0x0000000790d80000,0x0000000790d80000)
  from space 239616K, 93% used [0x0000000790d80000,0x000000079e722548,0x000000079f780000)
  to   space 269824K, 0% used [0x00000007a3c80000,0x00000007a3c80000,0x00000007b4400000)
 ParOldGen       total 308736K, used 247063K [0x00000006c9a00000, 0x00000006dc780000, 0x000000076de00000)
  object space 308736K, 80% used [0x00000006c9a00000,0x00000006d8b45d50,0x00000006dc780000)
 Metaspace       used 9311K, capacity 9692K, committed 9984K, reserved 1058816K
  class space    used 941K, capacity 976K, committed 1024K, reserved 1048576K

