# JRE version: OpenJDK Runtime Environment (8.0_292-b10) (build 1.8.0_292-8u292-b10-0ubuntu1~16.04.1-b10)
# Java VM: OpenJDK 64-Bit Server VM (25.292-b10 mixed mode linux-amd64 compressed oops)
Heap:
 PSYoungGen      total 773632K, used 114495K [0x000000076de00000, 0x00000007b6b00000, 0x00000007c0000000)
  eden space 392704K, 0% used [0x000000076de00000,0x000000076de00000,0x0000000785d80000)
  from space 380928K, 30% used [0x0000000785d80000,0x000000078cd4fcc0,0x000000079d180000)
  to   space 390656K, 0% used [0x000000079ed80000,0x000000079ed80000,0x00000007b6b00000)
 ParOldGen       total 316928K, used 316646K [0x00000006c9a00000, 0x00000006dcf80000, 0x000000076de00000)
  object space 316928K, 99% used [0x00000006c9a00000,0x00000006dcf39878,0x00000006dcf80000)
 Metaspace       used 9320K, capacity 9756K, committed 9984K, reserved 1058816K
  class space    used 941K, capacity 976K, committed 1024K, reserved 1048576K
GC Heap History (10 events):
Event: 39,811 GC heap after
Heap after GC invocations=24 (full 1):
 PSYoungGen      total 699392K, used 243334K [0x000000076de00000, 0x00000007afc00000, 0x00000007c0000000)
  eden space 382464K, 0% used [0x000000076de00000,0x000000076de00000,0x0000000785380000)
  from space 316928K, 76% used [0x0000000785380000,0x0000000794121818,0x0000000798900000)
  to   space 337920K, 0% used [0x000000079b200000,0x000000079b200000,0x00000007afc00000)
 ParOldGen       total 316928K, used 232225K [0x00000006c9a00000, 0x00000006dcf80000, 0x000000076de00000)
  object space 316928K, 73% used [0x00000006c9a00000,0x00000006d7cc8558,0x00000006dcf80000)
 Metaspace       used 9309K, capacity 9692K, committed 9984K, reserved 1058816K
  class space    used 941K, capacity 976K, committed 1024K, reserved 1048576K
}
Event: 41,848 GC heap before
{Heap before GC invocations=25 (full 1):
 PSYoungGen      total 699392K, used 625798K [0x000000076de00000, 0x00000007afc00000, 0x00000007c0000000)
  eden space 382464K, 100% used [0x000000076de00000,0x0000000785380000,0x0000000785380000)
  from space 316928K, 76% used [0x0000000785380000,0x0000000794121818,0x0000000798900000)
  to   space 337920K, 0% used [0x000000079b200000,0x000000079b200000,0x00000007afc00000)
 ParOldGen       total 316928K, used 232225K [0x00000006c9a00000, 0x00000006dcf80000, 0x000000076de00000)
  object space 316928K, 73% used [0x00000006c9a00000,0x00000006d7cc8558,0x00000006dcf80000)
 Metaspace       used 9311K, capacity 9692K, committed 9984K, reserved 1058816K
  class space    used 941K, capacity 976K, committed 1024K, reserved 1048576K
Event: 42,080 GC heap after
Heap after GC invocations=25 (full 1):
 PSYoungGen      total 723968K, used 247430K [0x000000076de00000, 0x00000007b2180000, 0x00000007c0000000)
  eden space 386048K, 0% used [0x000000076de00000,0x000000076de00000,0x0000000785700000)
  from space 337920K, 73% used [0x000000079b200000,0x00000007aa3a1818,0x00000007afc00000)
  to   space 355328K, 0% used [0x0000000785700000,0x0000000785700000,0x000000079b200000)
 ParOldGen       total 316928K, used 243985K [0x00000006c9a00000, 0x00000006dcf80000, 0x000000076de00000)
  object space 316928K, 76% used [0x00000006c9a00000,0x00000006d8844578,0x00000006dcf80000)
 Metaspace       used 9311K, capacity 9692K, committed 9984K, reserved 1058816K
  class space    used 941K, capacity 976K, committed 1024K, reserved 1048576K
}
Event: 45,135 GC heap before
{Heap before GC invocations=26 (full 1):
 PSYoungGen      total 723968K, used 633478K [0x000000076de00000, 0x00000007b2180000, 0x00000007c0000000)
  eden space 386048K, 100% used [0x000000076de00000,0x0000000785700000,0x0000000785700000)
  from space 337920K, 73% used [0x000000079b200000,0x00000007aa3a1818,0x00000007afc00000)
  to   space 355328K, 0% used [0x0000000785700000,0x0000000785700000,0x000000079b200000)
 ParOldGen       total 316928K, used 243985K [0x00000006c9a00000, 0x00000006dcf80000, 0x000000076de00000)
  object space 316928K, 76% used [0x00000006c9a00000,0x00000006d8844578,0x00000006dcf80000)
 Metaspace       used 9311K, capacity 9692K, committed 9984K, reserved 1058816K
  class space    used 941K, capacity 976K, committed 1024K, reserved 1048576K
Event: 45,310 GC heap after
Heap after GC invocations=26 (full 1):
 PSYoungGen      total 741376K, used 251046K [0x000000076de00000, 0x00000007b3a80000, 0x00000007c0000000)
  eden space 386048K, 0% used [0x000000076de00000,0x000000076de00000,0x0000000785700000)
  from space 355328K, 70% used [0x0000000785700000,0x0000000794c29808,0x000000079b200000)
  to   space 369664K, 0% used [0x000000079d180000,0x000000079d180000,0x00000007b3a80000)
 ParOldGen       total 316928K, used 257837K [0x00000006c9a00000, 0x00000006dcf80000, 0x000000076de00000)
  object space 316928K, 81% used [0x00000006c9a00000,0x00000006d95cb5b8,0x00000006dcf80000)
 Metaspace       used 9311K, capacity 9692K, committed 9984K, reserved 1058816K
  class space    used 941K, capacity 976K, committed 1024K, reserved 1048576K
}
Event: 47,380 GC heap before
{Heap before GC invocations=27 (full 1):
 PSYoungGen      total 741376K, used 637094K [0x000000076de00000, 0x00000007b3a80000, 0x00000007c0000000)
  eden space 386048K, 100% used [0x000000076de00000,0x0000000785700000,0x0000000785700000)
  from space 355328K, 70% used [0x0000000785700000,0x0000000794c29808,0x000000079b200000)
  to   space 369664K, 0% used [0x000000079d180000,0x000000079d180000,0x00000007b3a80000)
 ParOldGen       total 316928K, used 257837K [0x00000006c9a00000, 0x00000006dcf80000, 0x000000076de00000)
  object space 316928K, 81% used [0x00000006c9a00000,0x00000006d95cb5b8,0x00000006dcf80000)
 Metaspace       used 9313K, capacity 9692K, committed 9984K, reserved 1058816K
  class space    used 941K, capacity 976K, committed 1024K, reserved 1048576K
Event: 47,602 GC heap after
Heap after GC invocations=27 (full 1):
 PSYoungGen      total 762368K, used 252726K [0x000000076de00000, 0x00000007b5200000, 0x00000007c0000000)
  eden space 392704K, 0% used [0x000000076de00000,0x000000076de00000,0x0000000785d80000)
  from space 369664K, 68% used [0x000000079d180000,0x00000007ac84d818,0x00000007b3a80000)
  to   space 380928K, 0% used [0x0000000785d80000,0x0000000785d80000,0x000000079d180000)
 ParOldGen       total 316928K, used 272801K [0x00000006c9a00000, 0x00000006dcf80000, 0x000000076de00000)
  object space 316928K, 86% used [0x00000006c9a00000,0x00000006da468618,0x00000006dcf80000)
 Metaspace       used 9313K, capacity 9692K, committed 9984K, reserved 1058816K
  class space    used 941K, capacity 976K, committed 1024K, reserved 1048576K
}
Event: 49,823 GC heap before
{Heap before GC invocations=28 (full 1):
 PSYoungGen      total 762368K, used 645430K [0x000000076de00000, 0x00000007b5200000, 0x00000007c0000000)
  eden space 392704K, 100% used [0x000000076de00000,0x0000000785d80000,0x0000000785d80000)
  from space 369664K, 68% used [0x000000079d180000,0x00000007ac84d818,0x00000007b3a80000)
  to   space 380928K, 0% used [0x0000000785d80000,0x0000000785d80000,0x000000079d180000)
 ParOldGen       total 316928K, used 272801K [0x00000006c9a00000, 0x00000006dcf80000, 0x000000076de00000)
  object space 316928K, 86% used [0x00000006c9a00000,0x00000006da468618,0x00000006dcf80000)
 Metaspace       used 9320K, capacity 9756K, committed 9984K, reserved 1058816K
  class space    used 941K, capacity 976K, committed 1024K, reserved 1048576K
Event: 49,947 GC heap after
Heap after GC invocations=28 (full 1):
 PSYoungGen      total 773632K, used 258006K [0x000000076de00000, 0x00000007b6b00000, 0x00000007c0000000)
  eden space 392704K, 0% used [0x000000076de00000,0x000000076de00000,0x0000000785d80000)
  from space 380928K, 67% used [0x0000000785d80000,0x0000000795975818,0x000000079d180000)
  to   space 390656K, 0% used [0x000000079ed80000,0x000000079ed80000,0x00000007b6b00000)
 ParOldGen       total 316928K, used 286529K [0x00000006c9a00000, 0x00000006dcf80000, 0x000000076de00000)
  object space 316928K, 90% used [0x00000006c9a00000,0x00000006db1d0638,0x00000006dcf80000)
 Metaspace       used 9320K, capacity 9756K, committed 9984K, reserved 1058816K
  class space    used 941K, capacity 976K, committed 1024K, reserved 1048576K
}
Event: 49,950 GC heap before
{Heap before GC invocations=29 (full 2):
 PSYoungGen      total 773632K, used 258006K [0x000000076de00000, 0x00000007b6b00000, 0x00000007c0000000)
  eden space 392704K, 0% used [0x000000076de00000,0x000000076de00000,0x0000000785d80000)
  from space 380928K, 67% used [0x0000000785d80000,0x0000000795975818,0x000000079d180000)
  to   space 390656K, 0% used [0x000000079ed80000,0x000000079ed80000,0x00000007b6b00000)
 ParOldGen       total 316928K, used 286529K [0x00000006c9a00000, 0x00000006dcf80000, 0x000000076de00000)
  object space 316928K, 90% used [0x00000006c9a00000,0x00000006db1d0638,0x00000006dcf80000)
 Metaspace       used 9320K, capacity 9756K, committed 9984K, reserved 1058816K
  class space    used 941K, capacity 976K, committed 1024K, reserved 1048576K

