# JRE version: OpenJDK Runtime Environment (8.0_292-b10) (build 1.8.0_292-8u292-b10-0ubuntu1~16.04.1-b10)
# Java VM: OpenJDK 64-Bit Server VM (25.292-b10 mixed mode linux-amd64 compressed oops)
Heap:
 PSYoungGen      total 887808K, used 102806K [0x000000076de00000, 0x00000007c0000000, 0x00000007c0000000)
  eden space 467968K, 0% used [0x000000076de00000,0x000000076de00000,0x000000078a700000)
  from space 419840K, 24% used [0x00000007a6600000,0x00000007aca65960,0x00000007c0000000)
  to   space 438784K, 0% used [0x000000078a700000,0x000000078a700000,0x00000007a5380000)
 ParOldGen       total 314368K, used 313864K [0x00000006c9a00000, 0x00000006dcd00000, 0x000000076de00000)
  object space 314368K, 99% used [0x00000006c9a00000,0x00000006dcc82388,0x00000006dcd00000)
 Metaspace       used 10223K, capacity 10428K, committed 10624K, reserved 1058816K
  class space    used 1112K, capacity 1136K, committed 1152K, reserved 1048576K
GC Heap History (10 events):
Event: 35,129 GC heap after
Heap after GC invocations=23 (full 1):
 PSYoungGen      total 777216K, used 259446K [0x000000076de00000, 0x00000007b5600000, 0x00000007c0000000)
  eden space 476672K, 0% used [0x000000076de00000,0x000000076de00000,0x000000078af80000)
  from space 300544K, 86% used [0x000000079f280000,0x00000007aefdd988,0x00000007b1800000)
  to   space 330752K, 0% used [0x000000078af80000,0x000000078af80000,0x000000079f280000)
 ParOldGen       total 314368K, used 249576K [0x00000006c9a00000, 0x00000006dcd00000, 0x000000076de00000)
  object space 314368K, 79% used [0x00000006c9a00000,0x00000006d8dba1e0,0x00000006dcd00000)
 Metaspace       used 9283K, capacity 9660K, committed 9984K, reserved 1058816K
  class space    used 941K, capacity 944K, committed 1024K, reserved 1048576K
}
Event: 37,361 GC heap before
{Heap before GC invocations=24 (full 1):
 PSYoungGen      total 777216K, used 736118K [0x000000076de00000, 0x00000007b5600000, 0x00000007c0000000)
  eden space 476672K, 100% used [0x000000076de00000,0x000000078af80000,0x000000078af80000)
  from space 300544K, 86% used [0x000000079f280000,0x00000007aefdd988,0x00000007b1800000)
  to   space 330752K, 0% used [0x000000078af80000,0x000000078af80000,0x000000079f280000)
 ParOldGen       total 314368K, used 249576K [0x00000006c9a00000, 0x00000006dcd00000, 0x000000076de00000)
  object space 314368K, 79% used [0x00000006c9a00000,0x00000006d8dba1e0,0x00000006dcd00000)
 Metaspace       used 9286K, capacity 9660K, committed 9984K, reserved 1058816K
  class space    used 941K, capacity 944K, committed 1024K, reserved 1048576K
Event: 37,531 GC heap after
Heap after GC invocations=24 (full 1):
 PSYoungGen      total 807424K, used 281947K [0x000000076de00000, 0x00000007b9900000, 0x00000007c0000000)
  eden space 476672K, 0% used [0x000000076de00000,0x000000076de00000,0x000000078af80000)
  from space 330752K, 85% used [0x000000078af80000,0x000000079c2d6eb8,0x000000079f280000)
  to   space 363008K, 0% used [0x00000007a3680000,0x00000007a3680000,0x00000007b9900000)
 ParOldGen       total 314368K, used 249576K [0x00000006c9a00000, 0x00000006dcd00000, 0x000000076de00000)
  object space 314368K, 79% used [0x00000006c9a00000,0x00000006d8dba1e0,0x00000006dcd00000)
 Metaspace       used 9286K, capacity 9660K, committed 9984K, reserved 1058816K
  class space    used 941K, capacity 944K, committed 1024K, reserved 1048576K
}
Event: 40,331 GC heap before
{Heap before GC invocations=25 (full 1):
 PSYoungGen      total 807424K, used 758619K [0x000000076de00000, 0x00000007b9900000, 0x00000007c0000000)
  eden space 476672K, 100% used [0x000000076de00000,0x000000078af80000,0x000000078af80000)
  from space 330752K, 85% used [0x000000078af80000,0x000000079c2d6eb8,0x000000079f280000)
  to   space 363008K, 0% used [0x00000007a3680000,0x00000007a3680000,0x00000007b9900000)
 ParOldGen       total 314368K, used 249576K [0x00000006c9a00000, 0x00000006dcd00000, 0x000000076de00000)
  object space 314368K, 79% used [0x00000006c9a00000,0x00000006d8dba1e0,0x00000006dcd00000)
 Metaspace       used 9286K, capacity 9660K, committed 9984K, reserved 1058816K
  class space    used 941K, capacity 944K, committed 1024K, reserved 1048576K
Event: 40,547 GC heap after
Heap after GC invocations=25 (full 1):
 PSYoungGen      total 846848K, used 294363K [0x000000076de00000, 0x00000007bd480000, 0x00000007c0000000)
  eden space 483840K, 0% used [0x000000076de00000,0x000000076de00000,0x000000078b680000)
  from space 363008K, 81% used [0x00000007a3680000,0x00000007b55f6eb8,0x00000007b9900000)
  to   space 393216K, 0% used [0x000000078b680000,0x000000078b680000,0x00000007a3680000)
 ParOldGen       total 314368K, used 260360K [0x00000006c9a00000, 0x00000006dcd00000, 0x000000076de00000)
  object space 314368K, 82% used [0x00000006c9a00000,0x00000006d98421e0,0x00000006dcd00000)
 Metaspace       used 9286K, capacity 9660K, committed 9984K, reserved 1058816K
  class space    used 941K, capacity 944K, committed 1024K, reserved 1048576K
}
Event: 42,702 GC heap before
{Heap before GC invocations=26 (full 1):
 PSYoungGen      total 846848K, used 778203K [0x000000076de00000, 0x00000007bd480000, 0x00000007c0000000)
  eden space 483840K, 100% used [0x000000076de00000,0x000000078b680000,0x000000078b680000)
  from space 363008K, 81% used [0x00000007a3680000,0x00000007b55f6eb8,0x00000007b9900000)
  to   space 393216K, 0% used [0x000000078b680000,0x000000078b680000,0x00000007a3680000)
 ParOldGen       total 314368K, used 260360K [0x00000006c9a00000, 0x00000006dcd00000, 0x000000076de00000)
  object space 314368K, 82% used [0x00000006c9a00000,0x00000006d98421e0,0x00000006dcd00000)
 Metaspace       used 9327K, capacity 9724K, committed 9984K, reserved 1058816K
  class space    used 941K, capacity 944K, committed 1024K, reserved 1048576K
Event: 42,910 GC heap after
Heap after GC invocations=26 (full 1):
 PSYoungGen      total 877056K, used 304331K [0x000000076de00000, 0x00000007c0000000, 0x00000007c0000000)
  eden space 483840K, 0% used [0x000000076de00000,0x000000076de00000,0x000000078b680000)
  from space 393216K, 77% used [0x000000078b680000,0x000000079dfb2eb8,0x00000007a3680000)
  to   space 419840K, 0% used [0x00000007a6600000,0x00000007a6600000,0x00000007c0000000)
 ParOldGen       total 314368K, used 272348K [0x00000006c9a00000, 0x00000006dcd00000, 0x000000076de00000)
  object space 314368K, 86% used [0x00000006c9a00000,0x00000006da3f7250,0x00000006dcd00000)
 Metaspace       used 9327K, capacity 9724K, committed 9984K, reserved 1058816K
  class space    used 941K, capacity 944K, committed 1024K, reserved 1048576K
}
Event: 44,483 GC heap before
{Heap before GC invocations=27 (full 1):
 PSYoungGen      total 877056K, used 788171K [0x000000076de00000, 0x00000007c0000000, 0x00000007c0000000)
  eden space 483840K, 100% used [0x000000076de00000,0x000000078b680000,0x000000078b680000)
  from space 393216K, 77% used [0x000000078b680000,0x000000079dfb2eb8,0x00000007a3680000)
  to   space 419840K, 0% used [0x00000007a6600000,0x00000007a6600000,0x00000007c0000000)
 ParOldGen       total 314368K, used 272348K [0x00000006c9a00000, 0x00000006dcd00000, 0x000000076de00000)
  object space 314368K, 86% used [0x00000006c9a00000,0x00000006da3f7250,0x00000006dcd00000)
 Metaspace       used 10223K, capacity 10428K, committed 10624K, reserved 1058816K
  class space    used 1112K, capacity 1136K, committed 1152K, reserved 1048576K
Event: 44,867 GC heap after
Heap after GC invocations=27 (full 1):
 PSYoungGen      total 887808K, used 299611K [0x000000076de00000, 0x00000007c0000000, 0x00000007c0000000)
  eden space 467968K, 0% used [0x000000076de00000,0x000000076de00000,0x000000078a700000)
  from space 419840K, 71% used [0x00000007a6600000,0x00000007b8a96ed8,0x00000007c0000000)
  to   space 438784K, 0% used [0x000000078a700000,0x000000078a700000,0x00000007a5380000)
 ParOldGen       total 314368K, used 286160K [0x00000006c9a00000, 0x00000006dcd00000, 0x000000076de00000)
  object space 314368K, 91% used [0x00000006c9a00000,0x00000006db174260,0x00000006dcd00000)
 Metaspace       used 10223K, capacity 10428K, committed 10624K, reserved 1058816K
  class space    used 1112K, capacity 1136K, committed 1152K, reserved 1048576K
}
Event: 44,867 GC heap before
{Heap before GC invocations=28 (full 2):
 PSYoungGen      total 887808K, used 299611K [0x000000076de00000, 0x00000007c0000000, 0x00000007c0000000)
  eden space 467968K, 0% used [0x000000076de00000,0x000000076de00000,0x000000078a700000)
  from space 419840K, 71% used [0x00000007a6600000,0x00000007b8a96ed8,0x00000007c0000000)
  to   space 438784K, 0% used [0x000000078a700000,0x000000078a700000,0x00000007a5380000)
 ParOldGen       total 314368K, used 286160K [0x00000006c9a00000, 0x00000006dcd00000, 0x000000076de00000)
  object space 314368K, 91% used [0x00000006c9a00000,0x00000006db174260,0x00000006dcd00000)
 Metaspace       used 10223K, capacity 10428K, committed 10624K, reserved 1058816K
  class space    used 1112K, capacity 1136K, committed 1152K, reserved 1048576K

