# JRE version: OpenJDK Runtime Environment (8.0_292-b10) (build 1.8.0_292-8u292-b10-0ubuntu1~16.04.1-b10)
# Java VM: OpenJDK 64-Bit Server VM (25.292-b10 mixed mode linux-amd64 compressed oops)
Heap:
 PSYoungGen      total 805376K, used 80108K [0x000000076de00000, 0x00000007b9900000, 0x00000007c0000000)
  eden space 416768K, 0% used [0x000000076de00000,0x000000076de00000,0x0000000787500000)
  from space 388608K, 20% used [0x0000000787500000,0x000000078c33b040,0x000000079f080000)
  to   space 397312K, 0% used [0x00000007a1500000,0x00000007a1500000,0x00000007b9900000)
 ParOldGen       total 316416K, used 316239K [0x00000006c9a00000, 0x00000006dcf00000, 0x000000076de00000)
  object space 316416K, 99% used [0x00000006c9a00000,0x00000006dced3ec8,0x00000006dcf00000)
 Metaspace       used 9373K, capacity 9756K, committed 9984K, reserved 1058816K
  class space    used 944K, capacity 976K, committed 1024K, reserved 1048576K
GC Heap History (10 events):
Event: 30,563 GC heap after
Heap after GC invocations=24 (full 1):
 PSYoungGen      total 721920K, used 247653K [0x000000076de00000, 0x00000007b1b00000, 0x00000007c0000000)
  eden space 401408K, 0% used [0x000000076de00000,0x000000076de00000,0x0000000786600000)
  from space 320512K, 77% used [0x0000000786600000,0x00000007957d96d8,0x0000000799f00000)
  to   space 342016K, 0% used [0x000000079cd00000,0x000000079cd00000,0x00000007b1b00000)
 ParOldGen       total 316416K, used 233145K [0x00000006c9a00000, 0x00000006dcf00000, 0x000000076de00000)
  object space 316416K, 73% used [0x00000006c9a00000,0x00000006d7dae440,0x00000006dcf00000)
 Metaspace       used 9256K, capacity 9660K, committed 9984K, reserved 1058816K
  class space    used 941K, capacity 944K, committed 1024K, reserved 1048576K
}
Event: 32,149 GC heap before
{Heap before GC invocations=25 (full 1):
 PSYoungGen      total 721920K, used 649061K [0x000000076de00000, 0x00000007b1b00000, 0x00000007c0000000)
  eden space 401408K, 100% used [0x000000076de00000,0x0000000786600000,0x0000000786600000)
  from space 320512K, 77% used [0x0000000786600000,0x00000007957d96d8,0x0000000799f00000)
  to   space 342016K, 0% used [0x000000079cd00000,0x000000079cd00000,0x00000007b1b00000)
 ParOldGen       total 316416K, used 233145K [0x00000006c9a00000, 0x00000006dcf00000, 0x000000076de00000)
  object space 316416K, 73% used [0x00000006c9a00000,0x00000006d7dae440,0x00000006dcf00000)
 Metaspace       used 9258K, capacity 9660K, committed 9984K, reserved 1058816K
  class space    used 941K, capacity 944K, committed 1024K, reserved 1048576K
Event: 32,287 GC heap after
Heap after GC invocations=25 (full 1):
 PSYoungGen      total 750080K, used 253221K [0x000000076de00000, 0x00000007b4180000, 0x00000007c0000000)
  eden space 408064K, 0% used [0x000000076de00000,0x000000076de00000,0x0000000786c80000)
  from space 342016K, 74% used [0x000000079cd00000,0x00000007ac449688,0x00000007b1b00000)
  to   space 360960K, 0% used [0x0000000786c80000,0x0000000786c80000,0x000000079cd00000)
 ParOldGen       total 316416K, used 244801K [0x00000006c9a00000, 0x00000006dcf00000, 0x000000076de00000)
  object space 316416K, 77% used [0x00000006c9a00000,0x00000006d8910460,0x00000006dcf00000)
 Metaspace       used 9258K, capacity 9660K, committed 9984K, reserved 1058816K
  class space    used 941K, capacity 944K, committed 1024K, reserved 1048576K
}
Event: 34,372 GC heap before
{Heap before GC invocations=26 (full 1):
 PSYoungGen      total 750080K, used 661285K [0x000000076de00000, 0x00000007b4180000, 0x00000007c0000000)
  eden space 408064K, 100% used [0x000000076de00000,0x0000000786c80000,0x0000000786c80000)
  from space 342016K, 74% used [0x000000079cd00000,0x00000007ac449688,0x00000007b1b00000)
  to   space 360960K, 0% used [0x0000000786c80000,0x0000000786c80000,0x000000079cd00000)
 ParOldGen       total 316416K, used 244801K [0x00000006c9a00000, 0x00000006dcf00000, 0x000000076de00000)
  object space 316416K, 77% used [0x00000006c9a00000,0x00000006d8910460,0x00000006dcf00000)
 Metaspace       used 9261K, capacity 9660K, committed 9984K, reserved 1058816K
  class space    used 941K, capacity 944K, committed 1024K, reserved 1048576K
Event: 34,547 GC heap after
Heap after GC invocations=26 (full 1):
 PSYoungGen      total 769024K, used 255317K [0x000000076de00000, 0x00000007b5f80000, 0x00000007c0000000)
  eden space 408064K, 0% used [0x000000076de00000,0x000000076de00000,0x0000000786c80000)
  from space 360960K, 70% used [0x0000000786c80000,0x00000007965d5688,0x000000079cd00000)
  to   space 375808K, 0% used [0x000000079f080000,0x000000079f080000,0x00000007b5f80000)
 ParOldGen       total 316416K, used 259517K [0x00000006c9a00000, 0x00000006dcf00000, 0x000000076de00000)
  object space 316416K, 82% used [0x00000006c9a00000,0x00000006d976f480,0x00000006dcf00000)
 Metaspace       used 9261K, capacity 9660K, committed 9984K, reserved 1058816K
  class space    used 941K, capacity 944K, committed 1024K, reserved 1048576K
}
Event: 36,401 GC heap before
{Heap before GC invocations=27 (full 1):
 PSYoungGen      total 769024K, used 663381K [0x000000076de00000, 0x00000007b5f80000, 0x00000007c0000000)
  eden space 408064K, 100% used [0x000000076de00000,0x0000000786c80000,0x0000000786c80000)
  from space 360960K, 70% used [0x0000000786c80000,0x00000007965d5688,0x000000079cd00000)
  to   space 375808K, 0% used [0x000000079f080000,0x000000079f080000,0x00000007b5f80000)
 ParOldGen       total 316416K, used 259517K [0x00000006c9a00000, 0x00000006dcf00000, 0x000000076de00000)
  object space 316416K, 82% used [0x00000006c9a00000,0x00000006d976f480,0x00000006dcf00000)
 Metaspace       used 9262K, capacity 9660K, committed 9984K, reserved 1058816K
  class space    used 941K, capacity 944K, committed 1024K, reserved 1048576K
Event: 36,621 GC heap after
Heap after GC invocations=27 (full 1):
 PSYoungGen      total 792576K, used 261717K [0x000000076de00000, 0x00000007b7b00000, 0x00000007c0000000)
  eden space 416768K, 0% used [0x000000076de00000,0x000000076de00000,0x0000000787500000)
  from space 375808K, 69% used [0x000000079f080000,0x00000007af015688,0x00000007b5f80000)
  to   space 388608K, 0% used [0x0000000787500000,0x0000000787500000,0x000000079f080000)
 ParOldGen       total 316416K, used 273125K [0x00000006c9a00000, 0x00000006dcf00000, 0x000000076de00000)
  object space 316416K, 86% used [0x00000006c9a00000,0x00000006da4b94a0,0x00000006dcf00000)
 Metaspace       used 9262K, capacity 9660K, committed 9984K, reserved 1058816K
  class space    used 941K, capacity 944K, committed 1024K, reserved 1048576K
}
Event: 38,650 GC heap before
{Heap before GC invocations=28 (full 1):
 PSYoungGen      total 792576K, used 678485K [0x000000076de00000, 0x00000007b7b00000, 0x00000007c0000000)
  eden space 416768K, 100% used [0x000000076de00000,0x0000000787500000,0x0000000787500000)
  from space 375808K, 69% used [0x000000079f080000,0x00000007af015688,0x00000007b5f80000)
  to   space 388608K, 0% used [0x0000000787500000,0x0000000787500000,0x000000079f080000)
 ParOldGen       total 316416K, used 273125K [0x00000006c9a00000, 0x00000006dcf00000, 0x000000076de00000)
  object space 316416K, 86% used [0x00000006c9a00000,0x00000006da4b94a0,0x00000006dcf00000)
 Metaspace       used 9373K, capacity 9756K, committed 9984K, reserved 1058816K
  class space    used 944K, capacity 976K, committed 1024K, reserved 1048576K
Event: 39,010 GC heap after
Heap after GC invocations=28 (full 1):
 PSYoungGen      total 805376K, used 259162K [0x000000076de00000, 0x00000007b9900000, 0x00000007c0000000)
  eden space 416768K, 0% used [0x000000076de00000,0x000000076de00000,0x0000000787500000)
  from space 388608K, 66% used [0x0000000787500000,0x0000000797216900,0x000000079f080000)
  to   space 397312K, 0% used [0x00000007a1500000,0x00000007a1500000,0x00000007b9900000)
 ParOldGen       total 316416K, used 286689K [0x00000006c9a00000, 0x00000006dcf00000, 0x000000076de00000)
  object space 316416K, 90% used [0x00000006c9a00000,0x00000006db1f84b0,0x00000006dcf00000)
 Metaspace       used 9373K, capacity 9756K, committed 9984K, reserved 1058816K
  class space    used 944K, capacity 976K, committed 1024K, reserved 1048576K
}
Event: 39,010 GC heap before
{Heap before GC invocations=29 (full 2):
 PSYoungGen      total 805376K, used 259162K [0x000000076de00000, 0x00000007b9900000, 0x00000007c0000000)
  eden space 416768K, 0% used [0x000000076de00000,0x000000076de00000,0x0000000787500000)
  from space 388608K, 66% used [0x0000000787500000,0x0000000797216900,0x000000079f080000)
  to   space 397312K, 0% used [0x00000007a1500000,0x00000007a1500000,0x00000007b9900000)
 ParOldGen       total 316416K, used 286689K [0x00000006c9a00000, 0x00000006dcf00000, 0x000000076de00000)
  object space 316416K, 90% used [0x00000006c9a00000,0x00000006db1f84b0,0x00000006dcf00000)
 Metaspace       used 9373K, capacity 9756K, committed 9984K, reserved 1058816K
  class space    used 944K, capacity 976K, committed 1024K, reserved 1048576K

