# JRE version: OpenJDK Runtime Environment (8.0_292-b10) (build 1.8.0_292-8u292-b10-0ubuntu1~16.04.1-b10)
# Java VM: OpenJDK 64-Bit Server VM (25.292-b10 mixed mode linux-amd64 compressed oops)
Heap:
 PSYoungGen      total 818688K, used 80499K [0x000000076de00000, 0x00000007ba480000, 0x00000007c0000000)
  eden space 425984K, 0% used [0x000000076de00000,0x000000076de00000,0x0000000787e00000)
  from space 392704K, 20% used [0x0000000787e00000,0x000000078cc9cf20,0x000000079fd80000)
  to   space 400896K, 0% used [0x00000007a1d00000,0x00000007a1d00000,0x00000007ba480000)
 ParOldGen       total 317440K, used 317051K [0x00000006c9a00000, 0x00000006dd000000, 0x000000076de00000)
  object space 317440K, 99% used [0x00000006c9a00000,0x00000006dcf9ee60,0x00000006dd000000)
 Metaspace       used 9375K, capacity 9756K, committed 9984K, reserved 1058816K
  class space    used 947K, capacity 976K, committed 1024K, reserved 1048576K
GC Heap History (10 events):
Event: 28,344 GC heap after
Heap after GC invocations=24 (full 1):
 PSYoungGen      total 729600K, used 249014K [0x000000076de00000, 0x00000007b2600000, 0x00000007c0000000)
  eden space 408576K, 0% used [0x000000076de00000,0x000000076de00000,0x0000000786d00000)
  from space 321024K, 77% used [0x0000000786d00000,0x000000079602d8c8,0x000000079a680000)
  to   space 343040K, 0% used [0x000000079d700000,0x000000079d700000,0x00000007b2600000)
 ParOldGen       total 317440K, used 236283K [0x00000006c9a00000, 0x00000006dd000000, 0x000000076de00000)
  object space 317440K, 74% used [0x00000006c9a00000,0x00000006d80beed8,0x00000006dd000000)
 Metaspace       used 9312K, capacity 9692K, committed 9984K, reserved 1058816K
  class space    used 943K, capacity 976K, committed 1024K, reserved 1048576K
}
Event: 30,132 GC heap before
{Heap before GC invocations=25 (full 1):
 PSYoungGen      total 729600K, used 657590K [0x000000076de00000, 0x00000007b2600000, 0x00000007c0000000)
  eden space 408576K, 100% used [0x000000076de00000,0x0000000786d00000,0x0000000786d00000)
  from space 321024K, 77% used [0x0000000786d00000,0x000000079602d8c8,0x000000079a680000)
  to   space 343040K, 0% used [0x000000079d700000,0x000000079d700000,0x00000007b2600000)
 ParOldGen       total 317440K, used 236283K [0x00000006c9a00000, 0x00000006dd000000, 0x000000076de00000)
  object space 317440K, 74% used [0x00000006c9a00000,0x00000006d80beed8,0x00000006dd000000)
 Metaspace       used 9312K, capacity 9692K, committed 9984K, reserved 1058816K
  class space    used 943K, capacity 976K, committed 1024K, reserved 1048576K
Event: 30,271 GC heap after
Heap after GC invocations=25 (full 1):
 PSYoungGen      total 759808K, used 255478K [0x000000076de00000, 0x00000007b4c80000, 0x00000007c0000000)
  eden space 416768K, 0% used [0x000000076de00000,0x000000076de00000,0x0000000787500000)
  from space 343040K, 74% used [0x000000079d700000,0x00000007ad07d8c8,0x00000007b2600000)
  to   space 362496K, 0% used [0x0000000787500000,0x0000000787500000,0x000000079d700000)
 ParOldGen       total 317440K, used 247823K [0x00000006c9a00000, 0x00000006dd000000, 0x000000076de00000)
  object space 317440K, 78% used [0x00000006c9a00000,0x00000006d8c03ee8,0x00000006dd000000)
 Metaspace       used 9312K, capacity 9692K, committed 9984K, reserved 1058816K
  class space    used 943K, capacity 976K, committed 1024K, reserved 1048576K
}
Event: 31,931 GC heap before
{Heap before GC invocations=26 (full 1):
 PSYoungGen      total 759808K, used 672246K [0x000000076de00000, 0x00000007b4c80000, 0x00000007c0000000)
  eden space 416768K, 100% used [0x000000076de00000,0x0000000787500000,0x0000000787500000)
  from space 343040K, 74% used [0x000000079d700000,0x00000007ad07d8c8,0x00000007b2600000)
  to   space 362496K, 0% used [0x0000000787500000,0x0000000787500000,0x000000079d700000)
 ParOldGen       total 317440K, used 247823K [0x00000006c9a00000, 0x00000006dd000000, 0x000000076de00000)
  object space 317440K, 78% used [0x00000006c9a00000,0x00000006d8c03ee8,0x00000006dd000000)
 Metaspace       used 9315K, capacity 9692K, committed 9984K, reserved 1058816K
  class space    used 943K, capacity 976K, committed 1024K, reserved 1048576K
Event: 32,085 GC heap after
Heap after GC invocations=26 (full 1):
 PSYoungGen      total 779264K, used 259574K [0x000000076de00000, 0x00000007b6f80000, 0x00000007c0000000)
  eden space 416768K, 0% used [0x000000076de00000,0x000000076de00000,0x0000000787500000)
  from space 362496K, 71% used [0x0000000787500000,0x000000079727d8b8,0x000000079d700000)
  to   space 378880K, 0% used [0x000000079fd80000,0x000000079fd80000,0x00000007b6f80000)
 ParOldGen       total 317440K, used 261899K [0x00000006c9a00000, 0x00000006dd000000, 0x000000076de00000)
  object space 317440K, 82% used [0x00000006c9a00000,0x00000006d99c2f08,0x00000006dd000000)
 Metaspace       used 9315K, capacity 9692K, committed 9984K, reserved 1058816K
  class space    used 943K, capacity 976K, committed 1024K, reserved 1048576K
}
Event: 34,189 GC heap before
{Heap before GC invocations=27 (full 1):
 PSYoungGen      total 779264K, used 676342K [0x000000076de00000, 0x00000007b6f80000, 0x00000007c0000000)
  eden space 416768K, 100% used [0x000000076de00000,0x0000000787500000,0x0000000787500000)
  from space 362496K, 71% used [0x0000000787500000,0x000000079727d8b8,0x000000079d700000)
  to   space 378880K, 0% used [0x000000079fd80000,0x000000079fd80000,0x00000007b6f80000)
 ParOldGen       total 317440K, used 261899K [0x00000006c9a00000, 0x00000006dd000000, 0x000000076de00000)
  object space 317440K, 82% used [0x00000006c9a00000,0x00000006d99c2f08,0x00000006dd000000)
 Metaspace       used 9316K, capacity 9692K, committed 9984K, reserved 1058816K
  class space    used 943K, capacity 976K, committed 1024K, reserved 1048576K
Event: 34,344 GC heap after
Heap after GC invocations=27 (full 1):
 PSYoungGen      total 804864K, used 265526K [0x000000076de00000, 0x00000007b8a00000, 0x00000007c0000000)
  eden space 425984K, 0% used [0x000000076de00000,0x000000076de00000,0x0000000787e00000)
  from space 378880K, 70% used [0x000000079fd80000,0x00000007b00cd898,0x00000007b6f80000)
  to   space 392704K, 0% used [0x0000000787e00000,0x0000000787e00000,0x000000079fd80000)
 ParOldGen       total 317440K, used 275963K [0x00000006c9a00000, 0x00000006dd000000, 0x000000076de00000)
  object space 317440K, 86% used [0x00000006c9a00000,0x00000006da77ef78,0x00000006dd000000)
 Metaspace       used 9316K, capacity 9692K, committed 9984K, reserved 1058816K
  class space    used 943K, capacity 976K, committed 1024K, reserved 1048576K
}
Event: 35,743 GC heap before
{Heap before GC invocations=28 (full 1):
 PSYoungGen      total 804864K, used 691510K [0x000000076de00000, 0x00000007b8a00000, 0x00000007c0000000)
  eden space 425984K, 100% used [0x000000076de00000,0x0000000787e00000,0x0000000787e00000)
  from space 378880K, 70% used [0x000000079fd80000,0x00000007b00cd898,0x00000007b6f80000)
  to   space 392704K, 0% used [0x0000000787e00000,0x0000000787e00000,0x000000079fd80000)
 ParOldGen       total 317440K, used 275963K [0x00000006c9a00000, 0x00000006dd000000, 0x000000076de00000)
  object space 317440K, 86% used [0x00000006c9a00000,0x00000006da77ef78,0x00000006dd000000)
 Metaspace       used 9375K, capacity 9756K, committed 9984K, reserved 1058816K
  class space    used 947K, capacity 976K, committed 1024K, reserved 1048576K
Event: 35,866 GC heap after
Heap after GC invocations=28 (full 1):
 PSYoungGen      total 818688K, used 259962K [0x000000076de00000, 0x00000007ba480000, 0x00000007c0000000)
  eden space 425984K, 0% used [0x000000076de00000,0x000000076de00000,0x0000000787e00000)
  from space 392704K, 66% used [0x0000000787e00000,0x0000000797bdeb10,0x000000079fd80000)
  to   space 400896K, 0% used [0x00000007a1d00000,0x00000007a1d00000,0x00000007ba480000)
 ParOldGen       total 317440K, used 289095K [0x00000006c9a00000, 0x00000006dd000000, 0x000000076de00000)
  object space 317440K, 91% used [0x00000006c9a00000,0x00000006db451f88,0x00000006dd000000)
 Metaspace       used 9375K, capacity 9756K, committed 9984K, reserved 1058816K
  class space    used 947K, capacity 976K, committed 1024K, reserved 1048576K
}
Event: 35,867 GC heap before
{Heap before GC invocations=29 (full 2):
 PSYoungGen      total 818688K, used 259962K [0x000000076de00000, 0x00000007ba480000, 0x00000007c0000000)
  eden space 425984K, 0% used [0x000000076de00000,0x000000076de00000,0x0000000787e00000)
  from space 392704K, 66% used [0x0000000787e00000,0x0000000797bdeb10,0x000000079fd80000)
  to   space 400896K, 0% used [0x00000007a1d00000,0x00000007a1d00000,0x00000007ba480000)
 ParOldGen       total 317440K, used 289095K [0x00000006c9a00000, 0x00000006dd000000, 0x000000076de00000)
  object space 317440K, 91% used [0x00000006c9a00000,0x00000006db451f88,0x00000006dd000000)
 Metaspace       used 9375K, capacity 9756K, committed 9984K, reserved 1058816K
  class space    used 947K, capacity 976K, committed 1024K, reserved 1048576K

